#
# There is insufficient memory for the Java Runtime Environment to continue.
# Native memory allocation (malloc) failed to allocate 1497776 bytes for Chunk::new
# Possible reasons:
#   The system is out of physical RAM or swap space
#   The process is running with CompressedOops enabled, and the Java Heap may be blocking the growth of the native heap
# Possible solutions:
#   Reduce memory load on the system
#   Increase physical memory or swap space
#   Check if swap backing store is full
#   Decrease Java heap size (-Xmx/-Xms)
#   Decrease number of Java threads
#   Decrease Java thread stack sizes (-Xss)
#   Set larger code cache with -XX:ReservedCodeCacheSize=
#   JVM is running with Unscaled Compressed Oops mode in which the Java heap is
#     placed in the first 4GB address space. The Java Heap base address is the
#     maximum limit for the native heap growth. Please use -XX:HeapBaseMinAddress
#     to set the Java Heap base and to place the Java Heap above 4GB virtual address.
# This output file may be truncated or incomplete.
#
#  Out of Memory Error (t:/workspace/open/src/hotspot/share/memory/arena.cpp:197), pid=1480, tid=8540
#
# JRE version: OpenJDK Runtime Environment (11.0.2+9) (build 11.0.2+9)
# Java VM: OpenJDK 64-Bit Server VM (11.0.2+9, mixed mode, tiered, compressed oops, g1 gc, windows-amd64)
# No core dump will be written. Minidumps are not enabled by default on client versions of Windows
#

---------------  S U M M A R Y ------------

Command Line: -Dfile.encoding=UTF-8 br.com.easybank.EasybankApplication

Host: Intel(R) Core(TM) i5-7200U CPU @ 2.50GHz, 4 cores, 7G,  Windows 10 , 64 bit Build 19041 (10.0.19041.804)
Time: Fri Mar 19 21:48:34 2021 Hora oficial do Brasil elapsed time: 7 seconds (0d 0h 0m 7s)

---------------  T H R E A D  ---------------

Current thread (0x000002cb54748000):  JavaThread "C2 CompilerThread0" daemon [_thread_in_native, id=8540, stack(0x000000e8b5d00000,0x000000e8b5e00000)]


Current CompileTask:
C2:   7548 4190       4       org.springframework.core.ResolvableType::as (86 bytes)

Stack: [0x000000e8b5d00000,0x000000e8b5e00000]
Native frames: (J=compiled Java code, j=interpreted, Vv=VM code, C=native code)
V  [jvm.dll+0x63489a]
V  [jvm.dll+0x771f9f]
V  [jvm.dll+0x773648]
V  [jvm.dll+0x773d03]
V  [jvm.dll+0x25eba8]
V  [jvm.dll+0xc2191]
V  [jvm.dll+0xc271c]
V  [jvm.dll+0x36cc02]
V  [jvm.dll+0x339b13]
V  [jvm.dll+0x338eea]
V  [jvm.dll+0x2189c5]
V  [jvm.dll+0x217b6a]
V  [jvm.dll+0x194370]
V  [jvm.dll+0x226b3f]
V  [jvm.dll+0x225148]
V  [jvm.dll+0x73774d]
V  [jvm.dll+0x633942]
C  [ucrtbase.dll+0x21bb2]
C  [KERNEL32.DLL+0x17034]
C  [ntdll.dll+0x52651]


---------------  P R O C E S S  ---------------

Threads class SMR info:
_java_thread_list=0x000002cb5a37b950, length=20, elements={
0x000002cb35beb800, 0x000002cb54726000, 0x000002cb54731000, 0x000002cb550c2800,
0x000002cb5473e000, 0x000002cb54748000, 0x000002cb5474e800, 0x000002cb54754000,
0x000002cb55212800, 0x000002cb55217800, 0x000002cb55e87800, 0x000002cb55e88800,
0x000002cb59ffb000, 0x000002cb5687a000, 0x000002cb5a10c000, 0x000002cb5a0c1800,
0x000002cb55866000, 0x000002cb57ea4000, 0x000002cb55a80000, 0x000002cb58477800
}

Java Threads: ( => current thread )
  0x000002cb35beb800 JavaThread "main" [_thread_blocked, id=2012, stack(0x000000e8b5200000,0x000000e8b5300000)]
  0x000002cb54726000 JavaThread "Reference Handler" daemon [_thread_blocked, id=7608, stack(0x000000e8b5900000,0x000000e8b5a00000)]
  0x000002cb54731000 JavaThread "Finalizer" daemon [_thread_blocked, id=10356, stack(0x000000e8b5a00000,0x000000e8b5b00000)]
  0x000002cb550c2800 JavaThread "Signal Dispatcher" daemon [_thread_blocked, id=7364, stack(0x000000e8b5b00000,0x000000e8b5c00000)]
  0x000002cb5473e000 JavaThread "Attach Listener" daemon [_thread_blocked, id=5712, stack(0x000000e8b5c00000,0x000000e8b5d00000)]
=>0x000002cb54748000 JavaThread "C2 CompilerThread0" daemon [_thread_in_native, id=8540, stack(0x000000e8b5d00000,0x000000e8b5e00000)]
  0x000002cb5474e800 JavaThread "C1 CompilerThread0" daemon [_thread_blocked, id=4576, stack(0x000000e8b5e00000,0x000000e8b5f00000)]
  0x000002cb54754000 JavaThread "Sweeper thread" daemon [_thread_blocked, id=7968, stack(0x000000e8b5f00000,0x000000e8b6000000)]
  0x000002cb55212800 JavaThread "Service Thread" daemon [_thread_blocked, id=8856, stack(0x000000e8b6000000,0x000000e8b6100000)]
  0x000002cb55217800 JavaThread "Common-Cleaner" daemon [_thread_blocked, id=11296, stack(0x000000e8b6200000,0x000000e8b6300000)]
  0x000002cb55e87800 JavaThread "Thread-0" [_thread_blocked, id=7720, stack(0x000000e8b6600000,0x000000e8b6700000)]
  0x000002cb55e88800 JavaThread "restartedMain" [_thread_blocked, id=3140, stack(0x000000e8b6700000,0x000000e8b6800000)]
  0x000002cb59ffb000 JavaThread "Catalina-utility-1" [_thread_blocked, id=2312, stack(0x000000e8b6800000,0x000000e8b6900000)]
  0x000002cb5687a000 JavaThread "Catalina-utility-2" [_thread_blocked, id=9616, stack(0x000000e8b6a00000,0x000000e8b6b00000)]
  0x000002cb5a10c000 JavaThread "container-0" [_thread_blocked, id=12280, stack(0x000000e8b6b00000,0x000000e8b6c00000)]
  0x000002cb5a0c1800 JavaThread "mysql-cj-abandoned-connection-cleanup" daemon [_thread_blocked, id=9116, stack(0x000000e8b6c00000,0x000000e8b6d00000)]
  0x000002cb55866000 JavaThread "HikariPool-1 housekeeper" daemon [_thread_blocked, id=1616, stack(0x000000e8b6e00000,0x000000e8b6f00000)]
  0x000002cb57ea4000 JavaThread "HikariPool-1 connection adder" daemon [_thread_blocked, id=8944, stack(0x000000e8b6f00000,0x000000e8b7000000)]
  0x000002cb55a80000 JavaThread "C2 CompilerThread1" daemon [_thread_in_native, id=2512, stack(0x000000e8b6300000,0x000000e8b6400000)]
  0x000002cb58477800 JavaThread "Live Reload Server" daemon [_thread_in_native, id=7424, stack(0x000000e8b7100000,0x000000e8b7200000)]

Other Threads:
  0x000002cb54701000 VMThread "VM Thread" [stack: 0x000000e8b5800000,0x000000e8b5900000] [id=10756]
  0x000002cb55227000 WatcherThread [stack: 0x000000e8b6100000,0x000000e8b6200000] [id=5136]
  0x000002cb35c00800 GCTaskThread "GC Thread#0" [stack: 0x000000e8b5300000,0x000000e8b5400000] [id=2380]
  0x000002cb55a08000 GCTaskThread "GC Thread#1" [stack: 0x000000e8b6400000,0x000000e8b6500000] [id=7020]
  0x000002cb55e50800 GCTaskThread "GC Thread#2" [stack: 0x000000e8b6500000,0x000000e8b6600000] [id=8220]
  0x000002cb55fb2000 GCTaskThread "GC Thread#3" [stack: 0x000000e8b6900000,0x000000e8b6a00000] [id=6332]
  0x000002cb35c32800 ConcurrentGCThread "G1 Main Marker" [stack: 0x000000e8b5400000,0x000000e8b5500000] [id=6732]
  0x000002cb35c34000 ConcurrentGCThread "G1 Conc#0" [stack: 0x000000e8b5500000,0x000000e8b5600000] [id=8016]
  0x000002cb35cc8800 ConcurrentGCThread "G1 Refine#0" [stack: 0x000000e8b5600000,0x000000e8b5700000] [id=1964]
  0x000002cb35ccb000 ConcurrentGCThread "G1 Young RemSet Sampling" [stack: 0x000000e8b5700000,0x000000e8b5800000] [id=8432]

Threads with active compile tasks:
C2 CompilerThread04190       4       org.springframework.core.ResolvableType::as (86 bytes)
C2 CompilerThread14192       4       org.springframework.boot.context.properties.source.SystemEnvironmentPropertyMapper$$Lambda$101/0x0000000100152440::test (16 bytes)

VM state:at safepoint (normal execution)

VM Mutex/Monitor currently owned by a thread:  ([mutex/lock_event])
[0x000002cb35be9a00] Threads_lock - owner thread: 0x000002cb54701000
[0x000002cb35bea810] Heap_lock - owner thread: 0x000002cb55e88800

Heap address: 0x0000000081e00000, size: 2018 MB, Compressed Oops mode: 32-bit
Narrow klass base: 0x0000000000000000, Narrow klass shift: 3
Compressed class space size: 1073741824 Address: 0x0000000100000000

Heap:
 garbage-first heap   total 189440K, used 21458K [0x0000000081e00000, 0x0000000100000000)
  region size 1024K, 7 young (7168K), 7 survivors (7168K)
 Metaspace       used 56575K, capacity 57818K, committed 57980K, reserved 1105920K
  class space    used 7229K, capacity 7701K, committed 7808K, reserved 1048576K
Heap Regions: E=young(eden), S=young(survivor), O=old, HS=humongous(starts), HC=humongous(continues), CS=collection set, F=free, A=archive, TAMS=top-at-mark-start (previous, next)
|   0|0x0000000081e00000, 0x0000000081f00000, 0x0000000081f00000|100%|HS|  |TAMS 0x0000000081f00000, 0x0000000081f00000| Complete 
|   1|0x0000000081f00000, 0x0000000082000000, 0x0000000082000000|100%| O|  |TAMS 0x0000000082000000, 0x0000000082000000| Untracked 
|   2|0x0000000082000000, 0x0000000082100000, 0x0000000082100000|100%| O|  |TAMS 0x0000000082100000, 0x0000000082100000| Untracked 
|   3|0x0000000082100000, 0x0000000082200000, 0x0000000082200000|100%| O|  |TAMS 0x0000000082200000, 0x0000000082200000| Untracked 
|   4|0x0000000082200000, 0x0000000082300000, 0x0000000082300000|100%| O|  |TAMS 0x0000000082300000, 0x0000000082300000| Untracked 
|   5|0x0000000082300000, 0x0000000082400000, 0x0000000082400000|100%| O|  |TAMS 0x0000000082400000, 0x0000000082400000| Untracked 
|   6|0x0000000082400000, 0x0000000082500000, 0x0000000082500000|100%| O|  |TAMS 0x0000000082500000, 0x0000000082500000| Untracked 
|   7|0x0000000082500000, 0x0000000082600000, 0x0000000082600000|100%| O|  |TAMS 0x0000000082600000, 0x0000000082600000| Untracked 
|   8|0x0000000082600000, 0x0000000082700000, 0x0000000082700000|100%| O|  |TAMS 0x000000008261c600, 0x0000000082700000| Untracked 
|   9|0x0000000082700000, 0x0000000082800000, 0x0000000082800000|100%| O|  |TAMS 0x0000000082700000, 0x0000000082800000| Untracked 
|  10|0x0000000082800000, 0x0000000082900000, 0x0000000082900000|100%| O|  |TAMS 0x0000000082800000, 0x0000000082900000| Untracked 
|  11|0x0000000082900000, 0x0000000082a00000, 0x0000000082a00000|100%| O|  |TAMS 0x0000000082900000, 0x0000000082a00000| Untracked 
|  12|0x0000000082a00000, 0x0000000082b00000, 0x0000000082b00000|100%| O|  |TAMS 0x0000000082a00000, 0x0000000082b00000| Untracked 
|  13|0x0000000082b00000, 0x0000000082c00000, 0x0000000082c00000|100%| O|  |TAMS 0x0000000082b00000, 0x0000000082c00000| Untracked 
|  14|0x0000000082c00000, 0x0000000082c17a00, 0x0000000082d00000|  9%| O|  |TAMS 0x0000000082c00000, 0x0000000082c17a00| Untracked 
|  15|0x0000000082d00000, 0x0000000082d00000, 0x0000000082e00000|  0%| F|  |TAMS 0x0000000082d00000, 0x0000000082d00000| Untracked 
|  16|0x0000000082e00000, 0x0000000082e00000, 0x0000000082f00000|  0%| F|  |TAMS 0x0000000082e00000, 0x0000000082e00000| Untracked 
|  17|0x0000000082f00000, 0x0000000082f00000, 0x0000000083000000|  0%| F|  |TAMS 0x0000000082f00000, 0x0000000082f00000| Untracked 
|  18|0x0000000083000000, 0x0000000083000000, 0x0000000083100000|  0%| F|  |TAMS 0x0000000083000000, 0x0000000083000000| Untracked 
|  19|0x0000000083100000, 0x0000000083100000, 0x0000000083200000|  0%| F|  |TAMS 0x0000000083100000, 0x0000000083100000| Untracked 
|  20|0x0000000083200000, 0x0000000083200000, 0x0000000083300000|  0%| F|  |TAMS 0x0000000083200000, 0x0000000083200000| Untracked 
|  21|0x0000000083300000, 0x0000000083300000, 0x0000000083400000|  0%| F|  |TAMS 0x0000000083300000, 0x0000000083300000| Untracked 
|  22|0x0000000083400000, 0x0000000083400000, 0x0000000083500000|  0%| F|  |TAMS 0x0000000083400000, 0x0000000083400000| Untracked 
|  23|0x0000000083500000, 0x0000000083500000, 0x0000000083600000|  0%| F|  |TAMS 0x0000000083500000, 0x0000000083500000| Untracked 
|  24|0x0000000083600000, 0x0000000083600000, 0x0000000083700000|  0%| F|  |TAMS 0x0000000083600000, 0x0000000083600000| Untracked 
|  25|0x0000000083700000, 0x0000000083700000, 0x0000000083800000|  0%| F|  |TAMS 0x0000000083700000, 0x0000000083700000| Untracked 
|  26|0x0000000083800000, 0x0000000083800000, 0x0000000083900000|  0%| F|  |TAMS 0x0000000083800000, 0x0000000083800000| Untracked 
|  27|0x0000000083900000, 0x0000000083900000, 0x0000000083a00000|  0%| F|  |TAMS 0x0000000083900000, 0x0000000083900000| Untracked 
|  28|0x0000000083a00000, 0x0000000083a00000, 0x0000000083b00000|  0%| F|  |TAMS 0x0000000083a00000, 0x0000000083a00000| Untracked 
|  29|0x0000000083b00000, 0x0000000083b00000, 0x0000000083c00000|  0%| F|  |TAMS 0x0000000083b00000, 0x0000000083b00000| Untracked 
|  30|0x0000000083c00000, 0x0000000083c00000, 0x0000000083d00000|  0%| F|  |TAMS 0x0000000083c00000, 0x0000000083c00000| Untracked 
|  31|0x0000000083d00000, 0x0000000083d00000, 0x0000000083e00000|  0%| F|  |TAMS 0x0000000083d00000, 0x0000000083d00000| Untracked 
|  32|0x0000000083e00000, 0x0000000083e00000, 0x0000000083f00000|  0%| F|  |TAMS 0x0000000083e00000, 0x0000000083e00000| Untracked 
|  33|0x0000000083f00000, 0x0000000083f00000, 0x0000000084000000|  0%| F|  |TAMS 0x0000000083f00000, 0x0000000083f00000| Untracked 
|  34|0x0000000084000000, 0x0000000084000000, 0x0000000084100000|  0%| F|  |TAMS 0x0000000084000000, 0x0000000084000000| Untracked 
|  35|0x0000000084100000, 0x0000000084100000, 0x0000000084200000|  0%| F|  |TAMS 0x0000000084100000, 0x0000000084100000| Untracked 
|  36|0x0000000084200000, 0x0000000084200000, 0x0000000084300000|  0%| F|  |TAMS 0x0000000084200000, 0x0000000084200000| Untracked 
|  37|0x0000000084300000, 0x0000000084300000, 0x0000000084400000|  0%| F|  |TAMS 0x0000000084300000, 0x0000000084300000| Untracked 
|  38|0x0000000084400000, 0x0000000084400000, 0x0000000084500000|  0%| F|  |TAMS 0x0000000084400000, 0x0000000084400000| Untracked 
|  39|0x0000000084500000, 0x0000000084500000, 0x0000000084600000|  0%| F|  |TAMS 0x0000000084500000, 0x0000000084500000| Untracked 
|  40|0x0000000084600000, 0x0000000084600000, 0x0000000084700000|  0%| F|  |TAMS 0x0000000084600000, 0x0000000084600000| Untracked 
|  41|0x0000000084700000, 0x0000000084700000, 0x0000000084800000|  0%| F|  |TAMS 0x0000000084700000, 0x0000000084700000| Untracked 
|  42|0x0000000084800000, 0x0000000084800000, 0x0000000084900000|  0%| F|  |TAMS 0x0000000084800000, 0x0000000084800000| Untracked 
|  43|0x0000000084900000, 0x0000000084900000, 0x0000000084a00000|  0%| F|  |TAMS 0x0000000084900000, 0x0000000084900000| Untracked 
|  44|0x0000000084a00000, 0x0000000084a00000, 0x0000000084b00000|  0%| F|  |TAMS 0x0000000084a00000, 0x0000000084a00000| Untracked 
|  45|0x0000000084b00000, 0x0000000084b00000, 0x0000000084c00000|  0%| F|  |TAMS 0x0000000084b00000, 0x0000000084b00000| Untracked 
|  46|0x0000000084c00000, 0x0000000084c00000, 0x0000000084d00000|  0%| F|  |TAMS 0x0000000084c00000, 0x0000000084c00000| Untracked 
|  47|0x0000000084d00000, 0x0000000084d00000, 0x0000000084e00000|  0%| F|  |TAMS 0x0000000084d00000, 0x0000000084d00000| Untracked 
|  48|0x0000000084e00000, 0x0000000084e00000, 0x0000000084f00000|  0%| F|  |TAMS 0x0000000084e00000, 0x0000000084e00000| Untracked 
|  49|0x0000000084f00000, 0x0000000084f00000, 0x0000000085000000|  0%| F|  |TAMS 0x0000000084f00000, 0x0000000084f00000| Untracked 
|  50|0x0000000085000000, 0x0000000085000000, 0x0000000085100000|  0%| F|  |TAMS 0x0000000085000000, 0x0000000085000000| Untracked 
|  51|0x0000000085100000, 0x0000000085100000, 0x0000000085200000|  0%| F|  |TAMS 0x0000000085100000, 0x0000000085100000| Untracked 
|  52|0x0000000085200000, 0x0000000085200000, 0x0000000085300000|  0%| F|  |TAMS 0x0000000085200000, 0x0000000085200000| Untracked 
|  53|0x0000000085300000, 0x0000000085300000, 0x0000000085400000|  0%| F|  |TAMS 0x0000000085300000, 0x0000000085300000| Untracked 
|  54|0x0000000085400000, 0x0000000085400000, 0x0000000085500000|  0%| F|  |TAMS 0x0000000085400000, 0x0000000085400000| Untracked 
|  55|0x0000000085500000, 0x0000000085500000, 0x0000000085600000|  0%| F|  |TAMS 0x0000000085500000, 0x0000000085500000| Untracked 
|  56|0x0000000085600000, 0x0000000085600000, 0x0000000085700000|  0%| F|  |TAMS 0x0000000085600000, 0x0000000085600000| Untracked 
|  57|0x0000000085700000, 0x0000000085700000, 0x0000000085800000|  0%| F|  |TAMS 0x0000000085700000, 0x0000000085700000| Untracked 
|  58|0x0000000085800000, 0x0000000085800000, 0x0000000085900000|  0%| F|  |TAMS 0x0000000085800000, 0x0000000085800000| Untracked 
|  59|0x0000000085900000, 0x0000000085900000, 0x0000000085a00000|  0%| F|  |TAMS 0x0000000085900000, 0x0000000085900000| Untracked 
|  60|0x0000000085a00000, 0x0000000085a00000, 0x0000000085b00000|  0%| F|  |TAMS 0x0000000085a00000, 0x0000000085a00000| Untracked 
|  61|0x0000000085b00000, 0x0000000085b00000, 0x0000000085c00000|  0%| F|  |TAMS 0x0000000085b00000, 0x0000000085b00000| Untracked 
|  62|0x0000000085c00000, 0x0000000085c00000, 0x0000000085d00000|  0%| F|  |TAMS 0x0000000085c00000, 0x0000000085c00000| Untracked 
|  63|0x0000000085d00000, 0x0000000085d00000, 0x0000000085e00000|  0%| F|  |TAMS 0x0000000085d00000, 0x0000000085d00000| Untracked 
|  64|0x0000000085e00000, 0x0000000085e00000, 0x0000000085f00000|  0%| F|  |TAMS 0x0000000085e00000, 0x0000000085e00000| Untracked 
|  65|0x0000000085f00000, 0x0000000085f00000, 0x0000000086000000|  0%| F|  |TAMS 0x0000000085f00000, 0x0000000085f00000| Untracked 
|  66|0x0000000086000000, 0x0000000086000000, 0x0000000086100000|  0%| F|  |TAMS 0x0000000086000000, 0x0000000086000000| Untracked 
|  67|0x0000000086100000, 0x0000000086100000, 0x0000000086200000|  0%| F|  |TAMS 0x0000000086100000, 0x0000000086100000| Untracked 
|  68|0x0000000086200000, 0x0000000086200000, 0x0000000086300000|  0%| F|  |TAMS 0x0000000086200000, 0x0000000086200000| Untracked 
|  69|0x0000000086300000, 0x0000000086300000, 0x0000000086400000|  0%| F|  |TAMS 0x0000000086300000, 0x0000000086300000| Untracked 
|  70|0x0000000086400000, 0x0000000086400000, 0x0000000086500000|  0%| F|  |TAMS 0x0000000086400000, 0x0000000086400000| Untracked 
|  71|0x0000000086500000, 0x0000000086500000, 0x0000000086600000|  0%| F|  |TAMS 0x0000000086500000, 0x0000000086500000| Untracked 
|  72|0x0000000086600000, 0x0000000086600000, 0x0000000086700000|  0%| F|  |TAMS 0x0000000086600000, 0x0000000086600000| Untracked 
|  73|0x0000000086700000, 0x0000000086700000, 0x0000000086800000|  0%| F|  |TAMS 0x0000000086700000, 0x0000000086700000| Untracked 
|  74|0x0000000086800000, 0x0000000086800000, 0x0000000086900000|  0%| F|  |TAMS 0x0000000086800000, 0x0000000086800000| Untracked 
|  75|0x0000000086900000, 0x0000000086900000, 0x0000000086a00000|  0%| F|  |TAMS 0x0000000086900000, 0x0000000086900000| Untracked 
|  76|0x0000000086a00000, 0x0000000086a00000, 0x0000000086b00000|  0%| F|  |TAMS 0x0000000086a00000, 0x0000000086a00000| Untracked 
|  77|0x0000000086b00000, 0x0000000086b00000, 0x0000000086c00000|  0%| F|  |TAMS 0x0000000086b00000, 0x0000000086b00000| Untracked 
|  78|0x0000000086c00000, 0x0000000086c00000, 0x0000000086d00000|  0%| F|  |TAMS 0x0000000086c00000, 0x0000000086c00000| Untracked 
|  79|0x0000000086d00000, 0x0000000086d00000, 0x0000000086e00000|  0%| F|  |TAMS 0x0000000086d00000, 0x0000000086d00000| Untracked 
|  80|0x0000000086e00000, 0x0000000086e00000, 0x0000000086f00000|  0%| F|  |TAMS 0x0000000086e00000, 0x0000000086e00000| Untracked 
|  81|0x0000000086f00000, 0x0000000086f00000, 0x0000000087000000|  0%| F|  |TAMS 0x0000000086f00000, 0x0000000086f00000| Untracked 
|  82|0x0000000087000000, 0x0000000087000000, 0x0000000087100000|  0%| F|  |TAMS 0x0000000087000000, 0x0000000087000000| Untracked 
|  83|0x0000000087100000, 0x0000000087100000, 0x0000000087200000|  0%| F|  |TAMS 0x0000000087100000, 0x0000000087100000| Untracked 
|  84|0x0000000087200000, 0x0000000087200000, 0x0000000087300000|  0%| F|  |TAMS 0x0000000087200000, 0x0000000087200000| Untracked 
|  85|0x0000000087300000, 0x0000000087300000, 0x0000000087400000|  0%| F|  |TAMS 0x0000000087300000, 0x0000000087300000| Untracked 
|  86|0x0000000087400000, 0x0000000087400000, 0x0000000087500000|  0%| F|  |TAMS 0x0000000087400000, 0x0000000087400000| Untracked 
|  87|0x0000000087500000, 0x0000000087500000, 0x0000000087600000|  0%| F|  |TAMS 0x0000000087500000, 0x0000000087500000| Untracked 
|  88|0x0000000087600000, 0x0000000087600000, 0x0000000087700000|  0%| F|  |TAMS 0x0000000087600000, 0x0000000087600000| Untracked 
|  89|0x0000000087700000, 0x0000000087700000, 0x0000000087800000|  0%| F|  |TAMS 0x0000000087700000, 0x0000000087700000| Untracked 
|  90|0x0000000087800000, 0x0000000087800000, 0x0000000087900000|  0%| F|  |TAMS 0x0000000087800000, 0x0000000087800000| Untracked 
|  91|0x0000000087900000, 0x0000000087900000, 0x0000000087a00000|  0%| F|  |TAMS 0x0000000087900000, 0x0000000087900000| Untracked 
|  92|0x0000000087a00000, 0x0000000087a00000, 0x0000000087b00000|  0%| F|  |TAMS 0x0000000087a00000, 0x0000000087a00000| Untracked 
|  93|0x0000000087b00000, 0x0000000087b00000, 0x0000000087c00000|  0%| F|  |TAMS 0x0000000087b00000, 0x0000000087b00000| Untracked 
|  94|0x0000000087c00000, 0x0000000087c00000, 0x0000000087d00000|  0%| F|  |TAMS 0x0000000087c00000, 0x0000000087c00000| Untracked 
|  95|0x0000000087d00000, 0x0000000087d00000, 0x0000000087e00000|  0%| F|  |TAMS 0x0000000087d00000, 0x0000000087d00000| Untracked 
|  96|0x0000000087e00000, 0x0000000087e00000, 0x0000000087f00000|  0%| F|  |TAMS 0x0000000087e00000, 0x0000000087e00000| Untracked 
|  97|0x0000000087f00000, 0x0000000087f00000, 0x0000000088000000|  0%| F|  |TAMS 0x0000000087f00000, 0x0000000087f00000| Untracked 
|  98|0x0000000088000000, 0x0000000088000000, 0x0000000088100000|  0%| F|  |TAMS 0x0000000088000000, 0x0000000088000000| Untracked 
|  99|0x0000000088100000, 0x0000000088100000, 0x0000000088200000|  0%| F|  |TAMS 0x0000000088100000, 0x0000000088100000| Untracked 
| 100|0x0000000088200000, 0x0000000088200000, 0x0000000088300000|  0%| F|  |TAMS 0x0000000088200000, 0x0000000088200000| Untracked 
| 101|0x0000000088300000, 0x0000000088300000, 0x0000000088400000|  0%| F|  |TAMS 0x0000000088300000, 0x0000000088300000| Untracked 
| 102|0x0000000088400000, 0x0000000088400000, 0x0000000088500000|  0%| F|  |TAMS 0x0000000088400000, 0x0000000088400000| Untracked 
| 103|0x0000000088500000, 0x0000000088500000, 0x0000000088600000|  0%| F|  |TAMS 0x0000000088500000, 0x0000000088500000| Untracked 
| 104|0x0000000088600000, 0x0000000088600000, 0x0000000088700000|  0%| F|  |TAMS 0x0000000088600000, 0x0000000088600000| Untracked 
| 105|0x0000000088700000, 0x0000000088700000, 0x0000000088800000|  0%| F|  |TAMS 0x0000000088700000, 0x0000000088700000| Untracked 
| 106|0x0000000088800000, 0x0000000088800000, 0x0000000088900000|  0%| F|  |TAMS 0x0000000088800000, 0x0000000088800000| Untracked 
| 107|0x0000000088900000, 0x0000000088900000, 0x0000000088a00000|  0%| F|  |TAMS 0x0000000088900000, 0x0000000088900000| Untracked 
| 108|0x0000000088a00000, 0x0000000088a00000, 0x0000000088b00000|  0%| F|  |TAMS 0x0000000088a00000, 0x0000000088a00000| Untracked 
| 109|0x0000000088b00000, 0x0000000088b00000, 0x0000000088c00000|  0%| F|  |TAMS 0x0000000088b00000, 0x0000000088b00000| Untracked 
| 110|0x0000000088c00000, 0x0000000088c00000, 0x0000000088d00000|  0%| F|  |TAMS 0x0000000088c00000, 0x0000000088c00000| Untracked 
| 111|0x0000000088d00000, 0x0000000088d00000, 0x0000000088e00000|  0%| F|  |TAMS 0x0000000088d00000, 0x0000000088d00000| Untracked 
| 112|0x0000000088e00000, 0x0000000088e00000, 0x0000000088f00000|  0%| F|  |TAMS 0x0000000088e00000, 0x0000000088e00000| Untracked 
| 113|0x0000000088f00000, 0x0000000088f00000, 0x0000000089000000|  0%| F|  |TAMS 0x0000000088f00000, 0x0000000088f00000| Untracked 
| 114|0x0000000089000000, 0x0000000089000000, 0x0000000089100000|  0%| F|  |TAMS 0x0000000089000000, 0x0000000089000000| Untracked 
| 115|0x0000000089100000, 0x0000000089100000, 0x0000000089200000|  0%| F|  |TAMS 0x0000000089100000, 0x0000000089100000| Untracked 
| 116|0x0000000089200000, 0x0000000089200000, 0x0000000089300000|  0%| F|  |TAMS 0x0000000089200000, 0x0000000089200000| Untracked 
| 117|0x0000000089300000, 0x0000000089300000, 0x0000000089400000|  0%| F|  |TAMS 0x0000000089300000, 0x0000000089300000| Untracked 
| 118|0x0000000089400000, 0x0000000089400000, 0x0000000089500000|  0%| F|  |TAMS 0x0000000089400000, 0x0000000089400000| Untracked 
| 119|0x0000000089500000, 0x0000000089500000, 0x0000000089600000|  0%| F|  |TAMS 0x0000000089500000, 0x0000000089500000| Untracked 
| 120|0x0000000089600000, 0x0000000089600000, 0x0000000089700000|  0%| F|  |TAMS 0x0000000089600000, 0x0000000089600000| Untracked 
| 121|0x0000000089700000, 0x0000000089700000, 0x0000000089800000|  0%| F|  |TAMS 0x0000000089700000, 0x0000000089700000| Untracked 
| 122|0x0000000089800000, 0x0000000089800000, 0x0000000089900000|  0%| F|  |TAMS 0x0000000089800000, 0x0000000089800000| Untracked 
| 123|0x0000000089900000, 0x0000000089900000, 0x0000000089a00000|  0%| F|  |TAMS 0x0000000089900000, 0x0000000089900000| Untracked 
| 124|0x0000000089a00000, 0x0000000089a00000, 0x0000000089b00000|  0%| F|  |TAMS 0x0000000089a00000, 0x0000000089a00000| Untracked 
| 125|0x0000000089b00000, 0x0000000089bdd0f0, 0x0000000089c00000| 86%| S|CS|TAMS 0x0000000089b00000, 0x0000000089b00000| Complete 
| 126|0x0000000089c00000, 0x0000000089d00000, 0x0000000089d00000|100%| S|CS|TAMS 0x0000000089c00000, 0x0000000089c00000| Complete 
| 127|0x0000000089d00000, 0x0000000089e00000, 0x0000000089e00000|100%| S|CS|TAMS 0x0000000089d00000, 0x0000000089d00000| Complete 
| 128|0x0000000089e00000, 0x0000000089f00000, 0x0000000089f00000|100%| S|CS|TAMS 0x0000000089e00000, 0x0000000089e00000| Complete 
| 129|0x0000000089f00000, 0x000000008a000000, 0x000000008a000000|100%| S|CS|TAMS 0x0000000089f00000, 0x0000000089f00000| Complete 
| 130|0x000000008a000000, 0x000000008a100000, 0x000000008a100000|100%| S|CS|TAMS 0x000000008a000000, 0x000000008a000000| Complete 
| 131|0x000000008a100000, 0x000000008a200000, 0x000000008a200000|100%| S|CS|TAMS 0x000000008a100000, 0x000000008a100000| Complete 
| 132|0x000000008a200000, 0x000000008a200000, 0x000000008a300000|  0%| F|  |TAMS 0x000000008a200000, 0x000000008a200000| Untracked 
| 133|0x000000008a300000, 0x000000008a300000, 0x000000008a400000|  0%| F|  |TAMS 0x000000008a300000, 0x000000008a300000| Untracked 
| 134|0x000000008a400000, 0x000000008a400000, 0x000000008a500000|  0%| F|  |TAMS 0x000000008a400000, 0x000000008a400000| Untracked 
| 135|0x000000008a500000, 0x000000008a500000, 0x000000008a600000|  0%| F|  |TAMS 0x000000008a500000, 0x000000008a500000| Untracked 
| 136|0x000000008a600000, 0x000000008a600000, 0x000000008a700000|  0%| F|  |TAMS 0x000000008a600000, 0x000000008a600000| Untracked 
| 137|0x000000008a700000, 0x000000008a700000, 0x000000008a800000|  0%| F|  |TAMS 0x000000008a700000, 0x000000008a700000| Untracked 
| 138|0x000000008a800000, 0x000000008a800000, 0x000000008a900000|  0%| F|  |TAMS 0x000000008a800000, 0x000000008a800000| Untracked 
| 139|0x000000008a900000, 0x000000008a900000, 0x000000008aa00000|  0%| F|  |TAMS 0x000000008a900000, 0x000000008a900000| Untracked 
| 140|0x000000008aa00000, 0x000000008aa00000, 0x000000008ab00000|  0%| F|  |TAMS 0x000000008aa00000, 0x000000008aa00000| Untracked 
| 141|0x000000008ab00000, 0x000000008ab00000, 0x000000008ac00000|  0%| F|  |TAMS 0x000000008ab00000, 0x000000008ab00000| Untracked 
| 142|0x000000008ac00000, 0x000000008ac00000, 0x000000008ad00000|  0%| F|  |TAMS 0x000000008ac00000, 0x000000008ac00000| Untracked 
| 143|0x000000008ad00000, 0x000000008ad00000, 0x000000008ae00000|  0%| F|  |TAMS 0x000000008ad00000, 0x000000008ad00000| Untracked 
| 144|0x000000008ae00000, 0x000000008ae00000, 0x000000008af00000|  0%| F|  |TAMS 0x000000008ae00000, 0x000000008ae00000| Untracked 
| 145|0x000000008af00000, 0x000000008af00000, 0x000000008b000000|  0%| F|  |TAMS 0x000000008af00000, 0x000000008af00000| Untracked 
| 146|0x000000008b000000, 0x000000008b000000, 0x000000008b100000|  0%| F|  |TAMS 0x000000008b000000, 0x000000008b000000| Untracked 
| 147|0x000000008b100000, 0x000000008b100000, 0x000000008b200000|  0%| F|  |TAMS 0x000000008b100000, 0x000000008b100000| Untracked 
| 148|0x000000008b200000, 0x000000008b200000, 0x000000008b300000|  0%| F|  |TAMS 0x000000008b200000, 0x000000008b200000| Untracked 
| 149|0x000000008b300000, 0x000000008b300000, 0x000000008b400000|  0%| F|  |TAMS 0x000000008b300000, 0x000000008b300000| Untracked 
| 150|0x000000008b400000, 0x000000008b400000, 0x000000008b500000|  0%| F|  |TAMS 0x000000008b400000, 0x000000008b400000| Untracked 
| 151|0x000000008b500000, 0x000000008b500000, 0x000000008b600000|  0%| F|  |TAMS 0x000000008b500000, 0x000000008b500000| Untracked 
| 152|0x000000008b600000, 0x000000008b600000, 0x000000008b700000|  0%| F|  |TAMS 0x000000008b600000, 0x000000008b600000| Untracked 
| 153|0x000000008b700000, 0x000000008b700000, 0x000000008b800000|  0%| F|  |TAMS 0x000000008b700000, 0x000000008b700000| Untracked 

Card table byte_map: [0x000002cb4d9b0000,0x000002cb4ddb0000] _byte_map_base: 0x000002cb4d5a1000

Marking Bits (Prev, Next): (CMBitMap*) 0x000002cb35c29ef8, (CMBitMap*) 0x000002cb35c29f30
 Prev Bits: [0x000002cb4e1b0000, 0x000002cb50138000)
 Next Bits: [0x000002cb50140000, 0x000002cb520c8000)

Polling page: 0x000002cb35cd0000

Metaspace:

Usage:
  Non-class:     48.94 MB capacity,    48.19 MB ( 98%) used,   611.38 KB (  1%) free+waste,   159.31 KB ( <1%) overhead. 
      Class:      7.52 MB capacity,     7.06 MB ( 94%) used,   397.04 KB (  5%) free+waste,    74.69 KB ( <1%) overhead. 
       Both:     56.46 MB capacity,    55.25 MB ( 98%) used,  1008.42 KB (  2%) free+waste,   234.00 KB ( <1%) overhead. 

Virtual space:
  Non-class space:       56.00 MB reserved,      49.00 MB ( 87%) committed 
      Class space:        1.00 GB reserved,       7.63 MB ( <1%) committed 
             Both:        1.05 GB reserved,      56.62 MB (  5%) committed 

Chunk freelists:
   Non-Class:  6.88 KB
       Class:  1.38 KB
        Both:  8.25 KB

CodeHeap 'non-profiled nmethods': size=120064Kb used=2483Kb max_used=2483Kb free=117580Kb
 bounds [0x000002cb45a50000, 0x000002cb45cc0000, 0x000002cb4cf90000]
CodeHeap 'profiled nmethods': size=120000Kb used=9688Kb max_used=9688Kb free=110311Kb
 bounds [0x000002cb3e520000, 0x000002cb3eea0000, 0x000002cb45a50000]
CodeHeap 'non-nmethods': size=5696Kb used=1205Kb max_used=1229Kb free=4490Kb
 bounds [0x000002cb3df90000, 0x000002cb3e200000, 0x000002cb3e520000]
 total_blobs=5820 nmethods=4114 adapters=477
 compilation: enabled
              stopped_count=0, restarted_count=0
 full_count=0

Compilation events (10 events):
Event: 7.467 Thread 0x000002cb5474e800 4244       3       org.springframework.core.annotation.TypeMappedAnnotations$IsPresent::get (60 bytes)
Event: 7.468 Thread 0x000002cb5474e800 nmethod 4244 0x000002cb3ee8f790 code [0x000002cb3ee8f9a0, 0x000002cb3ee90038]
Event: 7.478 Thread 0x000002cb5474e800 4245       3       org.springframework.core.convert.support.GenericConversionService$Converters::addInterfacesToClassHierarchy (51 bytes)
Event: 7.479 Thread 0x000002cb5474e800 nmethod 4245 0x000002cb3ee90290 code [0x000002cb3ee904c0, 0x000002cb3ee90c10]
Event: 7.480 Thread 0x000002cb5474e800 4246       3       org.springframework.aop.support.AopUtils::canApply (206 bytes)
Event: 7.484 Thread 0x000002cb5474e800 nmethod 4246 0x000002cb3ee90f90 code [0x000002cb3ee914a0, 0x000002cb3ee94010]
Event: 7.484 Thread 0x000002cb5474e800 4248       3       org.springframework.asm.ClassReader::readShort (27 bytes)
Event: 7.484 Thread 0x000002cb5474e800 nmethod 4248 0x000002cb3ee94d90 code [0x000002cb3ee94f40, 0x000002cb3ee95118]
Event: 7.503 Thread 0x000002cb5474e800 4249       3       java.lang.reflect.ProxyGenerator$ProxyMethod::codeWrapArgument (171 bytes)
Event: 7.505 Thread 0x000002cb5474e800 nmethod 4249 0x000002cb3ee95210 code [0x000002cb3ee95620, 0x000002cb3ee970e0]

GC Heap History (10 events):
Event: 2.232 GC heap after
{Heap after GC invocations=6 (full 0):
 garbage-first heap   total 131072K, used 10258K [0x0000000081e00000, 0x0000000100000000)
  region size 1024K, 5 young (5120K), 5 survivors (5120K)
 Metaspace       used 26279K, capacity 26966K, committed 27132K, reserved 1073152K
  class space    used 3049K, capacity 3299K, committed 3328K, reserved 1048576K
}
Event: 3.930 GC heap before
{Heap before GC invocations=6 (full 0):
 garbage-first heap   total 131072K, used 82962K [0x0000000081e00000, 0x0000000100000000)
  region size 1024K, 76 young (77824K), 5 survivors (5120K)
 Metaspace       used 34386K, capacity 35316K, committed 35580K, reserved 1081344K
  class space    used 4145K, capacity 4488K, committed 4608K, reserved 1048576K
}
Event: 3.943 GC heap after
{Heap after GC invocations=7 (full 0):
 garbage-first heap   total 157696K, used 13098K [0x0000000081e00000, 0x0000000100000000)
  region size 1024K, 8 young (8192K), 8 survivors (8192K)
 Metaspace       used 34386K, capacity 35316K, committed 35580K, reserved 1081344K
  class space    used 4145K, capacity 4488K, committed 4608K, reserved 1048576K
}
Event: 4.052 GC heap before
{Heap before GC invocations=7 (full 0):
 garbage-first heap   total 157696K, used 16170K [0x0000000081e00000, 0x0000000100000000)
  region size 1024K, 12 young (12288K), 8 survivors (8192K)
 Metaspace       used 34863K, capacity 35861K, committed 36048K, reserved 1081344K
  class space    used 4236K, capacity 4627K, committed 4736K, reserved 1048576K
}
Event: 4.067 GC heap after
{Heap after GC invocations=8 (full 0):
 garbage-first heap   total 157696K, used 13425K [0x0000000081e00000, 0x0000000100000000)
  region size 1024K, 5 young (5120K), 5 survivors (5120K)
 Metaspace       used 34863K, capacity 35861K, committed 36048K, reserved 1081344K
  class space    used 4236K, capacity 4627K, committed 4736K, reserved 1048576K
}
Event: 4.866 GC heap before
{Heap before GC invocations=9 (full 0):
 garbage-first heap   total 157696K, used 99441K [0x0000000081e00000, 0x0000000100000000)
  region size 1024K, 90 young (92160K), 5 survivors (5120K)
 Metaspace       used 37766K, capacity 38833K, committed 39036K, reserved 1083392K
  class space    used 4544K, capacity 4977K, committed 4992K, reserved 1048576K
}
Event: 4.873 GC heap after
{Heap after GC invocations=10 (full 0):
 garbage-first heap   total 157696K, used 15235K [0x0000000081e00000, 0x0000000100000000)
  region size 1024K, 7 young (7168K), 7 survivors (7168K)
 Metaspace       used 37766K, capacity 38833K, committed 39036K, reserved 1083392K
  class space    used 4544K, capacity 4977K, committed 4992K, reserved 1048576K
}
Event: 6.738 GC heap before
{Heap before GC invocations=10 (full 0):
 garbage-first heap   total 157696K, used 101251K [0x0000000081e00000, 0x0000000100000000)
  region size 1024K, 92 young (94208K), 7 survivors (7168K)
 Metaspace       used 52702K, capacity 53978K, committed 54268K, reserved 1095680K
  class space    used 6601K, capacity 7103K, committed 7168K, reserved 1048576K
}
Event: 6.750 GC heap after
{Heap after GC invocations=11 (full 0):
 garbage-first heap   total 157696K, used 20388K [0x0000000081e00000, 0x0000000100000000)
  region size 1024K, 11 young (11264K), 11 survivors (11264K)
 Metaspace       used 52702K, capacity 53978K, committed 54268K, reserved 1095680K
  class space    used 6601K, capacity 7103K, committed 7168K, reserved 1048576K
}
Event: 7.507 GC heap before
{Heap before GC invocations=11 (full 0):
 garbage-first heap   total 157696K, used 41892K [0x0000000081e00000, 0x0000000100000000)
  region size 1024K, 33 young (33792K), 11 survivors (11264K)
 Metaspace       used 56575K, capacity 57818K, committed 57980K, reserved 1105920K
  class space    used 7229K, capacity 7701K, committed 7808K, reserved 1048576K
}

Deoptimization events (10 events):
Event: 7.299 Thread 0x000002cb55e88800 Uncommon trap: reason=unstable_if action=reinterpret pc=0x000002cb45be9d28 method=java.lang.Integer.stringSize(I)I @ 3 c2
Event: 7.390 Thread 0x000002cb55e88800 Uncommon trap: reason=unstable_if action=reinterpret pc=0x000002cb45cb5c34 method=java.lang.PublicMethods$MethodList.merge(Ljava/lang/PublicMethods$MethodList;Ljava/lang/reflect/Method;)Ljava/lang/PublicMethods$MethodList; @ 62 c2
Event: 7.425 Thread 0x000002cb55e88800 Uncommon trap: reason=class_check action=maybe_recompile pc=0x000002cb45bd44a0 method=org.springframework.beans.factory.support.AbstractBeanFactory.isTypeMatch(Ljava/lang/String;Lorg/springframework/core/ResolvableType;Z)Z @ 53 c2
Event: 7.426 Thread 0x000002cb55e88800 Uncommon trap: reason=class_check action=maybe_recompile pc=0x000002cb45bd44a0 method=org.springframework.beans.factory.support.AbstractBeanFactory.isTypeMatch(Ljava/lang/String;Lorg/springframework/core/ResolvableType;Z)Z @ 53 c2
Event: 7.437 Thread 0x000002cb55e88800 Uncommon trap: reason=class_check action=maybe_recompile pc=0x000002cb45bb754c method=org.springframework.core.ResolvableType.resolveType()Lorg/springframework/core/ResolvableType; @ 101 c2
Event: 7.451 Thread 0x000002cb55e88800 Uncommon trap: reason=class_check action=maybe_recompile pc=0x000002cb45bd44a0 method=org.springframework.beans.factory.support.AbstractBeanFactory.isTypeMatch(Ljava/lang/String;Lorg/springframework/core/ResolvableType;Z)Z @ 53 c2
Event: 7.453 Thread 0x000002cb55e88800 Uncommon trap: reason=class_check action=maybe_recompile pc=0x000002cb45bd44a0 method=org.springframework.beans.factory.support.AbstractBeanFactory.isTypeMatch(Ljava/lang/String;Lorg/springframework/core/ResolvableType;Z)Z @ 53 c2
Event: 7.466 Thread 0x000002cb55e88800 Uncommon trap: reason=unstable_if action=reinterpret pc=0x000002cb45b350a4 method=org.springframework.asm.ClassReader.readUtf(II[C)Ljava/lang/String; @ 41 c2
Event: 7.466 Thread 0x000002cb55e88800 Uncommon trap: reason=unstable_if action=reinterpret pc=0x000002cb45a73330 method=java.lang.StringUTF16.compress([CI[BII)I @ 20 c2
Event: 7.485 Thread 0x000002cb55e88800 Uncommon trap: reason=unstable_if action=reinterpret pc=0x000002cb45c3b574 method=java.util.ArrayDeque.addLast(Ljava/lang/Object;)V @ 42 c2

Classes redefined (0 events):
No events

Internal exceptions (10 events):
Event: 7.447 Thread 0x000002cb55e88800 Exception <a 'java/lang/ClassNotFoundException'{0x000000008a513888}: org/springframework/beans/factory/AwareCustomizer> (0x000000008a513888) thrown at [t:/workspace/open/src/hotspot/share/classfile/systemDictionary.cpp, line 231]
Event: 7.447 Thread 0x000002cb55e88800 Exception <a 'java/lang/ClassNotFoundException'{0x000000008a522cf0}: org/springframework/beans/factory/BeanFactoryAwareCustomizer> (0x000000008a522cf0) thrown at [t:/workspace/open/src/hotspot/share/classfile/systemDictionary.cpp, line 231]
Event: 7.447 Thread 0x000002cb55e88800 Exception <a 'java/lang/ClassNotFoundException'{0x000000008a531e90}: org/springframework/beans/factory/AwareCustomizer> (0x000000008a531e90) thrown at [t:/workspace/open/src/hotspot/share/classfile/systemDictionary.cpp, line 231]
Event: 7.448 Thread 0x000002cb55e88800 Exception <a 'java/lang/ClassNotFoundException'{0x000000008a5420c0}: org/springframework/context/ApplicationEventPublisherAwareCustomizer> (0x000000008a5420c0) thrown at [t:/workspace/open/src/hotspot/share/classfile/systemDictionary.cpp, line 231]
Event: 7.449 Thread 0x000002cb55e88800 Exception <a 'java/lang/ClassNotFoundException'{0x000000008a5514b8}: org/springframework/beans/factory/AwareCustomizer> (0x000000008a5514b8) thrown at [t:/workspace/open/src/hotspot/share/classfile/systemDictionary.cpp, line 231]
Event: 7.458 Thread 0x000002cb55e88800 Exception <a 'java/lang/ClassNotFoundException'{0x000000008a57e108}: java/lang/ObjectCustomizer> (0x000000008a57e108) thrown at [t:/workspace/open/src/hotspot/share/classfile/systemDictionary.cpp, line 231]
Event: 7.459 Thread 0x000002cb55e88800 Exception <a 'java/lang/ClassNotFoundException'{0x000000008a591838}: org/springframework/core/io/support/PropertiesLoaderSupportCustomizer> (0x000000008a591838) thrown at [t:/workspace/open/src/hotspot/share/classfile/systemDictionary.cpp, line 231]
Event: 7.460 Thread 0x000002cb55e88800 Exception <a 'java/lang/ClassNotFoundException'{0x000000008a5aa630}: org/springframework/beans/factory/config/PropertiesFactoryBeanCustomizer> (0x000000008a5aa630) thrown at [t:/workspace/open/src/hotspot/share/classfile/systemDictionary.cpp, line 231]
Event: 7.462 Thread 0x000002cb55e88800 Exception <a 'java/lang/ClassNotFoundException'{0x000000008a5c9518}: org/springframework/beans/factory/FactoryBeanCustomizer> (0x000000008a5c9518) thrown at [t:/workspace/open/src/hotspot/share/classfile/systemDictionary.cpp, line 231]
Event: 7.463 Thread 0x000002cb55e88800 Exception <a 'java/lang/ClassNotFoundException'{0x000000008a5db140}: org/springframework/beans/factory/InitializingBeanCustomizer> (0x000000008a5db140) thrown at [t:/workspace/open/src/hotspot/share/classfile/systemDictionary.cpp, line 231]

Events (10 events):
Event: 7.498 loading class org/hibernate/jdbc/ReturningWork done
Event: 7.498 loading class org/hibernate/Criteria
Event: 7.498 loading class org/hibernate/Criteria done
Event: 7.499 loading class org/hibernate/criterion/CriteriaSpecification
Event: 7.499 loading class org/hibernate/criterion/CriteriaSpecification done
Event: 7.499 loading class org/hibernate/jdbc/Work
Event: 7.499 loading class org/hibernate/jdbc/Work done
Event: 7.499 loading class javax/persistence/LockModeType
Event: 7.499 loading class javax/persistence/LockModeType done
Event: 7.507 Executing VM operation: CollectForMetadataAllocation


Dynamic libraries:
0x00007ff64fd30000 - 0x00007ff64fd75000 	C:\Program Files (x86)\Java\jdk-11.0.2\bin\javaw.exe
0x00007ff8d4a50000 - 0x00007ff8d4c45000 	C:\WINDOWS\SYSTEM32\ntdll.dll
0x00007ff8d36b0000 - 0x00007ff8d376d000 	C:\WINDOWS\System32\KERNEL32.DLL
0x00007ff8d2450000 - 0x00007ff8d2719000 	C:\WINDOWS\System32\KERNELBASE.dll
0x00007ff8d3a10000 - 0x00007ff8d3bb0000 	C:\WINDOWS\System32\USER32.dll
0x00007ff8d2720000 - 0x00007ff8d2742000 	C:\WINDOWS\System32\win32u.dll
0x00007ff8d3190000 - 0x00007ff8d31ba000 	C:\WINDOWS\System32\GDI32.dll
0x00007ff8d21e0000 - 0x00007ff8d22eb000 	C:\WINDOWS\System32\gdi32full.dll
0x00007ff8d2750000 - 0x00007ff8d27ed000 	C:\WINDOWS\System32\msvcp_win.dll
0x00007ff8d2900000 - 0x00007ff8d2a00000 	C:\WINDOWS\System32\ucrtbase.dll
0x00007ff8bba60000 - 0x00007ff8bbcfa000 	C:\WINDOWS\WinSxS\amd64_microsoft.windows.common-controls_6595b64144ccf1df_6.0.19041.844_none_ca00b6081b84eb1d\COMCTL32.dll
0x00007ff8d4910000 - 0x00007ff8d49ae000 	C:\WINDOWS\System32\msvcrt.dll
0x00007ff8d3150000 - 0x00007ff8d3180000 	C:\WINDOWS\System32\IMM32.DLL
0x00007ff8cd7d0000 - 0x00007ff8cd7e6000 	C:\Program Files (x86)\Java\jdk-11.0.2\bin\vcruntime140.dll
0x00007ff89fbd0000 - 0x00007ff89fc7a000 	C:\Program Files (x86)\Java\jdk-11.0.2\bin\msvcp140.dll
0x00007ff88ceb0000 - 0x00007ff88d9d3000 	C:\Program Files (x86)\Java\jdk-11.0.2\bin\server\jvm.dll
0x00007ff8d2ce0000 - 0x00007ff8d2d8c000 	C:\WINDOWS\System32\ADVAPI32.dll
0x00007ff8d3250000 - 0x00007ff8d32ec000 	C:\WINDOWS\System32\sechost.dll
0x00007ff8d2f90000 - 0x00007ff8d30bb000 	C:\WINDOWS\System32\RPCRT4.dll
0x00007ff8d3180000 - 0x00007ff8d3188000 	C:\WINDOWS\System32\PSAPI.DLL
0x00007ff8c2820000 - 0x00007ff8c2847000 	C:\WINDOWS\SYSTEM32\WINMM.dll
0x00007ff8c8c90000 - 0x00007ff8c8c9a000 	C:\WINDOWS\SYSTEM32\VERSION.dll
0x00007ff8cd010000 - 0x00007ff8cd019000 	C:\WINDOWS\SYSTEM32\WSOCK32.dll
0x00007ff8d3bb0000 - 0x00007ff8d3c1b000 	C:\WINDOWS\System32\WS2_32.dll
0x00007ff8d0be0000 - 0x00007ff8d0bf2000 	C:\WINDOWS\SYSTEM32\kernel.appcore.dll
0x00007ff8bfd80000 - 0x00007ff8bfd91000 	C:\Program Files (x86)\Java\jdk-11.0.2\bin\verify.dll
0x00007ff8d08b0000 - 0x00007ff8d0a94000 	C:\WINDOWS\SYSTEM32\DBGHELP.DLL
0x00007ff8ba660000 - 0x00007ff8ba68c000 	C:\WINDOWS\SYSTEM32\dbgcore.DLL
0x00007ff8d27f0000 - 0x00007ff8d2870000 	C:\WINDOWS\System32\bcryptPrimitives.dll
0x00007ff8b7180000 - 0x00007ff8b71a8000 	C:\Program Files (x86)\Java\jdk-11.0.2\bin\java.dll
0x00007ff8bfc20000 - 0x00007ff8bfc36000 	C:\Program Files (x86)\Java\jdk-11.0.2\bin\zip.dll
0x00007ff8c9ff0000 - 0x00007ff8c9ffa000 	C:\Program Files (x86)\Java\jdk-11.0.2\bin\jimage.dll
0x00007ff8d3c20000 - 0x00007ff8d4362000 	C:\WINDOWS\System32\SHELL32.dll
0x00007ff8cff90000 - 0x00007ff8d0720000 	C:\WINDOWS\SYSTEM32\windows.storage.dll
0x00007ff8d3350000 - 0x00007ff8d36a5000 	C:\WINDOWS\System32\combase.dll
0x00007ff8d1c00000 - 0x00007ff8d1c2c000 	C:\WINDOWS\SYSTEM32\Wldp.dll
0x00007ff8d2e80000 - 0x00007ff8d2f2e000 	C:\WINDOWS\System32\SHCORE.dll
0x00007ff8d49b0000 - 0x00007ff8d4a05000 	C:\WINDOWS\System32\shlwapi.dll
0x00007ff8d20d0000 - 0x00007ff8d20ef000 	C:\WINDOWS\SYSTEM32\profapi.dll
0x00007ff8b7160000 - 0x00007ff8b7179000 	C:\Program Files (x86)\Java\jdk-11.0.2\bin\net.dll
0x00007ff8cbf70000 - 0x00007ff8cc15e000 	C:\WINDOWS\SYSTEM32\urlmon.dll
0x00007ff8c28c0000 - 0x00007ff8c29cc000 	C:\WINDOWS\SYSTEM32\WINHTTP.dll
0x00007ff8cbcc0000 - 0x00007ff8cbf70000 	C:\WINDOWS\SYSTEM32\iertutil.dll
0x00007ff8d1980000 - 0x00007ff8d19ea000 	C:\WINDOWS\system32\mswsock.dll
0x00007ff8b7020000 - 0x00007ff8b7033000 	C:\Program Files (x86)\Java\jdk-11.0.2\bin\nio.dll
0x00007ff8bfd70000 - 0x00007ff8bfd79000 	C:\Program Files (x86)\Java\jdk-11.0.2\bin\management.dll
0x00007ff8bfc60000 - 0x00007ff8bfc6c000 	C:\Program Files (x86)\Java\jdk-11.0.2\bin\management_ext.dll
0x00007ff8b5310000 - 0x00007ff8b5327000 	C:\WINDOWS\system32\napinsp.dll
0x00007ff8b52f0000 - 0x00007ff8b530b000 	C:\WINDOWS\system32\pnrpnsp.dll
0x00007ff8b52d0000 - 0x00007ff8b52e5000 	C:\WINDOWS\system32\wshbth.dll
0x00007ff8cd5c0000 - 0x00007ff8cd5dd000 	C:\WINDOWS\system32\NLAapi.dll
0x00007ff8d1620000 - 0x00007ff8d165b000 	C:\WINDOWS\SYSTEM32\IPHLPAPI.DLL
0x00007ff8d1660000 - 0x00007ff8d172b000 	C:\WINDOWS\SYSTEM32\DNSAPI.dll
0x00007ff8d2d90000 - 0x00007ff8d2d98000 	C:\WINDOWS\System32\NSI.dll
0x00007ff8b52b0000 - 0x00007ff8b52c2000 	C:\WINDOWS\System32\winrnr.dll
0x00007ff8bf0e0000 - 0x00007ff8bf0ea000 	C:\Windows\System32\rasadhlp.dll
0x00007ff8bf870000 - 0x00007ff8bf8ef000 	C:\WINDOWS\System32\fwpuclnt.dll
0x00007ff8d2870000 - 0x00007ff8d2897000 	C:\WINDOWS\System32\bcrypt.dll
0x00007ff8d1b50000 - 0x00007ff8d1b68000 	C:\WINDOWS\SYSTEM32\CRYPTSP.dll
0x00007ff8d12b0000 - 0x00007ff8d12e4000 	C:\WINDOWS\system32\rsaenh.dll
0x00007ff8d2090000 - 0x00007ff8d20be000 	C:\WINDOWS\SYSTEM32\USERENV.dll
0x00007ff8d1b70000 - 0x00007ff8d1b7c000 	C:\WINDOWS\SYSTEM32\CRYPTBASE.dll
0x00007ff8c5a10000 - 0x00007ff8c5a27000 	C:\WINDOWS\SYSTEM32\dhcpcsvc6.DLL
0x00007ff8c5bc0000 - 0x00007ff8c5bdd000 	C:\WINDOWS\SYSTEM32\dhcpcsvc.DLL
0x00007ff8bfbd0000 - 0x00007ff8bfbdd000 	C:\Program Files (x86)\Java\jdk-11.0.2\bin\sunmscapi.dll
0x00007ff8d22f0000 - 0x00007ff8d244f000 	C:\WINDOWS\System32\CRYPT32.dll
0x00007ff8d1c70000 - 0x00007ff8d1c97000 	C:\WINDOWS\SYSTEM32\ncrypt.dll
0x00007ff8d1c30000 - 0x00007ff8d1c6b000 	C:\WINDOWS\SYSTEM32\NTASN1.dll
0x00007ff8b64e0000 - 0x00007ff8b6507000 	C:\Program Files (x86)\Java\jdk-11.0.2\bin\sunec.dll

dbghelp: loaded successfully - version: 4.0.5 - missing functions: none
symbol engine: initialized successfully - sym options: 0x614 - pdb path: .;C:\Program Files (x86)\Java\jdk-11.0.2\bin;C:\WINDOWS\SYSTEM32;C:\WINDOWS\WinSxS\amd64_microsoft.windows.common-controls_6595b64144ccf1df_6.0.19041.844_none_ca00b6081b84eb1d;C:\Program Files (x86)\Java\jdk-11.0.2\bin\server

VM Arguments:
jvm_args: -Dfile.encoding=UTF-8 
java_command: br.com.easybank.EasybankApplication
java_class_path (initial): C:\Users\rickt\eclipse-workspace\easybank\target\classes;C:\Users\rickt\.m2\repository\org\springframework\boot\spring-boot-starter-data-jpa\2.4.4\spring-boot-starter-data-jpa-2.4.4.jar;C:\Users\rickt\.m2\repository\org\springframework\boot\spring-boot-starter-aop\2.4.4\spring-boot-starter-aop-2.4.4.jar;C:\Users\rickt\.m2\repository\org\springframework\spring-aop\5.3.5\spring-aop-5.3.5.jar;C:\Users\rickt\.m2\repository\org\aspectj\aspectjweaver\1.9.6\aspectjweaver-1.9.6.jar;C:\Users\rickt\.m2\repository\org\springframework\boot\spring-boot-starter-jdbc\2.4.4\spring-boot-starter-jdbc-2.4.4.jar;C:\Users\rickt\.m2\repository\com\zaxxer\HikariCP\3.4.5\HikariCP-3.4.5.jar;C:\Users\rickt\.m2\repository\org\springframework\spring-jdbc\5.3.5\spring-jdbc-5.3.5.jar;C:\Users\rickt\.m2\repository\jakarta\transaction\jakarta.transaction-api\1.3.3\jakarta.transaction-api-1.3.3.jar;C:\Users\rickt\.m2\repository\jakarta\persistence\jakarta.persistence-api\2.2.3\jakarta.persistence-api-2.2.3.jar;C:\Users\rickt\.m2\repository\org\hibernate\hibernate-core\5.4.29.Final\hibernate-core-5.4.29.Final.jar;C:\Users\rickt\.m2\repository\org\javassist\javassist\3.27.0-GA\javassist-3.27.0-GA.jar;C:\Users\rickt\.m2\repository\net\bytebuddy\byte-buddy\1.10.22\byte-buddy-1.10.22.jar;C:\Users\rickt\.m2\repository\antlr\antlr\2.7.7\antlr-2.7.7.jar;C:\Users\rickt\.m2\repository\org\jboss\jandex\2.2.3.Final\jandex-2.2.3.Final.jar;C:\Users\rickt\.m2\repository\org\dom4j\dom4j\2.1.3\dom4j-2.1.3.jar;C:\Users\rickt\.m2\repository\org\hibernate\common\hibernate-commons-annotations\5.1.2.Final\hibernate-commons-annotations-5.1.2.Final.jar;C:\Users\rickt\.m2\repository\org\glassfish\jaxb\jaxb-runtime\2.3.3\jaxb-runtime-2.3.3.jar;C:\Users\rickt\.m2\repository\org\glassfish\jaxb\txw2\2.3.3\txw2-2.3.3.jar;C:\Users\rickt\.m2\repository\com\sun\istack\istack-commons-runtime\3.0.11\istack-commons-runtime-3.0.11.jar;C:\Users\rickt\.m2\repository\com\sun\activation\jakarta.activation\1.2.
Launcher Type: SUN_STANDARD

[Global flags]
     intx CICompilerCount                          = 3                                         {product} {ergonomic}
     uint ConcGCThreads                            = 1                                         {product} {ergonomic}
     uint G1ConcRefinementThreads                  = 4                                         {product} {ergonomic}
   size_t G1HeapRegionSize                         = 1048576                                   {product} {ergonomic}
    uintx GCDrainStackTargetSize                   = 64                                        {product} {ergonomic}
   size_t InitialHeapSize                          = 134217728                                 {product} {ergonomic}
   size_t MarkStackSize                            = 4194304                                   {product} {ergonomic}
   size_t MaxHeapSize                              = 2116026368                                {product} {ergonomic}
   size_t MaxNewSize                               = 1268776960                                {product} {ergonomic}
   size_t MinHeapDeltaBytes                        = 1048576                                   {product} {ergonomic}
    uintx NonNMethodCodeHeapSize                   = 5830092                                {pd product} {ergonomic}
    uintx NonProfiledCodeHeapSize                  = 122914074                              {pd product} {ergonomic}
    uintx ProfiledCodeHeapSize                     = 122914074                              {pd product} {ergonomic}
    uintx ReservedCodeCacheSize                    = 251658240                              {pd product} {ergonomic}
     bool SegmentedCodeCache                       = true                                      {product} {ergonomic}
     bool UseCompressedClassPointers               = true                                 {lp64_product} {ergonomic}
     bool UseCompressedOops                        = true                                 {lp64_product} {ergonomic}
     bool UseG1GC                                  = true                                      {product} {ergonomic}
     bool UseLargePagesIndividualAllocation        = false                                  {pd product} {ergonomic}

Logging:
Log output configuration:
 #0: stdout all=warning uptime,level,tags
 #1: stderr all=off uptime,level,tags

Environment Variables:
PATH=C:/Users/rickt/.p2/pool/plugins/org.eclipse.justj.openjdk.hotspot.jre.full.win32.x86_64_15.0.2.v20210201-0955/jre/bin/server;C:/Users/rickt/.p2/pool/plugins/org.eclipse.justj.openjdk.hotspot.jre.full.win32.x86_64_15.0.2.v20210201-0955/jre/bin;C:\Program Files (x86)\Common Files\Oracle\Java\javapath;C:\Windows\system32;C:\Windows;C:\Windows\System32\Wbem;C:\Windows\System32\WindowsPowerShell\v1.0\;C:\Program Files (x86)\NVIDIA Corporation\PhysX\Common;C:\WINDOWS\system32;C:\WINDOWS;C:\WINDOWS\System32\Wbem;C:\WINDOWS\System32\WindowsPowerShell\v1.0\;C:\WINDOWS\System32\OpenSSH\;C:\WINDOWS\system32;C:\WINDOWS;C:\WINDOWS\System32\Wbem;C:\WINDOWS\System32\WindowsPowerShell\v1.0\;C:\WINDOWS\System32\OpenSSH\;C:\Program Files\Git\cmd;C:\Program Files\MySQL\MySQL Shell 8.0\bin\;C:\Users\rickt\AppData\Local\Microsoft\WindowsApps;;C:\Users\rickt\AppData\Local\Programs\Microsoft VS Code\bin;C:\Users\rickt\Desktop;
USERNAME=rickt
OS=Windows_NT
PROCESSOR_IDENTIFIER=Intel64 Family 6 Model 142 Stepping 9, GenuineIntel



---------------  S Y S T E M  ---------------

OS: Windows 10 , 64 bit Build 19041 (10.0.19041.804)

CPU:total 4 (initial active 4) (2 cores per cpu, 2 threads per core) family 6 model 142 stepping 9, cmov, cx8, fxsr, mmx, sse, sse2, sse3, ssse3, sse4.1, sse4.2, popcnt, avx, avx2, aes, clmul, erms, 3dnowpref, lzcnt, ht, tsc, tscinvbit, bmi1, bmi2, adx, fma

Memory: 4k page, system-wide physical 8066M (924M free)
TotalPageFile size 8066M (AvailPageFile size 4M)
current process WorkingSet (physical memory assigned to process): 279M, peak: 279M
current process commit charge ("private bytes"): 340M, peak: 371M

vm_info: OpenJDK 64-Bit Server VM (11.0.2+9) for windows-amd64 JRE (11.0.2+9), built on Jan 18 2019 05:23:22 by "mach5one" with MS VC++ 15.5 (VS2017)

END.
