#
# There is insufficient memory for the Java Runtime Environment to continue.
# Native memory allocation (malloc) failed to allocate 613136 bytes for Chunk::new
# Possible reasons:
#   The system is out of physical RAM or swap space
#   The process is running with CompressedOops enabled, and the Java Heap may be blocking the growth of the native heap
# Possible solutions:
#   Reduce memory load on the system
#   Increase physical memory or swap space
#   Check if swap backing store is full
#   Decrease Java heap size (-Xmx/-Xms)
#   Decrease number of Java threads
#   Decrease Java thread stack sizes (-Xss)
#   Set larger code cache with -XX:ReservedCodeCacheSize=
#   JVM is running with Unscaled Compressed Oops mode in which the Java heap is
#     placed in the first 4GB address space. The Java Heap base address is the
#     maximum limit for the native heap growth. Please use -XX:HeapBaseMinAddress
#     to set the Java Heap base and to place the Java Heap above 4GB virtual address.
# This output file may be truncated or incomplete.
#
#  Out of Memory Error (t:/workspace/open/src/hotspot/share/memory/arena.cpp:197), pid=2392, tid=7256
#
# JRE version: OpenJDK Runtime Environment (11.0.2+9) (build 11.0.2+9)
# Java VM: OpenJDK 64-Bit Server VM (11.0.2+9, mixed mode, tiered, compressed oops, g1 gc, windows-amd64)
# No core dump will be written. Minidumps are not enabled by default on client versions of Windows
#

---------------  S U M M A R Y ------------

Command Line: -Dfile.encoding=UTF-8 br.com.easybank.EasybankApplication

Host: Intel(R) Core(TM) i5-7200U CPU @ 2.50GHz, 4 cores, 7G,  Windows 10 , 64 bit Build 19041 (10.0.19041.804)
Time: Mon Mar 22 16:14:10 2021 Hora oficial do Brasil elapsed time: 2 seconds (0d 0h 0m 2s)

---------------  T H R E A D  ---------------

Current thread (0x00000221a003f800):  JavaThread "C2 CompilerThread1" daemon [_thread_in_native, id=7256, stack(0x000000f2f2500000,0x000000f2f2600000)]


Current CompileTask:
C2:   2474 2407       4       jdk.internal.module.SystemModuleFinders$SystemModuleReader::findImageLocation (42 bytes)

Stack: [0x000000f2f2500000,0x000000f2f2600000]
Native frames: (J=compiled Java code, j=interpreted, Vv=VM code, C=native code)
V  [jvm.dll+0x63489a]
V  [jvm.dll+0x771f9f]
V  [jvm.dll+0x773648]
V  [jvm.dll+0x773d03]
V  [jvm.dll+0x25eba8]
V  [jvm.dll+0xc2191]
V  [jvm.dll+0xc271c]
V  [jvm.dll+0x36cc47]
V  [jvm.dll+0x339b13]
V  [jvm.dll+0x338eea]
V  [jvm.dll+0x2189c5]
V  [jvm.dll+0x217b6a]
V  [jvm.dll+0x194370]
V  [jvm.dll+0x226b3f]
V  [jvm.dll+0x225148]
V  [jvm.dll+0x73774d]
V  [jvm.dll+0x633942]
C  [ucrtbase.dll+0x21bb2]
C  [KERNEL32.DLL+0x17034]
C  [ntdll.dll+0x52651]


---------------  P R O C E S S  ---------------

Threads class SMR info:
_java_thread_list=0x00000221a329aad0, length=13, elements={
0x00000221ff45b000, 0x000002219f37c000, 0x000002219f3a6000, 0x000002219fcc6800,
0x000002219fcc7800, 0x000002219fcd1800, 0x000002219fd1b800, 0x000002219fd1e800,
0x000002219fe7c000, 0x000002219fe7f800, 0x00000221a003f800, 0x00000221a0a60000,
0x00000221a0705800
}

Java Threads: ( => current thread )
  0x00000221ff45b000 JavaThread "main" [_thread_blocked, id=6572, stack(0x000000f2f1200000,0x000000f2f1300000)]
  0x000002219f37c000 JavaThread "Reference Handler" daemon [_thread_blocked, id=9512, stack(0x000000f2f1900000,0x000000f2f1a00000)]
  0x000002219f3a6000 JavaThread "Finalizer" daemon [_thread_blocked, id=11152, stack(0x000000f2f1a00000,0x000000f2f1b00000)]
  0x000002219fcc6800 JavaThread "Signal Dispatcher" daemon [_thread_blocked, id=10196, stack(0x000000f2f1b00000,0x000000f2f1c00000)]
  0x000002219fcc7800 JavaThread "Attach Listener" daemon [_thread_blocked, id=10776, stack(0x000000f2f1c00000,0x000000f2f1d00000)]
  0x000002219fcd1800 JavaThread "C2 CompilerThread0" daemon [_thread_in_native, id=6788, stack(0x000000f2f1d00000,0x000000f2f1e00000)]
  0x000002219fd1b800 JavaThread "C1 CompilerThread0" daemon [_thread_in_native, id=11004, stack(0x000000f2f1e00000,0x000000f2f1f00000)]
  0x000002219fd1e800 JavaThread "Sweeper thread" daemon [_thread_blocked, id=1272, stack(0x000000f2f1f00000,0x000000f2f2000000)]
  0x000002219fe7c000 JavaThread "Service Thread" daemon [_thread_blocked, id=1788, stack(0x000000f2f2000000,0x000000f2f2100000)]
  0x000002219fe7f800 JavaThread "Common-Cleaner" daemon [_thread_blocked, id=8236, stack(0x000000f2f2200000,0x000000f2f2300000)]
=>0x00000221a003f800 JavaThread "C2 CompilerThread1" daemon [_thread_in_native, id=7256, stack(0x000000f2f2500000,0x000000f2f2600000)]
  0x00000221a0a60000 JavaThread "Thread-0" [_thread_blocked, id=7312, stack(0x000000f2f2600000,0x000000f2f2700000)]
  0x00000221a0705800 JavaThread "restartedMain" [_thread_in_Java, id=264, stack(0x000000f2f2700000,0x000000f2f2800000)]

Other Threads:
  0x000002219f378800 VMThread "VM Thread" [stack: 0x000000f2f1800000,0x000000f2f1900000] [id=6640]
  0x000002219fe7f000 WatcherThread [stack: 0x000000f2f2100000,0x000000f2f2200000] [id=8952]
  0x00000221ff471000 GCTaskThread "GC Thread#0" [stack: 0x000000f2f1300000,0x000000f2f1400000] [id=6592]
  0x00000221a049c000 GCTaskThread "GC Thread#1" [stack: 0x000000f2f2300000,0x000000f2f2400000] [id=10144]
  0x00000221a07c7800 GCTaskThread "GC Thread#2" [stack: 0x000000f2f2400000,0x000000f2f2500000] [id=9384]
  0x00000221a0e80000 GCTaskThread "GC Thread#3" [stack: 0x000000f2f2900000,0x000000f2f2a00000] [id=2160]
  0x00000221ff4a3800 ConcurrentGCThread "G1 Main Marker" [stack: 0x000000f2f1400000,0x000000f2f1500000] [id=3240]
  0x00000221ff4a5000 ConcurrentGCThread "G1 Conc#0" [stack: 0x000000f2f1500000,0x000000f2f1600000] [id=7220]
  0x000002219f1e1800 ConcurrentGCThread "G1 Refine#0" [stack: 0x000000f2f1600000,0x000000f2f1700000] [id=5568]
  0x000002219f1e2000 ConcurrentGCThread "G1 Young RemSet Sampling" [stack: 0x000000f2f1700000,0x000000f2f1800000] [id=6284]

Threads with active compile tasks:
C2 CompilerThread02465  s    4       jdk.internal.jimage.BasicImageReader::findLocation (115 bytes)
C1 CompilerThread02591       3       org.springframework.beans.factory.support.AbstractAutowireCapableBeanFactory::predictBeanType (126 bytes)
C2 CompilerThread12407       4       jdk.internal.module.SystemModuleFinders$SystemModuleReader::findImageLocation (42 bytes)

VM state:not at safepoint (normal execution)

VM Mutex/Monitor currently owned by a thread: None

Heap address: 0x0000000081e00000, size: 2018 MB, Compressed Oops mode: 32-bit
Narrow klass base: 0x0000000000000000, Narrow klass shift: 3
Compressed class space size: 1073741824 Address: 0x0000000100000000

Heap:
 garbage-first heap   total 157696K, used 45440K [0x0000000081e00000, 0x0000000100000000)
  region size 1024K, 40 young (40960K), 5 survivors (5120K)
 Metaspace       used 29230K, capacity 29974K, committed 30080K, reserved 1075200K
  class space    used 3438K, capacity 3702K, committed 3712K, reserved 1048576K
Heap Regions: E=young(eden), S=young(survivor), O=old, HS=humongous(starts), HC=humongous(continues), CS=collection set, F=free, A=archive, TAMS=top-at-mark-start (previous, next)
|   0|0x0000000081e00000, 0x0000000081f00000, 0x0000000081f00000|100%|HS|  |TAMS 0x0000000081f00000, 0x0000000081e00000| Complete 
|   1|0x0000000081f00000, 0x0000000082000000, 0x0000000082000000|100%| O|  |TAMS 0x0000000082000000, 0x0000000081f00000| Untracked 
|   2|0x0000000082000000, 0x0000000082100000, 0x0000000082100000|100%| O|  |TAMS 0x0000000082100000, 0x0000000082000000| Untracked 
|   3|0x0000000082100000, 0x0000000082200000, 0x0000000082200000|100%| O|  |TAMS 0x0000000082200000, 0x0000000082100000| Untracked 
|   4|0x0000000082200000, 0x0000000082300000, 0x0000000082300000|100%| O|  |TAMS 0x0000000082300000, 0x0000000082200000| Untracked 
|   5|0x0000000082300000, 0x00000000823e5e00, 0x0000000082400000| 89%| O|  |TAMS 0x00000000823e5e00, 0x0000000082300000| Untracked 
|   6|0x0000000082400000, 0x0000000082400000, 0x0000000082500000|  0%| F|  |TAMS 0x0000000082400000, 0x0000000082400000| Untracked 
|   7|0x0000000082500000, 0x0000000082500000, 0x0000000082600000|  0%| F|  |TAMS 0x0000000082500000, 0x0000000082500000| Untracked 
|   8|0x0000000082600000, 0x0000000082600000, 0x0000000082700000|  0%| F|  |TAMS 0x0000000082600000, 0x0000000082600000| Untracked 
|   9|0x0000000082700000, 0x0000000082700000, 0x0000000082800000|  0%| F|  |TAMS 0x0000000082700000, 0x0000000082700000| Untracked 
|  10|0x0000000082800000, 0x0000000082800000, 0x0000000082900000|  0%| F|  |TAMS 0x0000000082800000, 0x0000000082800000| Untracked 
|  11|0x0000000082900000, 0x0000000082900000, 0x0000000082a00000|  0%| F|  |TAMS 0x0000000082900000, 0x0000000082900000| Untracked 
|  12|0x0000000082a00000, 0x0000000082a00000, 0x0000000082b00000|  0%| F|  |TAMS 0x0000000082a00000, 0x0000000082a00000| Untracked 
|  13|0x0000000082b00000, 0x0000000082b00000, 0x0000000082c00000|  0%| F|  |TAMS 0x0000000082b00000, 0x0000000082b00000| Untracked 
|  14|0x0000000082c00000, 0x0000000082c00000, 0x0000000082d00000|  0%| F|  |TAMS 0x0000000082c00000, 0x0000000082c00000| Untracked 
|  15|0x0000000082d00000, 0x0000000082d00000, 0x0000000082e00000|  0%| F|  |TAMS 0x0000000082d00000, 0x0000000082d00000| Untracked 
|  16|0x0000000082e00000, 0x0000000082e00000, 0x0000000082f00000|  0%| F|  |TAMS 0x0000000082e00000, 0x0000000082e00000| Untracked 
|  17|0x0000000082f00000, 0x0000000082f00000, 0x0000000083000000|  0%| F|  |TAMS 0x0000000082f00000, 0x0000000082f00000| Untracked 
|  18|0x0000000083000000, 0x0000000083000000, 0x0000000083100000|  0%| F|  |TAMS 0x0000000083000000, 0x0000000083000000| Untracked 
|  19|0x0000000083100000, 0x0000000083100000, 0x0000000083200000|  0%| F|  |TAMS 0x0000000083100000, 0x0000000083100000| Untracked 
|  20|0x0000000083200000, 0x0000000083200000, 0x0000000083300000|  0%| F|  |TAMS 0x0000000083200000, 0x0000000083200000| Untracked 
|  21|0x0000000083300000, 0x0000000083300000, 0x0000000083400000|  0%| F|  |TAMS 0x0000000083300000, 0x0000000083300000| Untracked 
|  22|0x0000000083400000, 0x0000000083400000, 0x0000000083500000|  0%| F|  |TAMS 0x0000000083400000, 0x0000000083400000| Untracked 
|  23|0x0000000083500000, 0x0000000083500000, 0x0000000083600000|  0%| F|  |TAMS 0x0000000083500000, 0x0000000083500000| Untracked 
|  24|0x0000000083600000, 0x0000000083600000, 0x0000000083700000|  0%| F|  |TAMS 0x0000000083600000, 0x0000000083600000| Untracked 
|  25|0x0000000083700000, 0x0000000083700000, 0x0000000083800000|  0%| F|  |TAMS 0x0000000083700000, 0x0000000083700000| Untracked 
|  26|0x0000000083800000, 0x0000000083800000, 0x0000000083900000|  0%| F|  |TAMS 0x0000000083800000, 0x0000000083800000| Untracked 
|  27|0x0000000083900000, 0x0000000083900000, 0x0000000083a00000|  0%| F|  |TAMS 0x0000000083900000, 0x0000000083900000| Untracked 
|  28|0x0000000083a00000, 0x0000000083a00000, 0x0000000083b00000|  0%| F|  |TAMS 0x0000000083a00000, 0x0000000083a00000| Untracked 
|  29|0x0000000083b00000, 0x0000000083b00000, 0x0000000083c00000|  0%| F|  |TAMS 0x0000000083b00000, 0x0000000083b00000| Untracked 
|  30|0x0000000083c00000, 0x0000000083c00000, 0x0000000083d00000|  0%| F|  |TAMS 0x0000000083c00000, 0x0000000083c00000| Untracked 
|  31|0x0000000083d00000, 0x0000000083d00000, 0x0000000083e00000|  0%| F|  |TAMS 0x0000000083d00000, 0x0000000083d00000| Untracked 
|  32|0x0000000083e00000, 0x0000000083e00000, 0x0000000083f00000|  0%| F|  |TAMS 0x0000000083e00000, 0x0000000083e00000| Untracked 
|  33|0x0000000083f00000, 0x0000000083f00000, 0x0000000084000000|  0%| F|  |TAMS 0x0000000083f00000, 0x0000000083f00000| Untracked 
|  34|0x0000000084000000, 0x0000000084000000, 0x0000000084100000|  0%| F|  |TAMS 0x0000000084000000, 0x0000000084000000| Untracked 
|  35|0x0000000084100000, 0x0000000084100000, 0x0000000084200000|  0%| F|  |TAMS 0x0000000084100000, 0x0000000084100000| Untracked 
|  36|0x0000000084200000, 0x0000000084200000, 0x0000000084300000|  0%| F|  |TAMS 0x0000000084200000, 0x0000000084200000| Untracked 
|  37|0x0000000084300000, 0x0000000084300000, 0x0000000084400000|  0%| F|  |TAMS 0x0000000084300000, 0x0000000084300000| Untracked 
|  38|0x0000000084400000, 0x0000000084400000, 0x0000000084500000|  0%| F|  |TAMS 0x0000000084400000, 0x0000000084400000| Untracked 
|  39|0x0000000084500000, 0x0000000084500000, 0x0000000084600000|  0%| F|  |TAMS 0x0000000084500000, 0x0000000084500000| Untracked 
|  40|0x0000000084600000, 0x0000000084600000, 0x0000000084700000|  0%| F|  |TAMS 0x0000000084600000, 0x0000000084600000| Untracked 
|  41|0x0000000084700000, 0x0000000084700000, 0x0000000084800000|  0%| F|  |TAMS 0x0000000084700000, 0x0000000084700000| Untracked 
|  42|0x0000000084800000, 0x0000000084800000, 0x0000000084900000|  0%| F|  |TAMS 0x0000000084800000, 0x0000000084800000| Untracked 
|  43|0x0000000084900000, 0x0000000084900000, 0x0000000084a00000|  0%| F|  |TAMS 0x0000000084900000, 0x0000000084900000| Untracked 
|  44|0x0000000084a00000, 0x0000000084a00000, 0x0000000084b00000|  0%| F|  |TAMS 0x0000000084a00000, 0x0000000084a00000| Untracked 
|  45|0x0000000084b00000, 0x0000000084b00000, 0x0000000084c00000|  0%| F|  |TAMS 0x0000000084b00000, 0x0000000084b00000| Untracked 
|  46|0x0000000084c00000, 0x0000000084c00000, 0x0000000084d00000|  0%| F|  |TAMS 0x0000000084c00000, 0x0000000084c00000| Untracked 
|  47|0x0000000084d00000, 0x0000000084d00000, 0x0000000084e00000|  0%| F|  |TAMS 0x0000000084d00000, 0x0000000084d00000| Untracked 
|  48|0x0000000084e00000, 0x0000000084e7a260, 0x0000000084f00000| 47%| S|CS|TAMS 0x0000000084e00000, 0x0000000084e00000| Complete 
|  49|0x0000000084f00000, 0x0000000085000000, 0x0000000085000000|100%| S|CS|TAMS 0x0000000084f00000, 0x0000000084f00000| Complete 
|  50|0x0000000085000000, 0x0000000085100000, 0x0000000085100000|100%| S|CS|TAMS 0x0000000085000000, 0x0000000085000000| Complete 
|  51|0x0000000085100000, 0x0000000085200000, 0x0000000085200000|100%| S|CS|TAMS 0x0000000085100000, 0x0000000085100000| Complete 
|  52|0x0000000085200000, 0x0000000085300000, 0x0000000085300000|100%| S|CS|TAMS 0x0000000085200000, 0x0000000085200000| Complete 
|  53|0x0000000085300000, 0x0000000085300000, 0x0000000085400000|  0%| F|  |TAMS 0x0000000085300000, 0x0000000085300000| Untracked 
|  54|0x0000000085400000, 0x0000000085400000, 0x0000000085500000|  0%| F|  |TAMS 0x0000000085400000, 0x0000000085400000| Untracked 
|  55|0x0000000085500000, 0x0000000085500000, 0x0000000085600000|  0%| F|  |TAMS 0x0000000085500000, 0x0000000085500000| Untracked 
|  56|0x0000000085600000, 0x0000000085600000, 0x0000000085700000|  0%| F|  |TAMS 0x0000000085600000, 0x0000000085600000| Untracked 
|  57|0x0000000085700000, 0x0000000085700000, 0x0000000085800000|  0%| F|  |TAMS 0x0000000085700000, 0x0000000085700000| Untracked 
|  58|0x0000000085800000, 0x0000000085800000, 0x0000000085900000|  0%| F|  |TAMS 0x0000000085800000, 0x0000000085800000| Untracked 
|  59|0x0000000085900000, 0x0000000085900000, 0x0000000085a00000|  0%| F|  |TAMS 0x0000000085900000, 0x0000000085900000| Untracked 
|  60|0x0000000085a00000, 0x0000000085a00000, 0x0000000085b00000|  0%| F|  |TAMS 0x0000000085a00000, 0x0000000085a00000| Untracked 
|  61|0x0000000085b00000, 0x0000000085b00000, 0x0000000085c00000|  0%| F|  |TAMS 0x0000000085b00000, 0x0000000085b00000| Untracked 
|  62|0x0000000085c00000, 0x0000000085c00000, 0x0000000085d00000|  0%| F|  |TAMS 0x0000000085c00000, 0x0000000085c00000| Untracked 
|  63|0x0000000085d00000, 0x0000000085d00000, 0x0000000085e00000|  0%| F|  |TAMS 0x0000000085d00000, 0x0000000085d00000| Untracked 
|  64|0x0000000085e00000, 0x0000000085e00000, 0x0000000085f00000|  0%| F|  |TAMS 0x0000000085e00000, 0x0000000085e00000| Untracked 
|  65|0x0000000085f00000, 0x0000000085f00000, 0x0000000086000000|  0%| F|  |TAMS 0x0000000085f00000, 0x0000000085f00000| Untracked 
|  66|0x0000000086000000, 0x0000000086000000, 0x0000000086100000|  0%| F|  |TAMS 0x0000000086000000, 0x0000000086000000| Untracked 
|  67|0x0000000086100000, 0x0000000086100000, 0x0000000086200000|  0%| F|  |TAMS 0x0000000086100000, 0x0000000086100000| Untracked 
|  68|0x0000000086200000, 0x0000000086200000, 0x0000000086300000|  0%| F|  |TAMS 0x0000000086200000, 0x0000000086200000| Untracked 
|  69|0x0000000086300000, 0x0000000086300000, 0x0000000086400000|  0%| F|  |TAMS 0x0000000086300000, 0x0000000086300000| Untracked 
|  70|0x0000000086400000, 0x0000000086400000, 0x0000000086500000|  0%| F|  |TAMS 0x0000000086400000, 0x0000000086400000| Untracked 
|  71|0x0000000086500000, 0x0000000086500000, 0x0000000086600000|  0%| F|  |TAMS 0x0000000086500000, 0x0000000086500000| Untracked 
|  72|0x0000000086600000, 0x0000000086600000, 0x0000000086700000|  0%| F|  |TAMS 0x0000000086600000, 0x0000000086600000| Untracked 
|  73|0x0000000086700000, 0x0000000086700000, 0x0000000086800000|  0%| F|  |TAMS 0x0000000086700000, 0x0000000086700000| Untracked 
|  74|0x0000000086800000, 0x0000000086800000, 0x0000000086900000|  0%| F|  |TAMS 0x0000000086800000, 0x0000000086800000| Untracked 
|  75|0x0000000086900000, 0x0000000086900000, 0x0000000086a00000|  0%| F|  |TAMS 0x0000000086900000, 0x0000000086900000| Untracked 
|  76|0x0000000086a00000, 0x0000000086a00000, 0x0000000086b00000|  0%| F|  |TAMS 0x0000000086a00000, 0x0000000086a00000| Untracked 
|  77|0x0000000086b00000, 0x0000000086b00000, 0x0000000086c00000|  0%| F|  |TAMS 0x0000000086b00000, 0x0000000086b00000| Untracked 
|  78|0x0000000086c00000, 0x0000000086c00000, 0x0000000086d00000|  0%| F|  |TAMS 0x0000000086c00000, 0x0000000086c00000| Untracked 
|  79|0x0000000086d00000, 0x0000000086d00000, 0x0000000086e00000|  0%| F|  |TAMS 0x0000000086d00000, 0x0000000086d00000| Untracked 
|  80|0x0000000086e00000, 0x0000000086e00000, 0x0000000086f00000|  0%| F|  |TAMS 0x0000000086e00000, 0x0000000086e00000| Untracked 
|  81|0x0000000086f00000, 0x0000000086f00000, 0x0000000087000000|  0%| F|  |TAMS 0x0000000086f00000, 0x0000000086f00000| Untracked 
|  82|0x0000000087000000, 0x0000000087000000, 0x0000000087100000|  0%| F|  |TAMS 0x0000000087000000, 0x0000000087000000| Untracked 
|  83|0x0000000087100000, 0x0000000087100000, 0x0000000087200000|  0%| F|  |TAMS 0x0000000087100000, 0x0000000087100000| Untracked 
|  84|0x0000000087200000, 0x0000000087200000, 0x0000000087300000|  0%| F|  |TAMS 0x0000000087200000, 0x0000000087200000| Untracked 
|  85|0x0000000087300000, 0x0000000087300000, 0x0000000087400000|  0%| F|  |TAMS 0x0000000087300000, 0x0000000087300000| Untracked 
|  86|0x0000000087400000, 0x0000000087400000, 0x0000000087500000|  0%| F|  |TAMS 0x0000000087400000, 0x0000000087400000| Untracked 
|  87|0x0000000087500000, 0x0000000087500000, 0x0000000087600000|  0%| F|  |TAMS 0x0000000087500000, 0x0000000087500000| Untracked 
|  88|0x0000000087600000, 0x0000000087600000, 0x0000000087700000|  0%| F|  |TAMS 0x0000000087600000, 0x0000000087600000| Untracked 
|  89|0x0000000087700000, 0x0000000087700000, 0x0000000087800000|  0%| F|  |TAMS 0x0000000087700000, 0x0000000087700000| Untracked 
|  90|0x0000000087800000, 0x0000000087800000, 0x0000000087900000|  0%| F|  |TAMS 0x0000000087800000, 0x0000000087800000| Untracked 
|  91|0x0000000087900000, 0x0000000087900000, 0x0000000087a00000|  0%| F|  |TAMS 0x0000000087900000, 0x0000000087900000| Untracked 
|  92|0x0000000087a00000, 0x0000000087a00000, 0x0000000087b00000|  0%| F|  |TAMS 0x0000000087a00000, 0x0000000087a00000| Untracked 
|  93|0x0000000087b00000, 0x0000000087b00000, 0x0000000087c00000|  0%| F|  |TAMS 0x0000000087b00000, 0x0000000087b00000| Untracked 
|  94|0x0000000087c00000, 0x0000000087c00000, 0x0000000087d00000|  0%| F|  |TAMS 0x0000000087c00000, 0x0000000087c00000| Untracked 
|  95|0x0000000087d00000, 0x0000000087d00000, 0x0000000087e00000|  0%| F|  |TAMS 0x0000000087d00000, 0x0000000087d00000| Untracked 
|  96|0x0000000087e00000, 0x0000000087e00000, 0x0000000087f00000|  0%| F|  |TAMS 0x0000000087e00000, 0x0000000087e00000| Untracked 
|  97|0x0000000087f00000, 0x0000000087f00000, 0x0000000088000000|  0%| F|  |TAMS 0x0000000087f00000, 0x0000000087f00000| Untracked 
|  98|0x0000000088000000, 0x0000000088000000, 0x0000000088100000|  0%| F|  |TAMS 0x0000000088000000, 0x0000000088000000| Untracked 
|  99|0x0000000088100000, 0x0000000088100000, 0x0000000088200000|  0%| F|  |TAMS 0x0000000088100000, 0x0000000088100000| Untracked 
| 100|0x0000000088200000, 0x0000000088200000, 0x0000000088300000|  0%| F|  |TAMS 0x0000000088200000, 0x0000000088200000| Untracked 
| 101|0x0000000088300000, 0x0000000088300000, 0x0000000088400000|  0%| F|  |TAMS 0x0000000088300000, 0x0000000088300000| Untracked 
| 102|0x0000000088400000, 0x0000000088400000, 0x0000000088500000|  0%| F|  |TAMS 0x0000000088400000, 0x0000000088400000| Untracked 
| 103|0x0000000088500000, 0x0000000088500000, 0x0000000088600000|  0%| F|  |TAMS 0x0000000088500000, 0x0000000088500000| Untracked 
| 104|0x0000000088600000, 0x0000000088600000, 0x0000000088700000|  0%| F|  |TAMS 0x0000000088600000, 0x0000000088600000| Untracked 
| 105|0x0000000088700000, 0x0000000088700000, 0x0000000088800000|  0%| F|  |TAMS 0x0000000088700000, 0x0000000088700000| Untracked 
| 106|0x0000000088800000, 0x0000000088800000, 0x0000000088900000|  0%| F|  |TAMS 0x0000000088800000, 0x0000000088800000| Untracked 
| 107|0x0000000088900000, 0x0000000088900000, 0x0000000088a00000|  0%| F|  |TAMS 0x0000000088900000, 0x0000000088900000| Untracked 
| 108|0x0000000088a00000, 0x0000000088a00000, 0x0000000088b00000|  0%| F|  |TAMS 0x0000000088a00000, 0x0000000088a00000| Untracked 
| 109|0x0000000088b00000, 0x0000000088b00000, 0x0000000088c00000|  0%| F|  |TAMS 0x0000000088b00000, 0x0000000088b00000| Untracked 
| 110|0x0000000088c00000, 0x0000000088c00000, 0x0000000088d00000|  0%| F|  |TAMS 0x0000000088c00000, 0x0000000088c00000| Untracked 
| 111|0x0000000088d00000, 0x0000000088d00000, 0x0000000088e00000|  0%| F|  |TAMS 0x0000000088d00000, 0x0000000088d00000| Untracked 
| 112|0x0000000088e00000, 0x0000000088e00000, 0x0000000088f00000|  0%| F|  |TAMS 0x0000000088e00000, 0x0000000088e00000| Untracked 
| 113|0x0000000088f00000, 0x0000000088f00000, 0x0000000089000000|  0%| F|  |TAMS 0x0000000088f00000, 0x0000000088f00000| Untracked 
| 114|0x0000000089000000, 0x0000000089000000, 0x0000000089100000|  0%| F|  |TAMS 0x0000000089000000, 0x0000000089000000| Untracked 
| 115|0x0000000089100000, 0x0000000089100000, 0x0000000089200000|  0%| F|  |TAMS 0x0000000089100000, 0x0000000089100000| Untracked 
| 116|0x0000000089200000, 0x0000000089200000, 0x0000000089300000|  0%| F|  |TAMS 0x0000000089200000, 0x0000000089200000| Untracked 
| 117|0x0000000089300000, 0x0000000089300000, 0x0000000089400000|  0%| F|  |TAMS 0x0000000089300000, 0x0000000089300000| Untracked 
| 118|0x0000000089400000, 0x0000000089400000, 0x0000000089500000|  0%| F|  |TAMS 0x0000000089400000, 0x0000000089400000| Untracked 
| 119|0x0000000089500000, 0x0000000089580800, 0x0000000089600000| 50%| E|  |TAMS 0x0000000089500000, 0x0000000089500000| Complete 
| 120|0x0000000089600000, 0x0000000089700000, 0x0000000089700000|100%| E|CS|TAMS 0x0000000089600000, 0x0000000089600000| Complete 
| 121|0x0000000089700000, 0x0000000089800000, 0x0000000089800000|100%| E|CS|TAMS 0x0000000089700000, 0x0000000089700000| Complete 
| 122|0x0000000089800000, 0x0000000089900000, 0x0000000089900000|100%| E|CS|TAMS 0x0000000089800000, 0x0000000089800000| Complete 
| 123|0x0000000089900000, 0x0000000089a00000, 0x0000000089a00000|100%| E|CS|TAMS 0x0000000089900000, 0x0000000089900000| Complete 
| 124|0x0000000089a00000, 0x0000000089b00000, 0x0000000089b00000|100%| E|CS|TAMS 0x0000000089a00000, 0x0000000089a00000| Complete 
| 125|0x0000000089b00000, 0x0000000089c00000, 0x0000000089c00000|100%| E|CS|TAMS 0x0000000089b00000, 0x0000000089b00000| Complete 
| 126|0x0000000089c00000, 0x0000000089d00000, 0x0000000089d00000|100%| E|CS|TAMS 0x0000000089c00000, 0x0000000089c00000| Complete 
| 127|0x0000000089d00000, 0x0000000089e00000, 0x0000000089e00000|100%| E|CS|TAMS 0x0000000089d00000, 0x0000000089d00000| Complete 
| 128|0x0000000089e00000, 0x0000000089f00000, 0x0000000089f00000|100%| E|CS|TAMS 0x0000000089e00000, 0x0000000089e00000| Complete 
| 129|0x0000000089f00000, 0x000000008a000000, 0x000000008a000000|100%| E|CS|TAMS 0x0000000089f00000, 0x0000000089f00000| Complete 
| 130|0x000000008a000000, 0x000000008a100000, 0x000000008a100000|100%| E|CS|TAMS 0x000000008a000000, 0x000000008a000000| Complete 
| 131|0x000000008a100000, 0x000000008a200000, 0x000000008a200000|100%| E|CS|TAMS 0x000000008a100000, 0x000000008a100000| Complete 
| 132|0x000000008a200000, 0x000000008a300000, 0x000000008a300000|100%| E|CS|TAMS 0x000000008a200000, 0x000000008a200000| Complete 
| 133|0x000000008a300000, 0x000000008a400000, 0x000000008a400000|100%| E|CS|TAMS 0x000000008a300000, 0x000000008a300000| Complete 
| 134|0x000000008a400000, 0x000000008a500000, 0x000000008a500000|100%| E|CS|TAMS 0x000000008a400000, 0x000000008a400000| Complete 
| 135|0x000000008a500000, 0x000000008a600000, 0x000000008a600000|100%| E|CS|TAMS 0x000000008a500000, 0x000000008a500000| Complete 
| 136|0x000000008a600000, 0x000000008a700000, 0x000000008a700000|100%| E|CS|TAMS 0x000000008a600000, 0x000000008a600000| Complete 
| 137|0x000000008a700000, 0x000000008a800000, 0x000000008a800000|100%| E|CS|TAMS 0x000000008a700000, 0x000000008a700000| Complete 
| 138|0x000000008a800000, 0x000000008a900000, 0x000000008a900000|100%| E|CS|TAMS 0x000000008a800000, 0x000000008a800000| Complete 
| 139|0x000000008a900000, 0x000000008aa00000, 0x000000008aa00000|100%| E|CS|TAMS 0x000000008a900000, 0x000000008a900000| Complete 
| 140|0x000000008aa00000, 0x000000008ab00000, 0x000000008ab00000|100%| E|CS|TAMS 0x000000008aa00000, 0x000000008aa00000| Complete 
| 141|0x000000008ab00000, 0x000000008ac00000, 0x000000008ac00000|100%| E|CS|TAMS 0x000000008ab00000, 0x000000008ab00000| Complete 
| 142|0x000000008ac00000, 0x000000008ad00000, 0x000000008ad00000|100%| E|CS|TAMS 0x000000008ac00000, 0x000000008ac00000| Complete 
| 143|0x000000008ad00000, 0x000000008ae00000, 0x000000008ae00000|100%| E|CS|TAMS 0x000000008ad00000, 0x000000008ad00000| Complete 
| 144|0x000000008ae00000, 0x000000008af00000, 0x000000008af00000|100%| E|CS|TAMS 0x000000008ae00000, 0x000000008ae00000| Complete 
| 145|0x000000008af00000, 0x000000008b000000, 0x000000008b000000|100%| E|CS|TAMS 0x000000008af00000, 0x000000008af00000| Complete 
| 146|0x000000008b000000, 0x000000008b100000, 0x000000008b100000|100%| E|CS|TAMS 0x000000008b000000, 0x000000008b000000| Complete 
| 147|0x000000008b100000, 0x000000008b200000, 0x000000008b200000|100%| E|CS|TAMS 0x000000008b100000, 0x000000008b100000| Complete 
| 148|0x000000008b200000, 0x000000008b300000, 0x000000008b300000|100%| E|CS|TAMS 0x000000008b200000, 0x000000008b200000| Complete 
| 149|0x000000008b300000, 0x000000008b400000, 0x000000008b400000|100%| E|CS|TAMS 0x000000008b300000, 0x000000008b300000| Complete 
| 150|0x000000008b400000, 0x000000008b500000, 0x000000008b500000|100%| E|CS|TAMS 0x000000008b400000, 0x000000008b400000| Complete 
| 151|0x000000008b500000, 0x000000008b600000, 0x000000008b600000|100%| E|CS|TAMS 0x000000008b500000, 0x000000008b500000| Complete 
| 152|0x000000008b600000, 0x000000008b700000, 0x000000008b700000|100%| E|CS|TAMS 0x000000008b600000, 0x000000008b600000| Complete 
| 153|0x000000008b700000, 0x000000008b800000, 0x000000008b800000|100%| E|CS|TAMS 0x000000008b700000, 0x000000008b700000| Complete 

Card table byte_map: [0x0000022198650000,0x0000022198a50000] _byte_map_base: 0x0000022198241000

Marking Bits (Prev, Next): (CMBitMap*) 0x00000221ff49b0b0, (CMBitMap*) 0x00000221ff49b078
 Prev Bits: [0x000002219ade0000, 0x000002219cd68000)
 Next Bits: [0x0000022198e50000, 0x000002219add8000)

Polling page: 0x00000221fef70000

Metaspace:

Usage:
  Non-class:     25.66 MB capacity,    25.22 MB ( 98%) used,   370.86 KB (  1%) free+waste,    82.88 KB ( <1%) overhead. 
      Class:      3.62 MB capacity,     3.36 MB ( 93%) used,   221.75 KB (  6%) free+waste,    40.06 KB (  1%) overhead. 
       Both:     29.27 MB capacity,    28.58 MB ( 98%) used,   592.61 KB (  2%) free+waste,   122.94 KB ( <1%) overhead. 

Virtual space:
  Non-class space:       26.00 MB reserved,      25.75 MB (>99%) committed 
      Class space:        1.00 GB reserved,       3.63 MB ( <1%) committed 
             Both:        1.03 GB reserved,      29.38 MB (  3%) committed 

Chunk freelists:
   Non-Class:  3.75 KB
       Class:  1.13 KB
        Both:  4.88 KB

CodeHeap 'non-profiled nmethods': size=120064Kb used=1029Kb max_used=1029Kb free=119034Kb
 bounds [0x0000022191110000, 0x0000022191380000, 0x0000022198650000]
CodeHeap 'profiled nmethods': size=120000Kb used=5468Kb max_used=5468Kb free=114531Kb
 bounds [0x0000022189be0000, 0x000002218a140000, 0x0000022191110000]
CodeHeap 'non-nmethods': size=5696Kb used=1126Kb max_used=1179Kb free=4569Kb
 bounds [0x0000022189650000, 0x00000221898c0000, 0x0000022189be0000]
 total_blobs=3528 nmethods=2477 adapters=355
 compilation: enabled
              stopped_count=0, restarted_count=0
 full_count=0

Compilation events (10 events):
Event: 2.435 Thread 0x000002219fd1b800 nmethod 2453 0x000002218a0a7a90 code [0x000002218a0a7cc0, 0x000002218a0a8400]
Event: 2.435 Thread 0x000002219fd1b800 2448       3       org.springframework.core.type.classreading.SimpleAnnotationMetadataReadingVisitor$$Lambda$253/0x00000001002bf840::get (8 bytes)
Event: 2.435 Thread 0x000002219fd1b800 nmethod 2448 0x000002218a0a8610 code [0x000002218a0a87e0, 0x000002218a0a8bb8]
Event: 2.435 Thread 0x000002219fd1b800 2447       3       org.springframework.boot.autoconfigure.condition.OnBeanCondition::getOutcome (54 bytes)
Event: 2.436 Thread 0x000002219fd1b800 nmethod 2447 0x000002218a0a8d10 code [0x000002218a0a8fa0, 0x000002218a0a9a40]
Event: 2.436 Thread 0x000002219fd1b800 2454       3       java.util.stream.StreamSupport::stream (19 bytes)
Event: 2.436 Thread 0x000002219fd1b800 nmethod 2454 0x000002218a0a9e90 code [0x000002218a0aa080, 0x000002218a0aa4f0]
Event: 2.441 Thread 0x000002219fd1b800 2455       3       org.springframework.beans.factory.support.DefaultSingletonBeanRegistry::getSingleton (7 bytes)
Event: 2.441 Thread 0x000002219fd1b800 nmethod 2455 0x000002218a0aa690 code [0x000002218a0aa840, 0x000002218a0aaa50]
Event: 2.441 Thread 0x000002219fd1b800 2456   !   3       org.springframework.beans.factory.support.AbstractBeanFactory::doGetBean (832 bytes)

GC Heap History (10 events):
Event: 0.669 GC heap before
{Heap before GC invocations=1 (full 0):
 garbage-first heap   total 131072K, used 14255K [0x0000000081e00000, 0x0000000100000000)
  region size 1024K, 10 young (10240K), 2 survivors (2048K)
 Metaspace       used 11059K, capacity 11241K, committed 11392K, reserved 1058816K
  class space    used 1063K, capacity 1110K, committed 1152K, reserved 1048576K
}
Event: 0.672 GC heap after
{Heap after GC invocations=2 (full 0):
 garbage-first heap   total 131072K, used 6460K [0x0000000081e00000, 0x0000000100000000)
  region size 1024K, 1 young (1024K), 1 survivors (1024K)
 Metaspace       used 11059K, capacity 11241K, committed 11392K, reserved 1058816K
  class space    used 1063K, capacity 1110K, committed 1152K, reserved 1048576K
}
Event: 0.690 GC heap before
{Heap before GC invocations=2 (full 0):
 garbage-first heap   total 131072K, used 32060K [0x0000000081e00000, 0x0000000100000000)
  region size 1024K, 27 young (27648K), 1 survivors (1024K)
 Metaspace       used 11063K, capacity 11241K, committed 11392K, reserved 1058816K
  class space    used 1063K, capacity 1110K, committed 1152K, reserved 1048576K
}
Event: 0.691 GC heap after
{Heap after GC invocations=3 (full 0):
 garbage-first heap   total 131072K, used 6579K [0x0000000081e00000, 0x0000000100000000)
  region size 1024K, 1 young (1024K), 1 survivors (1024K)
 Metaspace       used 11063K, capacity 11241K, committed 11392K, reserved 1058816K
  class space    used 1063K, capacity 1110K, committed 1152K, reserved 1048576K
}
Event: 1.345 GC heap before
{Heap before GC invocations=3 (full 0):
 garbage-first heap   total 131072K, used 53683K [0x0000000081e00000, 0x0000000100000000)
  region size 1024K, 48 young (49152K), 1 survivors (1024K)
 Metaspace       used 18393K, capacity 18887K, committed 19200K, reserved 1067008K
  class space    used 2019K, capacity 2184K, committed 2304K, reserved 1048576K
}
Event: 1.349 GC heap after
{Heap after GC invocations=4 (full 0):
 garbage-first heap   total 131072K, used 8196K [0x0000000081e00000, 0x0000000100000000)
  region size 1024K, 3 young (3072K), 3 survivors (3072K)
 Metaspace       used 18393K, capacity 18887K, committed 19200K, reserved 1067008K
  class space    used 2019K, capacity 2184K, committed 2304K, reserved 1048576K
}
Event: 1.605 GC heap before
{Heap before GC invocations=4 (full 0):
 garbage-first heap   total 131072K, used 26628K [0x0000000081e00000, 0x0000000100000000)
  region size 1024K, 22 young (22528K), 3 survivors (3072K)
 Metaspace       used 20505K, capacity 21000K, committed 21248K, reserved 1069056K
  class space    used 2366K, capacity 2545K, committed 2560K, reserved 1048576K
}
Event: 1.609 GC heap after
{Heap after GC invocations=5 (full 0):
 garbage-first heap   total 131072K, used 9002K [0x0000000081e00000, 0x0000000100000000)
  region size 1024K, 3 young (3072K), 3 survivors (3072K)
 Metaspace       used 20505K, capacity 21000K, committed 21248K, reserved 1069056K
  class space    used 2366K, capacity 2545K, committed 2560K, reserved 1048576K
}
Event: 2.055 GC heap before
{Heap before GC invocations=6 (full 0):
 garbage-first heap   total 131072K, used 81706K [0x0000000081e00000, 0x0000000100000000)
  region size 1024K, 75 young (76800K), 3 survivors (3072K)
 Metaspace       used 26434K, capacity 27084K, committed 27136K, reserved 1073152K
  class space    used 3074K, capacity 3317K, committed 3328K, reserved 1048576K
}
Event: 2.062 GC heap after
{Heap after GC invocations=7 (full 0):
 garbage-first heap   total 157696K, used 10624K [0x0000000081e00000, 0x0000000100000000)
  region size 1024K, 5 young (5120K), 5 survivors (5120K)
 Metaspace       used 26434K, capacity 27084K, committed 27136K, reserved 1073152K
  class space    used 3074K, capacity 3317K, committed 3328K, reserved 1048576K
}

Deoptimization events (10 events):
Event: 1.757 Thread 0x00000221a0c6c800 Uncommon trap: reason=bimorphic_or_optimized_type_check action=maybe_recompile pc=0x00000221911b1270 method=java.util.HashMap.putVal(ILjava/lang/Object;Ljava/lang/Object;ZZ)Ljava/lang/Object; @ 203 c2
Event: 1.769 Thread 0x00000221a0c6c800 Uncommon trap: reason=bimorphic_or_optimized_type_check action=maybe_recompile pc=0x00000221911b1270 method=java.util.HashMap.putVal(ILjava/lang/Object;Ljava/lang/Object;ZZ)Ljava/lang/Object; @ 203 c2
Event: 2.151 Thread 0x00000221a0705800 Uncommon trap: reason=bimorphic_or_optimized_type_check action=maybe_recompile pc=0x00000221911b1270 method=java.util.HashMap.putVal(ILjava/lang/Object;Ljava/lang/Object;ZZ)Ljava/lang/Object; @ 203 c2
Event: 2.251 Thread 0x00000221a0c6c800 Uncommon trap: reason=unstable_if action=reinterpret pc=0x000002219116bd2c method=jdk.internal.org.objectweb.asm.Type.getArgumentsAndReturnSizes(Ljava/lang/String;)I @ 47 c2
Event: 2.251 Thread 0x00000221a0c6c800 Uncommon trap: reason=unstable_if action=reinterpret pc=0x00000221911d1f20 method=jdk.internal.org.objectweb.asm.Frame.push(Ljdk/internal/org/objectweb/asm/ClassWriter;Ljava/lang/String;)V @ 18 c2
Event: 2.267 Thread 0x00000221a0705800 Uncommon trap: reason=unstable_if action=reinterpret pc=0x0000022191199a14 method=org.springframework.boot.context.properties.source.ConfigurationPropertyName$ElementsParser.add(IILorg/springframework/boot/context/properties/source/ConfigurationPropertyNa
Event: 2.380 Thread 0x00000221a0705800 Uncommon trap: reason=profile_predicate action=maybe_recompile pc=0x00000221912012e0 method=jdk.internal.jimage.ImageStringsReader.charsFromByteBuffer([CLjava/nio/ByteBuffer;)V @ 6 c2
Event: 2.380 Thread 0x00000221a0705800 Uncommon trap: reason=profile_predicate action=maybe_recompile pc=0x00000221912012e0 method=jdk.internal.jimage.ImageStringsReader.charsFromByteBuffer([CLjava/nio/ByteBuffer;)V @ 6 c2
Event: 2.380 Thread 0x00000221a0705800 Uncommon trap: reason=profile_predicate action=maybe_recompile pc=0x00000221912012e0 method=jdk.internal.jimage.ImageStringsReader.charsFromByteBuffer([CLjava/nio/ByteBuffer;)V @ 6 c2
Event: 2.380 Thread 0x00000221a0705800 Uncommon trap: reason=profile_predicate action=maybe_recompile pc=0x00000221912012e0 method=jdk.internal.jimage.ImageStringsReader.charsFromByteBuffer([CLjava/nio/ByteBuffer;)V @ 6 c2

Classes redefined (0 events):
No events

Internal exceptions (10 events):
Event: 1.832 Thread 0x00000221a0c6c800 Exception <a 'java/lang/NoSuchMethodError'{0x0000000088cce790}: java.lang.invoke.DirectMethodHandle$Holder.invokeSpecial(Ljava/lang/Object;Ljava/lang/Object;IILjava/lang/Object;Ljava/lang/Object;Ljava/lang/Object;)Ljava/lang/Object;> (0x0000000088cce790) 
Event: 1.832 Thread 0x00000221a0c6c800 Exception <a 'java/lang/NoSuchMethodError'{0x0000000088cd1d18}: java.lang.invoke.DelegatingMethodHandle$Holder.reinvoke_L(Ljava/lang/Object;IILjava/lang/Object;Ljava/lang/Object;Ljava/lang/Object;)Ljava/lang/Object;> (0x0000000088cd1d18) thrown at [t:/wor
Event: 2.034 Thread 0x00000221a0705800 Exception <a 'java/lang/IncompatibleClassChangeError'{0x00000000854b8d00}: Found class java.lang.Object, but interface was expected> (0x00000000854b8d00) thrown at [t:/workspace/open/src/hotspot/share/interpreter/linkResolver.cpp, line 838]
Event: 2.112 Thread 0x00000221a0705800 Exception <a 'java/lang/NoSuchMethodError'{0x000000008b4b2ea8}: java.lang.invoke.DirectMethodHandle$Holder.invokeInterface(Ljava/lang/Object;Ljava/lang/Object;Ljava/lang/Object;Ljava/lang/Object;)V> (0x000000008b4b2ea8) thrown at [t:/workspace/open/src/ho
Event: 2.251 Thread 0x00000221a0c6c800 Exception <a 'java/lang/NoSuchMethodError'{0x000000008a948a48}: java.lang.invoke.DirectMethodHandle$Holder.invokeSpecial(Ljava/lang/Object;Ljava/lang/Object;)J> (0x000000008a948a48) thrown at [t:/workspace/open/src/hotspot/share/interpreter/linkResolver.c
Event: 2.253 Thread 0x00000221a0c6c800 Exception <a 'java/lang/NoSuchMethodError'{0x000000008a952df8}: java.lang.invoke.DirectMethodHandle$Holder.invokeStatic(Ljava/lang/Object;Ljava/lang/Object;)J> (0x000000008a952df8) thrown at [t:/workspace/open/src/hotspot/share/interpreter/linkResolver.cp
Event: 2.254 Thread 0x00000221a0c6c800 Exception <a 'java/lang/NoSuchMethodError'{0x000000008a955c20}: java.lang.invoke.DirectMethodHandle$Holder.invokeStaticInit(Ljava/lang/Object;Ljava/lang/Object;)J> (0x000000008a955c20) thrown at [t:/workspace/open/src/hotspot/share/interpreter/linkResolve
Event: 2.259 Thread 0x00000221a0c6c800 Exception <a 'java/lang/NoSuchMethodError'{0x000000008a962040}: java.lang.invoke.DirectMethodHandle$Holder.invokeInterface(Ljava/lang/Object;Ljava/lang/Object;)J> (0x000000008a962040) thrown at [t:/workspace/open/src/hotspot/share/interpreter/linkResolver
Event: 2.263 Thread 0x00000221a0c6c800 Exception <a 'java/lang/IncompatibleClassChangeError'{0x000000008a964dd8}: Found class java.lang.Object, but interface was expected> (0x000000008a964dd8) thrown at [t:/workspace/open/src/hotspot/share/interpreter/linkResolver.cpp, line 838]
Event: 2.285 Thread 0x00000221a0c6c800 Exception <a 'java/lang/NoSuchMethodError'{0x000000008a70a530}: java.lang.invoke.DirectMethodHandle$Holder.invokeVirtual(Ljava/lang/Object;Ljava/lang/Object;Ljava/lang/Object;Ljava/lang/Object;)Ljava/lang/Object;> (0x000000008a70a530) thrown at [t:/worksp

Events (10 events):
Event: 2.439 loading class org/springframework/data/repository/config/RepositoryConfigurationSource
Event: 2.439 loading class org/springframework/data/repository/config/RepositoryConfigurationSource done
Event: 2.440 loading class org/springframework/boot/autoconfigure/data/AbstractRepositoryConfigurationSourceSupport$1
Event: 2.440 loading class org/springframework/boot/autoconfigure/data/AbstractRepositoryConfigurationSourceSupport$1 done
Event: 2.440 loading class org/springframework/boot/autoconfigure/data/AbstractRepositoryConfigurationSourceSupport$AutoConfiguredAnnotationRepositoryConfigurationSource
Event: 2.440 loading class org/springframework/boot/autoconfigure/data/AbstractRepositoryConfigurationSourceSupport$AutoConfiguredAnnotationRepositoryConfigurationSource done
Event: 2.441 loading class org/springframework/data/repository/config/RepositoryConfigurationExtension
Event: 2.441 loading class org/springframework/data/repository/config/RepositoryConfigurationExtension done
Event: 2.449 loading class com/fasterxml/jackson/module/paramnames/ParameterNamesModule
Event: 2.449 loading class com/fasterxml/jackson/module/paramnames/ParameterNamesModule done


Dynamic libraries:
0x00007ff666d30000 - 0x00007ff666d75000 	C:\Program Files (x86)\Java\jdk-11.0.2\bin\javaw.exe
0x00007ffc3abf0000 - 0x00007ffc3ade5000 	C:\WINDOWS\SYSTEM32\ntdll.dll
0x00007ffc3a520000 - 0x00007ffc3a5dd000 	C:\WINDOWS\System32\KERNEL32.DLL
0x00007ffc38660000 - 0x00007ffc38929000 	C:\WINDOWS\System32\KERNELBASE.dll
0x00007ffc39380000 - 0x00007ffc39520000 	C:\WINDOWS\System32\USER32.dll
0x00007ffc38a40000 - 0x00007ffc38a62000 	C:\WINDOWS\System32\win32u.dll
0x00007ffc3a4f0000 - 0x00007ffc3a51a000 	C:\WINDOWS\System32\GDI32.dll
0x00007ffc38930000 - 0x00007ffc38a3b000 	C:\WINDOWS\System32\gdi32full.dll
0x00007ffc38400000 - 0x00007ffc3849d000 	C:\WINDOWS\System32\msvcp_win.dll
0x00007ffc38b50000 - 0x00007ffc38c50000 	C:\WINDOWS\System32\ucrtbase.dll
0x00007ffc1fb30000 - 0x00007ffc1fdca000 	C:\WINDOWS\WinSxS\amd64_microsoft.windows.common-controls_6595b64144ccf1df_6.0.19041.844_none_ca00b6081b84eb1d\COMCTL32.dll
0x00007ffc38f20000 - 0x00007ffc38fbe000 	C:\WINDOWS\System32\msvcrt.dll
0x00007ffc3ab80000 - 0x00007ffc3abb0000 	C:\WINDOWS\System32\IMM32.DLL
0x00007ffc1d640000 - 0x00007ffc1d656000 	C:\Program Files (x86)\Java\jdk-11.0.2\bin\vcruntime140.dll
0x00007ffc03260000 - 0x00007ffc0330a000 	C:\Program Files (x86)\Java\jdk-11.0.2\bin\msvcp140.dll
0x00007ffbf7590000 - 0x00007ffbf80b3000 	C:\Program Files (x86)\Java\jdk-11.0.2\bin\server\jvm.dll
0x00007ffc3a260000 - 0x00007ffc3a30c000 	C:\WINDOWS\System32\ADVAPI32.dll
0x00007ffc3a1c0000 - 0x00007ffc3a25c000 	C:\WINDOWS\System32\sechost.dll
0x00007ffc3a3c0000 - 0x00007ffc3a4eb000 	C:\WINDOWS\System32\RPCRT4.dll
0x00007ffc3ab00000 - 0x00007ffc3ab08000 	C:\WINDOWS\System32\PSAPI.DLL
0x00007ffc29e20000 - 0x00007ffc29e47000 	C:\WINDOWS\SYSTEM32\WINMM.dll
0x00007ffc2ba60000 - 0x00007ffc2ba6a000 	C:\WINDOWS\SYSTEM32\VERSION.dll
0x00007ffc28900000 - 0x00007ffc28909000 	C:\WINDOWS\SYSTEM32\WSOCK32.dll
0x00007ffc3ab10000 - 0x00007ffc3ab7b000 	C:\WINDOWS\System32\WS2_32.dll
0x00007ffc36c10000 - 0x00007ffc36c22000 	C:\WINDOWS\SYSTEM32\kernel.appcore.dll
0x00007ffc1d620000 - 0x00007ffc1d631000 	C:\Program Files (x86)\Java\jdk-11.0.2\bin\verify.dll
0x00007ffc36260000 - 0x00007ffc36444000 	C:\WINDOWS\SYSTEM32\DBGHELP.DLL
0x00007ffc22730000 - 0x00007ffc2275c000 	C:\WINDOWS\SYSTEM32\dbgcore.DLL
0x00007ffc38330000 - 0x00007ffc383b0000 	C:\WINDOWS\System32\bcryptPrimitives.dll
0x00007ffc1d5f0000 - 0x00007ffc1d618000 	C:\Program Files (x86)\Java\jdk-11.0.2\bin\java.dll
0x00007ffc1d5d0000 - 0x00007ffc1d5e6000 	C:\Program Files (x86)\Java\jdk-11.0.2\bin\zip.dll
0x00007ffc24cc0000 - 0x00007ffc24cca000 	C:\Program Files (x86)\Java\jdk-11.0.2\bin\jimage.dll
0x00007ffc39940000 - 0x00007ffc3a082000 	C:\WINDOWS\System32\SHELL32.dll
0x00007ffc36470000 - 0x00007ffc36c00000 	C:\WINDOWS\SYSTEM32\windows.storage.dll
0x00007ffc39580000 - 0x00007ffc398d5000 	C:\WINDOWS\System32\combase.dll
0x00007ffc37d30000 - 0x00007ffc37d5c000 	C:\WINDOWS\SYSTEM32\Wldp.dll
0x00007ffc3a310000 - 0x00007ffc3a3be000 	C:\WINDOWS\System32\SHCORE.dll
0x00007ffc398e0000 - 0x00007ffc39935000 	C:\WINDOWS\System32\shlwapi.dll
0x00007ffc38270000 - 0x00007ffc3828f000 	C:\WINDOWS\SYSTEM32\profapi.dll
0x00007ffc1c470000 - 0x00007ffc1c489000 	C:\Program Files (x86)\Java\jdk-11.0.2\bin\net.dll
0x00007ffc28330000 - 0x00007ffc2843c000 	C:\WINDOWS\SYSTEM32\WINHTTP.dll
0x00007ffc339e0000 - 0x00007ffc33bce000 	C:\WINDOWS\SYSTEM32\urlmon.dll
0x00007ffc33730000 - 0x00007ffc339e0000 	C:\WINDOWS\SYSTEM32\iertutil.dll
0x00007ffc37ab0000 - 0x00007ffc37b1a000 	C:\WINDOWS\system32\mswsock.dll
0x00007ffc1c450000 - 0x00007ffc1c463000 	C:\Program Files (x86)\Java\jdk-11.0.2\bin\nio.dll
0x00007ffc24c90000 - 0x00007ffc24c99000 	C:\Program Files (x86)\Java\jdk-11.0.2\bin\management.dll
0x00007ffc21ee0000 - 0x00007ffc21eec000 	C:\Program Files (x86)\Java\jdk-11.0.2\bin\management_ext.dll
0x00007ffc21050000 - 0x00007ffc21067000 	C:\WINDOWS\system32\napinsp.dll
0x00007ffc20eb0000 - 0x00007ffc20ecb000 	C:\WINDOWS\system32\pnrpnsp.dll
0x00007ffc21030000 - 0x00007ffc21045000 	C:\WINDOWS\system32\wshbth.dll
0x00007ffc32e00000 - 0x00007ffc32e1d000 	C:\WINDOWS\system32\NLAapi.dll
0x00007ffc377a0000 - 0x00007ffc377db000 	C:\WINDOWS\SYSTEM32\IPHLPAPI.DLL
0x00007ffc377e0000 - 0x00007ffc378ab000 	C:\WINDOWS\SYSTEM32\DNSAPI.dll
0x00007ffc39240000 - 0x00007ffc39248000 	C:\WINDOWS\System32\NSI.dll
0x00007ffc21010000 - 0x00007ffc21022000 	C:\WINDOWS\System32\winrnr.dll
0x00007ffc280a0000 - 0x00007ffc280aa000 	C:\Windows\System32\rasadhlp.dll
0x00007ffc280e0000 - 0x00007ffc2815f000 	C:\WINDOWS\System32\fwpuclnt.dll
0x00007ffc38a70000 - 0x00007ffc38a97000 	C:\WINDOWS\System32\bcrypt.dll

dbghelp: loaded successfully - version: 4.0.5 - missing functions: none
symbol engine: initialized successfully - sym options: 0x614 - pdb path: .;C:\Program Files (x86)\Java\jdk-11.0.2\bin;C:\WINDOWS\SYSTEM32;C:\WINDOWS\WinSxS\amd64_microsoft.windows.common-controls_6595b64144ccf1df_6.0.19041.844_none_ca00b6081b84eb1d;C:\Program Files (x86)\Java\jdk-11.0.2\bin\server

VM Arguments:
jvm_args: -Dfile.encoding=UTF-8 
java_command: br.com.easybank.EasybankApplication
java_class_path (initial): C:\Users\rickt\eclipse-workspace\easybank\target\classes;C:\Users\rickt\.m2\repository\org\springframework\boot\spring-boot-starter-data-jpa\2.4.4\spring-boot-starter-data-jpa-2.4.4.jar;C:\Users\rickt\.m2\repository\org\springframework\boot\spring-boot-starter-aop\2.4.4\spring-boot-starter-aop-2.4.4.jar;C:\Users\rickt\.m2\repository\org\springframework\spring-aop\5.3.5\spring-aop-5.3.5.jar;C:\Users\rickt\.m2\repository\org\aspectj\aspectjweaver\1.9.6\aspectjweaver-1.9.6.jar;C:\Users\rickt\.m2\repository\org\springframework\boot\spring-boot-starter-jdbc\2.4.4\spring-boot-starter-jdbc-2.4.4.jar;C:\Users\rickt\.m2\repository\com\zaxxer\HikariCP\3.4.5\HikariCP-3.4.5.jar;C:\Users\rickt\.m2\repository\org\springframework\spring-jdbc\5.3.5\spring-jdbc-5.3.5.jar;C:\Users\rickt\.m2\repository\jakarta\transaction\jakarta.transaction-api\1.3.3\jakarta.transaction-api-1.3.3.jar;C:\Users\rickt\.m2\repository\jakarta\persistence\jakarta.persistence-api\2.2.3\jakarta.persistence-api-2.2.3.jar;C:\Users\rickt\.m2\repository\org\hibernate\hibernate-core\5.4.29.Final\hibernate-core-5.4.29.Final.jar;C:\Users\rickt\.m2\repository\org\javassist\javassist\3.27.0-GA\javassist-3.27.0-GA.jar;C:\Users\rickt\.m2\repository\net\bytebuddy\byte-buddy\1.10.22\byte-buddy-1.10.22.jar;C:\Users\rickt\.m2\repository\antlr\antlr\2.7.7\antlr-2.7.7.jar;C:\Users\rickt\.m2\repository\org\jboss\jandex\2.2.3.Final\jandex-2.2.3.Final.jar;C:\Users\rickt\.m2\repository\org\dom4j\dom4j\2.1.3\dom4j-2.1.3.jar;C:\Users\rickt\.m2\repository\org\hibernate\common\hibernate-commons-annotations\5.1.2.Final\hibernate-commons-annotations-5.1.2.Final.jar;C:\Users\rickt\.m2\repository\org\glassfish\jaxb\jaxb-runtime\2.3.3\jaxb-runtime-2.3.3.jar;C:\Users\rickt\.m2\repository\org\glassfish\jaxb\txw2\2.3.3\txw2-2.3.3.jar;C:\Users\rickt\.m2\repository\com\sun\istack\istack-commons-runtime\3.0.11\istack-commons-runtime-3.0.11.jar;C:\Users\rickt\.m2\repository\com\sun\activation\jakarta.activation\1.2.
Launcher Type: SUN_STANDARD

[Global flags]
     intx CICompilerCount                          = 3                                         {product} {ergonomic}
     uint ConcGCThreads                            = 1                                         {product} {ergonomic}
     uint G1ConcRefinementThreads                  = 4                                         {product} {ergonomic}
   size_t G1HeapRegionSize                         = 1048576                                   {product} {ergonomic}
    uintx GCDrainStackTargetSize                   = 64                                        {product} {ergonomic}
   size_t InitialHeapSize                          = 134217728                                 {product} {ergonomic}
   size_t MarkStackSize                            = 4194304                                   {product} {ergonomic}
   size_t MaxHeapSize                              = 2116026368                                {product} {ergonomic}
   size_t MaxNewSize                               = 1268776960                                {product} {ergonomic}
   size_t MinHeapDeltaBytes                        = 1048576                                   {product} {ergonomic}
    uintx NonNMethodCodeHeapSize                   = 5830092                                {pd product} {ergonomic}
    uintx NonProfiledCodeHeapSize                  = 122914074                              {pd product} {ergonomic}
    uintx ProfiledCodeHeapSize                     = 122914074                              {pd product} {ergonomic}
    uintx ReservedCodeCacheSize                    = 251658240                              {pd product} {ergonomic}
     bool SegmentedCodeCache                       = true                                      {product} {ergonomic}
     bool UseCompressedClassPointers               = true                                 {lp64_product} {ergonomic}
     bool UseCompressedOops                        = true                                 {lp64_product} {ergonomic}
     bool UseG1GC                                  = true                                      {product} {ergonomic}
     bool UseLargePagesIndividualAllocation        = false                                  {pd product} {ergonomic}

Logging:
Log output configuration:
 #0: stdout all=warning uptime,level,tags
 #1: stderr all=off uptime,level,tags

Environment Variables:
PATH=C:/Users/rickt/.p2/pool/plugins/org.eclipse.justj.openjdk.hotspot.jre.full.win32.x86_64_15.0.2.v20210201-0955/jre/bin/server;C:/Users/rickt/.p2/pool/plugins/org.eclipse.justj.openjdk.hotspot.jre.full.win32.x86_64_15.0.2.v20210201-0955/jre/bin;C:\Program Files (x86)\Common Files\Oracle\Java\javapath;C:\Windows\system32;C:\Windows;C:\Windows\System32\Wbem;C:\Windows\System32\WindowsPowerShell\v1.0\;C:\Program Files (x86)\NVIDIA Corporation\PhysX\Common;C:\WINDOWS\system32;C:\WINDOWS;C:\WINDOWS\System32\Wbem;C:\WINDOWS\System32\WindowsPowerShell\v1.0\;C:\WINDOWS\System32\OpenSSH\;C:\WINDOWS\system32;C:\WINDOWS;C:\WINDOWS\System32\Wbem;C:\WINDOWS\System32\WindowsPowerShell\v1.0\;C:\WINDOWS\System32\OpenSSH\;C:\Program Files\Git\cmd;C:\Program Files\MySQL\MySQL Shell 8.0\bin\;C:\Users\rickt\AppData\Local\Microsoft\WindowsApps;;C:\Users\rickt\AppData\Local\Programs\Microsoft VS Code\bin;C:\Users\rickt\Desktop;
USERNAME=rickt
OS=Windows_NT
PROCESSOR_IDENTIFIER=Intel64 Family 6 Model 142 Stepping 9, GenuineIntel



---------------  S Y S T E M  ---------------

OS: Windows 10 , 64 bit Build 19041 (10.0.19041.804)

CPU:total 4 (initial active 4) (2 cores per cpu, 2 threads per core) family 6 model 142 stepping 9, cmov, cx8, fxsr, mmx, sse, sse2, sse3, ssse3, sse4.1, sse4.2, popcnt, avx, avx2, aes, clmul, erms, 3dnowpref, lzcnt, ht, tsc, tscinvbit, bmi1, bmi2, adx, fma

Memory: 4k page, system-wide physical 8066M (855M free)
TotalPageFile size 8066M (AvailPageFile size 2M)
current process WorkingSet (physical memory assigned to process): 212M, peak: 212M
current process commit charge ("private bytes"): 287M, peak: 287M

vm_info: OpenJDK 64-Bit Server VM (11.0.2+9) for windows-amd64 JRE (11.0.2+9), built on Jan 18 2019 05:23:22 by "mach5one" with MS VC++ 15.5 (VS2017)

END.
