#
# There is insufficient memory for the Java Runtime Environment to continue.
# Native memory allocation (malloc) failed to allocate 315856 bytes for Chunk::new
# Possible reasons:
#   The system is out of physical RAM or swap space
#   The process is running with CompressedOops enabled, and the Java Heap may be blocking the growth of the native heap
# Possible solutions:
#   Reduce memory load on the system
#   Increase physical memory or swap space
#   Check if swap backing store is full
#   Decrease Java heap size (-Xmx/-Xms)
#   Decrease number of Java threads
#   Decrease Java thread stack sizes (-Xss)
#   Set larger code cache with -XX:ReservedCodeCacheSize=
#   JVM is running with Unscaled Compressed Oops mode in which the Java heap is
#     placed in the first 4GB address space. The Java Heap base address is the
#     maximum limit for the native heap growth. Please use -XX:HeapBaseMinAddress
#     to set the Java Heap base and to place the Java Heap above 4GB virtual address.
# This output file may be truncated or incomplete.
#
#  Out of Memory Error (t:/workspace/open/src/hotspot/share/memory/arena.cpp:197), pid=584, tid=9156
#
# JRE version: OpenJDK Runtime Environment (11.0.2+9) (build 11.0.2+9)
# Java VM: OpenJDK 64-Bit Server VM (11.0.2+9, mixed mode, tiered, compressed oops, g1 gc, windows-amd64)
# No core dump will be written. Minidumps are not enabled by default on client versions of Windows
#

---------------  S U M M A R Y ------------

Command Line: -Dfile.encoding=UTF-8 br.com.easybank.EasybankApplication

Host: Intel(R) Core(TM) i5-7200U CPU @ 2.50GHz, 4 cores, 7G,  Windows 10 , 64 bit Build 19041 (10.0.19041.804)
Time: Mon Mar 22 15:37:55 2021 Hora oficial do Brasil elapsed time: 212 seconds (0d 0h 3m 32s)

---------------  T H R E A D  ---------------

Current thread (0x0000023b3608e000):  JavaThread "C2 CompilerThread0" daemon [_thread_in_native, id=9156, stack(0x00000091b9700000,0x00000091b9800000)]


Current CompileTask:
C2: 212893 4821       4       java.net.URLStreamHandler::toExternalForm (156 bytes)

Stack: [0x00000091b9700000,0x00000091b9800000]
Native frames: (J=compiled Java code, j=interpreted, Vv=VM code, C=native code)
V  [jvm.dll+0x63489a]
V  [jvm.dll+0x771f9f]
V  [jvm.dll+0x773648]
V  [jvm.dll+0x773d03]
V  [jvm.dll+0x25eba8]
V  [jvm.dll+0xc2191]
V  [jvm.dll+0xc271c]
V  [jvm.dll+0x36cc47]
V  [jvm.dll+0x1a97d1]
V  [jvm.dll+0x218ad2]
V  [jvm.dll+0x217b6a]
V  [jvm.dll+0x194370]
V  [jvm.dll+0x226b3f]
V  [jvm.dll+0x225148]
V  [jvm.dll+0x73774d]
V  [jvm.dll+0x633942]
C  [ucrtbase.dll+0x21bb2]
C  [KERNEL32.DLL+0x17034]
C  [ntdll.dll+0x52651]


---------------  P R O C E S S  ---------------

Threads class SMR info:
_java_thread_list=0x0000023b3b4a3820, length=30, elements={
0x0000023b36097800, 0x0000023b360a1000, 0x0000023b36a22800, 0x0000023b36a23800,
0x0000023b3608e000, 0x0000023b36094800, 0x0000023b360af000, 0x0000023b36b76000,
0x0000023b36b68800, 0x0000023b3a619000, 0x0000023b37a9c000, 0x0000023b3a623000,
0x0000023b3a603000, 0x0000023b3a6c3000, 0x0000023b39b0e000, 0x0000023b39b08800,
0x0000023b39b09000, 0x0000023b39b0f000, 0x0000023b39b0a000, 0x0000023b39b0b000,
0x0000023b39b0b800, 0x0000023b39b0c800, 0x0000023b39b0d000, 0x0000023b3c957000,
0x0000023b3c951800, 0x0000023b3c954800, 0x0000023b3c953000, 0x0000023b3c955800,
0x0000023b3c956800, 0x0000023b3c958000
}

Java Threads: ( => current thread )
  0x0000023b36097800 JavaThread "Reference Handler" daemon [_thread_blocked, id=11096, stack(0x00000091b9200000,0x00000091b9300000)]
  0x0000023b360a1000 JavaThread "Finalizer" daemon [_thread_blocked, id=8612, stack(0x00000091b9300000,0x00000091b9400000)]
  0x0000023b36a22800 JavaThread "Signal Dispatcher" daemon [_thread_blocked, id=2564, stack(0x00000091b9500000,0x00000091b9600000)]
  0x0000023b36a23800 JavaThread "Attach Listener" daemon [_thread_blocked, id=9952, stack(0x00000091b9600000,0x00000091b9700000)]
=>0x0000023b3608e000 JavaThread "C2 CompilerThread0" daemon [_thread_in_native, id=9156, stack(0x00000091b9700000,0x00000091b9800000)]
  0x0000023b36094800 JavaThread "C1 CompilerThread0" daemon [_thread_blocked, id=7420, stack(0x00000091b9800000,0x00000091b9900000)]
  0x0000023b360af000 JavaThread "Sweeper thread" daemon [_thread_blocked, id=5628, stack(0x00000091b9900000,0x00000091b9a00000)]
  0x0000023b36b76000 JavaThread "Service Thread" daemon [_thread_blocked, id=9724, stack(0x00000091b9a00000,0x00000091b9b00000)]
  0x0000023b36b68800 JavaThread "Common-Cleaner" daemon [_thread_blocked, id=5252, stack(0x00000091b9c00000,0x00000091b9d00000)]
  0x0000023b3a619000 JavaThread "Catalina-utility-1" [_thread_blocked, id=7192, stack(0x00000091ba300000,0x00000091ba400000)]
  0x0000023b37a9c000 JavaThread "Catalina-utility-2" [_thread_blocked, id=7228, stack(0x00000091ba500000,0x00000091ba600000)]
  0x0000023b3a623000 JavaThread "container-0" [_thread_blocked, id=4264, stack(0x00000091ba600000,0x00000091ba700000)]
  0x0000023b3a603000 JavaThread "mysql-cj-abandoned-connection-cleanup" daemon [_thread_blocked, id=10756, stack(0x00000091ba700000,0x00000091ba800000)]
  0x0000023b3a6c3000 JavaThread "HikariPool-1 housekeeper" daemon [_thread_blocked, id=5268, stack(0x00000091ba900000,0x00000091baa00000)]
  0x0000023b39b0e000 JavaThread "Live Reload Server" daemon [_thread_in_native, id=10500, stack(0x00000091bac00000,0x00000091bad00000)]
  0x0000023b39b08800 JavaThread "File Watcher" daemon [_thread_blocked, id=10520, stack(0x00000091bab00000,0x00000091bac00000)]
  0x0000023b39b09000 JavaThread "http-nio-8080-BlockPoller" daemon [_thread_in_native, id=1520, stack(0x00000091bad00000,0x00000091bae00000)]
  0x0000023b39b0f000 JavaThread "http-nio-8080-exec-1" daemon [_thread_blocked, id=4716, stack(0x00000091bae00000,0x00000091baf00000)]
  0x0000023b39b0a000 JavaThread "http-nio-8080-exec-2" daemon [_thread_blocked, id=5396, stack(0x00000091baf00000,0x00000091bb000000)]
  0x0000023b39b0b000 JavaThread "http-nio-8080-exec-3" daemon [_thread_blocked, id=10352, stack(0x00000091bb000000,0x00000091bb100000)]
  0x0000023b39b0b800 JavaThread "http-nio-8080-exec-4" daemon [_thread_blocked, id=6716, stack(0x00000091bb100000,0x00000091bb200000)]
  0x0000023b39b0c800 JavaThread "http-nio-8080-exec-5" daemon [_thread_blocked, id=1444, stack(0x00000091bb200000,0x00000091bb300000)]
  0x0000023b39b0d000 JavaThread "http-nio-8080-exec-6" daemon [_thread_blocked, id=6980, stack(0x00000091bb300000,0x00000091bb400000)]
  0x0000023b3c957000 JavaThread "http-nio-8080-exec-7" daemon [_thread_blocked, id=7996, stack(0x00000091bb400000,0x00000091bb500000)]
  0x0000023b3c951800 JavaThread "http-nio-8080-exec-8" daemon [_thread_blocked, id=6488, stack(0x00000091bb500000,0x00000091bb600000)]
  0x0000023b3c954800 JavaThread "http-nio-8080-exec-9" daemon [_thread_blocked, id=6524, stack(0x00000091bb600000,0x00000091bb700000)]
  0x0000023b3c953000 JavaThread "http-nio-8080-exec-10" daemon [_thread_blocked, id=6804, stack(0x00000091bb700000,0x00000091bb800000)]
  0x0000023b3c955800 JavaThread "http-nio-8080-ClientPoller" daemon [_thread_in_native, id=11196, stack(0x00000091bb800000,0x00000091bb900000)]
  0x0000023b3c956800 JavaThread "http-nio-8080-Acceptor" daemon [_thread_in_native, id=8824, stack(0x00000091bb900000,0x00000091bba00000)]
  0x0000023b3c958000 JavaThread "DestroyJavaVM" [_thread_blocked, id=10200, stack(0x00000091b8b00000,0x00000091b8c00000)]

Other Threads:
  0x0000023b3605e800 VMThread "VM Thread" [stack: 0x00000091b9100000,0x00000091b9200000] [id=5872]
  0x0000023b36b79000 WatcherThread [stack: 0x00000091b9b00000,0x00000091b9c00000] [id=10332]
  0x0000023b17580000 GCTaskThread "GC Thread#0" [stack: 0x00000091b8c00000,0x00000091b8d00000] [id=7060]
  0x0000023b372ca000 GCTaskThread "GC Thread#1" [stack: 0x00000091b9d00000,0x00000091b9e00000] [id=2864]
  0x0000023b372c9800 GCTaskThread "GC Thread#2" [stack: 0x00000091b9e00000,0x00000091b9f00000] [id=7472]
  0x0000023b372cc000 GCTaskThread "GC Thread#3" [stack: 0x00000091ba400000,0x00000091ba500000] [id=5528]
  0x0000023b175b2800 ConcurrentGCThread "G1 Main Marker" [stack: 0x00000091b8d00000,0x00000091b8e00000] [id=10328]
  0x0000023b175b8000 ConcurrentGCThread "G1 Conc#0" [stack: 0x00000091b8e00000,0x00000091b8f00000] [id=7872]
  0x0000023b17647000 ConcurrentGCThread "G1 Refine#0" [stack: 0x00000091b8f00000,0x00000091b9000000] [id=8084]
  0x0000023b375de800 ConcurrentGCThread "G1 Refine#1" [stack: 0x00000091b9f00000,0x00000091ba000000] [id=10536]
  0x0000023b17648000 ConcurrentGCThread "G1 Young RemSet Sampling" [stack: 0x00000091b9000000,0x00000091b9100000] [id=2852]

Threads with active compile tasks:
C2 CompilerThread04821       4       java.net.URLStreamHandler::toExternalForm (156 bytes)

VM state:not at safepoint (normal execution)

VM Mutex/Monitor currently owned by a thread: None

Heap address: 0x0000000081e00000, size: 2018 MB, Compressed Oops mode: 32-bit
Narrow klass base: 0x0000000000000000, Narrow klass shift: 3
Compressed class space size: 1073741824 Address: 0x0000000100000000

Heap:
 garbage-first heap   total 191488K, used 79549K [0x0000000081e00000, 0x0000000100000000)
  region size 1024K, 65 young (66560K), 8 survivors (8192K)
 Metaspace       used 64418K, capacity 66066K, committed 66340K, reserved 1105920K
  class space    used 8255K, capacity 8910K, committed 8996K, reserved 1048576K
Heap Regions: E=young(eden), S=young(survivor), O=old, HS=humongous(starts), HC=humongous(continues), CS=collection set, F=free, A=archive, TAMS=top-at-mark-start (previous, next)
|   0|0x0000000081e00000, 0x0000000081f00000, 0x0000000081f00000|100%|HS|  |TAMS 0x0000000081f00000, 0x0000000081e00000| Complete 
|   1|0x0000000081f00000, 0x0000000082000000, 0x0000000082000000|100%| O|  |TAMS 0x0000000082000000, 0x0000000081f00000| Untracked 
|   2|0x0000000082000000, 0x0000000082100000, 0x0000000082100000|100%| O|  |TAMS 0x0000000082100000, 0x0000000082000000| Untracked 
|   3|0x0000000082100000, 0x0000000082200000, 0x0000000082200000|100%| O|  |TAMS 0x0000000082200000, 0x0000000082100000| Untracked 
|   4|0x0000000082200000, 0x0000000082300000, 0x0000000082300000|100%| O|  |TAMS 0x0000000082300000, 0x0000000082200000| Untracked 
|   5|0x0000000082300000, 0x0000000082400000, 0x0000000082400000|100%| O|  |TAMS 0x0000000082400000, 0x0000000082300000| Untracked 
|   6|0x0000000082400000, 0x0000000082500000, 0x0000000082500000|100%| O|  |TAMS 0x0000000082500000, 0x0000000082400000| Untracked 
|   7|0x0000000082500000, 0x0000000082600000, 0x0000000082600000|100%| O|  |TAMS 0x0000000082600000, 0x0000000082500000| Untracked 
|   8|0x0000000082600000, 0x0000000082700000, 0x0000000082700000|100%| O|  |TAMS 0x0000000082700000, 0x0000000082600000| Untracked 
|   9|0x0000000082700000, 0x0000000082800000, 0x0000000082800000|100%| O|  |TAMS 0x0000000082800000, 0x0000000082700000| Untracked 
|  10|0x0000000082800000, 0x0000000082900000, 0x0000000082900000|100%| O|  |TAMS 0x0000000082900000, 0x0000000082800000| Untracked 
|  11|0x0000000082900000, 0x0000000082a00000, 0x0000000082a00000|100%| O|  |TAMS 0x0000000082a00000, 0x0000000082900000| Untracked 
|  12|0x0000000082a00000, 0x0000000082b00000, 0x0000000082b00000|100%| O|  |TAMS 0x0000000082b00000, 0x0000000082a00000| Untracked 
|  13|0x0000000082b00000, 0x0000000082c00000, 0x0000000082c00000|100%| O|  |TAMS 0x0000000082c00000, 0x0000000082b00000| Untracked 
|  14|0x0000000082c00000, 0x0000000082c30200, 0x0000000082d00000| 18%| O|  |TAMS 0x0000000082c30200, 0x0000000082c00000| Untracked 
|  15|0x0000000082d00000, 0x0000000082d00000, 0x0000000082e00000|  0%| F|  |TAMS 0x0000000082d00000, 0x0000000082d00000| Untracked 
|  16|0x0000000082e00000, 0x0000000082e00000, 0x0000000082f00000|  0%| F|  |TAMS 0x0000000082e00000, 0x0000000082e00000| Untracked 
|  17|0x0000000082f00000, 0x0000000082f00000, 0x0000000083000000|  0%| F|  |TAMS 0x0000000082f00000, 0x0000000082f00000| Untracked 
|  18|0x0000000083000000, 0x0000000083000000, 0x0000000083100000|  0%| F|  |TAMS 0x0000000083000000, 0x0000000083000000| Untracked 
|  19|0x0000000083100000, 0x0000000083100000, 0x0000000083200000|  0%| F|  |TAMS 0x0000000083100000, 0x0000000083100000| Untracked 
|  20|0x0000000083200000, 0x0000000083200000, 0x0000000083300000|  0%| F|  |TAMS 0x0000000083200000, 0x0000000083200000| Untracked 
|  21|0x0000000083300000, 0x0000000083300000, 0x0000000083400000|  0%| F|  |TAMS 0x0000000083300000, 0x0000000083300000| Untracked 
|  22|0x0000000083400000, 0x0000000083400000, 0x0000000083500000|  0%| F|  |TAMS 0x0000000083400000, 0x0000000083400000| Untracked 
|  23|0x0000000083500000, 0x0000000083500000, 0x0000000083600000|  0%| F|  |TAMS 0x0000000083500000, 0x0000000083500000| Untracked 
|  24|0x0000000083600000, 0x0000000083600000, 0x0000000083700000|  0%| F|  |TAMS 0x0000000083600000, 0x0000000083600000| Untracked 
|  25|0x0000000083700000, 0x0000000083700000, 0x0000000083800000|  0%| F|  |TAMS 0x0000000083700000, 0x0000000083700000| Untracked 
|  26|0x0000000083800000, 0x0000000083800000, 0x0000000083900000|  0%| F|  |TAMS 0x0000000083800000, 0x0000000083800000| Untracked 
|  27|0x0000000083900000, 0x0000000083900000, 0x0000000083a00000|  0%| F|  |TAMS 0x0000000083900000, 0x0000000083900000| Untracked 
|  28|0x0000000083a00000, 0x0000000083a00000, 0x0000000083b00000|  0%| F|  |TAMS 0x0000000083a00000, 0x0000000083a00000| Untracked 
|  29|0x0000000083b00000, 0x0000000083b00000, 0x0000000083c00000|  0%| F|  |TAMS 0x0000000083b00000, 0x0000000083b00000| Untracked 
|  30|0x0000000083c00000, 0x0000000083c00000, 0x0000000083d00000|  0%| F|  |TAMS 0x0000000083c00000, 0x0000000083c00000| Untracked 
|  31|0x0000000083d00000, 0x0000000083d00000, 0x0000000083e00000|  0%| F|  |TAMS 0x0000000083d00000, 0x0000000083d00000| Untracked 
|  32|0x0000000083e00000, 0x0000000083e00000, 0x0000000083f00000|  0%| F|  |TAMS 0x0000000083e00000, 0x0000000083e00000| Untracked 
|  33|0x0000000083f00000, 0x0000000083f00000, 0x0000000084000000|  0%| F|  |TAMS 0x0000000083f00000, 0x0000000083f00000| Untracked 
|  34|0x0000000084000000, 0x0000000084000000, 0x0000000084100000|  0%| F|  |TAMS 0x0000000084000000, 0x0000000084000000| Untracked 
|  35|0x0000000084100000, 0x0000000084100000, 0x0000000084200000|  0%| F|  |TAMS 0x0000000084100000, 0x0000000084100000| Untracked 
|  36|0x0000000084200000, 0x0000000084200000, 0x0000000084300000|  0%| F|  |TAMS 0x0000000084200000, 0x0000000084200000| Untracked 
|  37|0x0000000084300000, 0x0000000084300000, 0x0000000084400000|  0%| F|  |TAMS 0x0000000084300000, 0x0000000084300000| Untracked 
|  38|0x0000000084400000, 0x0000000084400000, 0x0000000084500000|  0%| F|  |TAMS 0x0000000084400000, 0x0000000084400000| Untracked 
|  39|0x0000000084500000, 0x0000000084500000, 0x0000000084600000|  0%| F|  |TAMS 0x0000000084500000, 0x0000000084500000| Untracked 
|  40|0x0000000084600000, 0x0000000084600000, 0x0000000084700000|  0%| F|  |TAMS 0x0000000084600000, 0x0000000084600000| Untracked 
|  41|0x0000000084700000, 0x0000000084700000, 0x0000000084800000|  0%| F|  |TAMS 0x0000000084700000, 0x0000000084700000| Untracked 
|  42|0x0000000084800000, 0x0000000084800000, 0x0000000084900000|  0%| F|  |TAMS 0x0000000084800000, 0x0000000084800000| Untracked 
|  43|0x0000000084900000, 0x0000000084900000, 0x0000000084a00000|  0%| F|  |TAMS 0x0000000084900000, 0x0000000084900000| Untracked 
|  44|0x0000000084a00000, 0x0000000084a00000, 0x0000000084b00000|  0%| F|  |TAMS 0x0000000084a00000, 0x0000000084a00000| Untracked 
|  45|0x0000000084b00000, 0x0000000084b00000, 0x0000000084c00000|  0%| F|  |TAMS 0x0000000084b00000, 0x0000000084b00000| Untracked 
|  46|0x0000000084c00000, 0x0000000084c00000, 0x0000000084d00000|  0%| F|  |TAMS 0x0000000084c00000, 0x0000000084c00000| Untracked 
|  47|0x0000000084d00000, 0x0000000084d00000, 0x0000000084e00000|  0%| F|  |TAMS 0x0000000084d00000, 0x0000000084d00000| Untracked 
|  48|0x0000000084e00000, 0x0000000084e00000, 0x0000000084f00000|  0%| F|  |TAMS 0x0000000084e00000, 0x0000000084e00000| Untracked 
|  49|0x0000000084f00000, 0x0000000084f00000, 0x0000000085000000|  0%| F|  |TAMS 0x0000000084f00000, 0x0000000084f00000| Untracked 
|  50|0x0000000085000000, 0x0000000085000000, 0x0000000085100000|  0%| F|  |TAMS 0x0000000085000000, 0x0000000085000000| Untracked 
|  51|0x0000000085100000, 0x0000000085100000, 0x0000000085200000|  0%| F|  |TAMS 0x0000000085100000, 0x0000000085100000| Untracked 
|  52|0x0000000085200000, 0x0000000085200000, 0x0000000085300000|  0%| F|  |TAMS 0x0000000085200000, 0x0000000085200000| Untracked 
|  53|0x0000000085300000, 0x0000000085300000, 0x0000000085400000|  0%| F|  |TAMS 0x0000000085300000, 0x0000000085300000| Untracked 
|  54|0x0000000085400000, 0x0000000085400000, 0x0000000085500000|  0%| F|  |TAMS 0x0000000085400000, 0x0000000085400000| Untracked 
|  55|0x0000000085500000, 0x0000000085500000, 0x0000000085600000|  0%| F|  |TAMS 0x0000000085500000, 0x0000000085500000| Untracked 
|  56|0x0000000085600000, 0x0000000085600000, 0x0000000085700000|  0%| F|  |TAMS 0x0000000085600000, 0x0000000085600000| Untracked 
|  57|0x0000000085700000, 0x0000000085700000, 0x0000000085800000|  0%| F|  |TAMS 0x0000000085700000, 0x0000000085700000| Untracked 
|  58|0x0000000085800000, 0x0000000085800000, 0x0000000085900000|  0%| F|  |TAMS 0x0000000085800000, 0x0000000085800000| Untracked 
|  59|0x0000000085900000, 0x0000000085900000, 0x0000000085a00000|  0%| F|  |TAMS 0x0000000085900000, 0x0000000085900000| Untracked 
|  60|0x0000000085a00000, 0x0000000085a00000, 0x0000000085b00000|  0%| F|  |TAMS 0x0000000085a00000, 0x0000000085a00000| Untracked 
|  61|0x0000000085b00000, 0x0000000085b00000, 0x0000000085c00000|  0%| F|  |TAMS 0x0000000085b00000, 0x0000000085b00000| Untracked 
|  62|0x0000000085c00000, 0x0000000085c00000, 0x0000000085d00000|  0%| F|  |TAMS 0x0000000085c00000, 0x0000000085c00000| Untracked 
|  63|0x0000000085d00000, 0x0000000085d00000, 0x0000000085e00000|  0%| F|  |TAMS 0x0000000085d00000, 0x0000000085d00000| Untracked 
|  64|0x0000000085e00000, 0x0000000085e00000, 0x0000000085f00000|  0%| F|  |TAMS 0x0000000085e00000, 0x0000000085e00000| Untracked 
|  65|0x0000000085f00000, 0x0000000085f00000, 0x0000000086000000|  0%| F|  |TAMS 0x0000000085f00000, 0x0000000085f00000| Untracked 
|  66|0x0000000086000000, 0x0000000086000000, 0x0000000086100000|  0%| F|  |TAMS 0x0000000086000000, 0x0000000086000000| Untracked 
|  67|0x0000000086100000, 0x0000000086100000, 0x0000000086200000|  0%| F|  |TAMS 0x0000000086100000, 0x0000000086100000| Untracked 
|  68|0x0000000086200000, 0x0000000086200000, 0x0000000086300000|  0%| F|  |TAMS 0x0000000086200000, 0x0000000086200000| Untracked 
|  69|0x0000000086300000, 0x0000000086300000, 0x0000000086400000|  0%| F|  |TAMS 0x0000000086300000, 0x0000000086300000| Untracked 
|  70|0x0000000086400000, 0x0000000086400000, 0x0000000086500000|  0%| F|  |TAMS 0x0000000086400000, 0x0000000086400000| Untracked 
|  71|0x0000000086500000, 0x0000000086500000, 0x0000000086600000|  0%| F|  |TAMS 0x0000000086500000, 0x0000000086500000| Untracked 
|  72|0x0000000086600000, 0x0000000086600000, 0x0000000086700000|  0%| F|  |TAMS 0x0000000086600000, 0x0000000086600000| Untracked 
|  73|0x0000000086700000, 0x0000000086700000, 0x0000000086800000|  0%| F|  |TAMS 0x0000000086700000, 0x0000000086700000| Untracked 
|  74|0x0000000086800000, 0x0000000086800000, 0x0000000086900000|  0%| F|  |TAMS 0x0000000086800000, 0x0000000086800000| Untracked 
|  75|0x0000000086900000, 0x0000000086900000, 0x0000000086a00000|  0%| F|  |TAMS 0x0000000086900000, 0x0000000086900000| Untracked 
|  76|0x0000000086a00000, 0x0000000086a00000, 0x0000000086b00000|  0%| F|  |TAMS 0x0000000086a00000, 0x0000000086a00000| Untracked 
|  77|0x0000000086b00000, 0x0000000086b00000, 0x0000000086c00000|  0%| F|  |TAMS 0x0000000086b00000, 0x0000000086b00000| Untracked 
|  78|0x0000000086c00000, 0x0000000086c00000, 0x0000000086d00000|  0%| F|  |TAMS 0x0000000086c00000, 0x0000000086c00000| Untracked 
|  79|0x0000000086d00000, 0x0000000086d00000, 0x0000000086e00000|  0%| F|  |TAMS 0x0000000086d00000, 0x0000000086d00000| Untracked 
|  80|0x0000000086e00000, 0x0000000086e00000, 0x0000000086f00000|  0%| F|  |TAMS 0x0000000086e00000, 0x0000000086e00000| Untracked 
|  81|0x0000000086f00000, 0x0000000086f00000, 0x0000000087000000|  0%| F|  |TAMS 0x0000000086f00000, 0x0000000086f00000| Untracked 
|  82|0x0000000087000000, 0x0000000087000000, 0x0000000087100000|  0%| F|  |TAMS 0x0000000087000000, 0x0000000087000000| Untracked 
|  83|0x0000000087100000, 0x0000000087100000, 0x0000000087200000|  0%| F|  |TAMS 0x0000000087100000, 0x0000000087100000| Untracked 
|  84|0x0000000087200000, 0x0000000087200000, 0x0000000087300000|  0%| F|  |TAMS 0x0000000087200000, 0x0000000087200000| Untracked 
|  85|0x0000000087300000, 0x0000000087300000, 0x0000000087400000|  0%| F|  |TAMS 0x0000000087300000, 0x0000000087300000| Untracked 
|  86|0x0000000087400000, 0x0000000087400000, 0x0000000087500000|  0%| F|  |TAMS 0x0000000087400000, 0x0000000087400000| Untracked 
|  87|0x0000000087500000, 0x0000000087500000, 0x0000000087600000|  0%| F|  |TAMS 0x0000000087500000, 0x0000000087500000| Untracked 
|  88|0x0000000087600000, 0x0000000087600000, 0x0000000087700000|  0%| F|  |TAMS 0x0000000087600000, 0x0000000087600000| Untracked 
|  89|0x0000000087700000, 0x0000000087700000, 0x0000000087800000|  0%| F|  |TAMS 0x0000000087700000, 0x0000000087700000| Untracked 
|  90|0x0000000087800000, 0x0000000087800000, 0x0000000087900000|  0%| F|  |TAMS 0x0000000087800000, 0x0000000087800000| Untracked 
|  91|0x0000000087900000, 0x0000000087900000, 0x0000000087a00000|  0%| F|  |TAMS 0x0000000087900000, 0x0000000087900000| Untracked 
|  92|0x0000000087a00000, 0x0000000087a00000, 0x0000000087b00000|  0%| F|  |TAMS 0x0000000087a00000, 0x0000000087a00000| Untracked 
|  93|0x0000000087b00000, 0x0000000087b00000, 0x0000000087c00000|  0%| F|  |TAMS 0x0000000087b00000, 0x0000000087b00000| Untracked 
|  94|0x0000000087c00000, 0x0000000087c00000, 0x0000000087d00000|  0%| F|  |TAMS 0x0000000087c00000, 0x0000000087c00000| Untracked 
|  95|0x0000000087d00000, 0x0000000087d00000, 0x0000000087e00000|  0%| F|  |TAMS 0x0000000087d00000, 0x0000000087d00000| Untracked 
|  96|0x0000000087e00000, 0x0000000087e00000, 0x0000000087f00000|  0%| F|  |TAMS 0x0000000087e00000, 0x0000000087e00000| Untracked 
|  97|0x0000000087f00000, 0x0000000087f00000, 0x0000000088000000|  0%| F|  |TAMS 0x0000000087f00000, 0x0000000087f00000| Untracked 
|  98|0x0000000088000000, 0x0000000088000000, 0x0000000088100000|  0%| F|  |TAMS 0x0000000088000000, 0x0000000088000000| Untracked 
|  99|0x0000000088100000, 0x0000000088100000, 0x0000000088200000|  0%| F|  |TAMS 0x0000000088100000, 0x0000000088100000| Untracked 
| 100|0x0000000088200000, 0x0000000088200000, 0x0000000088300000|  0%| F|  |TAMS 0x0000000088200000, 0x0000000088200000| Untracked 
| 101|0x0000000088300000, 0x0000000088300000, 0x0000000088400000|  0%| F|  |TAMS 0x0000000088300000, 0x0000000088300000| Untracked 
| 102|0x0000000088400000, 0x0000000088400000, 0x0000000088500000|  0%| F|  |TAMS 0x0000000088400000, 0x0000000088400000| Untracked 
| 103|0x0000000088500000, 0x0000000088500000, 0x0000000088600000|  0%| F|  |TAMS 0x0000000088500000, 0x0000000088500000| Untracked 
| 104|0x0000000088600000, 0x0000000088600000, 0x0000000088700000|  0%| F|  |TAMS 0x0000000088600000, 0x0000000088600000| Untracked 
| 105|0x0000000088700000, 0x0000000088700000, 0x0000000088800000|  0%| F|  |TAMS 0x0000000088700000, 0x0000000088700000| Untracked 
| 106|0x0000000088800000, 0x0000000088800000, 0x0000000088900000|  0%| F|  |TAMS 0x0000000088800000, 0x0000000088800000| Untracked 
| 107|0x0000000088900000, 0x0000000088900000, 0x0000000088a00000|  0%| F|  |TAMS 0x0000000088900000, 0x0000000088900000| Untracked 
| 108|0x0000000088a00000, 0x0000000088a00000, 0x0000000088b00000|  0%| F|  |TAMS 0x0000000088a00000, 0x0000000088a00000| Untracked 
| 109|0x0000000088b00000, 0x0000000088b00000, 0x0000000088c00000|  0%| F|  |TAMS 0x0000000088b00000, 0x0000000088b00000| Untracked 
| 110|0x0000000088c00000, 0x0000000088c00000, 0x0000000088d00000|  0%| F|  |TAMS 0x0000000088c00000, 0x0000000088c00000| Untracked 
| 111|0x0000000088d00000, 0x0000000088d00000, 0x0000000088e00000|  0%| F|  |TAMS 0x0000000088d00000, 0x0000000088d00000| Untracked 
| 112|0x0000000088e00000, 0x0000000088e00000, 0x0000000088f00000|  0%| F|  |TAMS 0x0000000088e00000, 0x0000000088e00000| Untracked 
| 113|0x0000000088f00000, 0x0000000088f00000, 0x0000000089000000|  0%| F|  |TAMS 0x0000000088f00000, 0x0000000088f00000| Untracked 
| 114|0x0000000089000000, 0x0000000089000000, 0x0000000089100000|  0%| F|  |TAMS 0x0000000089000000, 0x0000000089000000| Untracked 
| 115|0x0000000089100000, 0x0000000089100000, 0x0000000089200000|  0%| F|  |TAMS 0x0000000089100000, 0x0000000089100000| Untracked 
| 116|0x0000000089200000, 0x000000008927f430, 0x0000000089300000| 49%| S|CS|TAMS 0x0000000089200000, 0x0000000089200000| Complete 
| 117|0x0000000089300000, 0x0000000089400000, 0x0000000089400000|100%| S|CS|TAMS 0x0000000089300000, 0x0000000089300000| Complete 
| 118|0x0000000089400000, 0x0000000089500000, 0x0000000089500000|100%| S|CS|TAMS 0x0000000089400000, 0x0000000089400000| Complete 
| 119|0x0000000089500000, 0x0000000089600000, 0x0000000089600000|100%| S|CS|TAMS 0x0000000089500000, 0x0000000089500000| Complete 
| 120|0x0000000089600000, 0x0000000089700000, 0x0000000089700000|100%| S|CS|TAMS 0x0000000089600000, 0x0000000089600000| Complete 
| 121|0x0000000089700000, 0x0000000089800000, 0x0000000089800000|100%| S|CS|TAMS 0x0000000089700000, 0x0000000089700000| Complete 
| 122|0x0000000089800000, 0x0000000089900000, 0x0000000089900000|100%| S|CS|TAMS 0x0000000089800000, 0x0000000089800000| Complete 
| 123|0x0000000089900000, 0x0000000089a00000, 0x0000000089a00000|100%| S|CS|TAMS 0x0000000089900000, 0x0000000089900000| Complete 
| 124|0x0000000089a00000, 0x0000000089a00000, 0x0000000089b00000|  0%| F|  |TAMS 0x0000000089a00000, 0x0000000089a00000| Untracked 
| 125|0x0000000089b00000, 0x0000000089b00000, 0x0000000089c00000|  0%| F|  |TAMS 0x0000000089b00000, 0x0000000089b00000| Untracked 
| 126|0x0000000089c00000, 0x0000000089c00000, 0x0000000089d00000|  0%| F|  |TAMS 0x0000000089c00000, 0x0000000089c00000| Untracked 
| 127|0x0000000089d00000, 0x0000000089d00000, 0x0000000089e00000|  0%| F|  |TAMS 0x0000000089d00000, 0x0000000089d00000| Untracked 
| 128|0x0000000089e00000, 0x0000000089e00000, 0x0000000089f00000|  0%| F|  |TAMS 0x0000000089e00000, 0x0000000089e00000| Untracked 
| 129|0x0000000089f00000, 0x0000000089f00000, 0x000000008a000000|  0%| F|  |TAMS 0x0000000089f00000, 0x0000000089f00000| Untracked 
| 130|0x000000008a000000, 0x000000008a080800, 0x000000008a100000| 50%| E|  |TAMS 0x000000008a000000, 0x000000008a000000| Complete 
| 131|0x000000008a100000, 0x000000008a200000, 0x000000008a200000|100%| E|CS|TAMS 0x000000008a100000, 0x000000008a100000| Complete 
| 132|0x000000008a200000, 0x000000008a300000, 0x000000008a300000|100%| E|CS|TAMS 0x000000008a200000, 0x000000008a200000| Complete 
| 133|0x000000008a300000, 0x000000008a400000, 0x000000008a400000|100%| E|CS|TAMS 0x000000008a300000, 0x000000008a300000| Complete 
| 134|0x000000008a400000, 0x000000008a500000, 0x000000008a500000|100%| E|CS|TAMS 0x000000008a400000, 0x000000008a400000| Complete 
| 135|0x000000008a500000, 0x000000008a600000, 0x000000008a600000|100%| E|CS|TAMS 0x000000008a500000, 0x000000008a500000| Complete 
| 136|0x000000008a600000, 0x000000008a700000, 0x000000008a700000|100%| E|CS|TAMS 0x000000008a600000, 0x000000008a600000| Complete 
| 137|0x000000008a700000, 0x000000008a800000, 0x000000008a800000|100%| E|CS|TAMS 0x000000008a700000, 0x000000008a700000| Complete 
| 138|0x000000008a800000, 0x000000008a900000, 0x000000008a900000|100%| E|CS|TAMS 0x000000008a800000, 0x000000008a800000| Complete 
| 139|0x000000008a900000, 0x000000008aa00000, 0x000000008aa00000|100%| E|CS|TAMS 0x000000008a900000, 0x000000008a900000| Complete 
| 140|0x000000008aa00000, 0x000000008ab00000, 0x000000008ab00000|100%| E|CS|TAMS 0x000000008aa00000, 0x000000008aa00000| Complete 
| 141|0x000000008ab00000, 0x000000008ac00000, 0x000000008ac00000|100%| E|CS|TAMS 0x000000008ab00000, 0x000000008ab00000| Complete 
| 142|0x000000008ac00000, 0x000000008ad00000, 0x000000008ad00000|100%| E|CS|TAMS 0x000000008ac00000, 0x000000008ac00000| Complete 
| 143|0x000000008ad00000, 0x000000008ae00000, 0x000000008ae00000|100%| E|CS|TAMS 0x000000008ad00000, 0x000000008ad00000| Complete 
| 144|0x000000008ae00000, 0x000000008af00000, 0x000000008af00000|100%| E|CS|TAMS 0x000000008ae00000, 0x000000008ae00000| Complete 
| 145|0x000000008af00000, 0x000000008b000000, 0x000000008b000000|100%| E|CS|TAMS 0x000000008af00000, 0x000000008af00000| Complete 
| 146|0x000000008b000000, 0x000000008b100000, 0x000000008b100000|100%| E|CS|TAMS 0x000000008b000000, 0x000000008b000000| Complete 
| 147|0x000000008b100000, 0x000000008b200000, 0x000000008b200000|100%| E|CS|TAMS 0x000000008b100000, 0x000000008b100000| Complete 
| 148|0x000000008b200000, 0x000000008b300000, 0x000000008b300000|100%| E|CS|TAMS 0x000000008b200000, 0x000000008b200000| Complete 
| 149|0x000000008b300000, 0x000000008b400000, 0x000000008b400000|100%| E|CS|TAMS 0x000000008b300000, 0x000000008b300000| Complete 
| 150|0x000000008b400000, 0x000000008b500000, 0x000000008b500000|100%| E|CS|TAMS 0x000000008b400000, 0x000000008b400000| Complete 
| 151|0x000000008b500000, 0x000000008b600000, 0x000000008b600000|100%| E|CS|TAMS 0x000000008b500000, 0x000000008b500000| Complete 
| 152|0x000000008b600000, 0x000000008b700000, 0x000000008b700000|100%| E|CS|TAMS 0x000000008b600000, 0x000000008b600000| Complete 
| 153|0x000000008b700000, 0x000000008b800000, 0x000000008b800000|100%| E|CS|TAMS 0x000000008b700000, 0x000000008b700000| Complete 
| 154|0x000000008b800000, 0x000000008b900000, 0x000000008b900000|100%| E|CS|TAMS 0x000000008b800000, 0x000000008b800000| Complete 
| 155|0x000000008b900000, 0x000000008ba00000, 0x000000008ba00000|100%| E|CS|TAMS 0x000000008b900000, 0x000000008b900000| Complete 
| 156|0x000000008ba00000, 0x000000008bb00000, 0x000000008bb00000|100%| E|CS|TAMS 0x000000008ba00000, 0x000000008ba00000| Complete 
| 157|0x000000008bb00000, 0x000000008bc00000, 0x000000008bc00000|100%| E|CS|TAMS 0x000000008bb00000, 0x000000008bb00000| Complete 
| 158|0x000000008bc00000, 0x000000008bd00000, 0x000000008bd00000|100%| E|CS|TAMS 0x000000008bc00000, 0x000000008bc00000| Complete 
| 159|0x000000008bd00000, 0x000000008be00000, 0x000000008be00000|100%| E|CS|TAMS 0x000000008bd00000, 0x000000008bd00000| Complete 
| 160|0x000000008be00000, 0x000000008bf00000, 0x000000008bf00000|100%| E|CS|TAMS 0x000000008be00000, 0x000000008be00000| Complete 
| 161|0x000000008bf00000, 0x000000008c000000, 0x000000008c000000|100%| E|CS|TAMS 0x000000008bf00000, 0x000000008bf00000| Complete 
| 162|0x000000008c000000, 0x000000008c100000, 0x000000008c100000|100%| E|CS|TAMS 0x000000008c000000, 0x000000008c000000| Complete 
| 163|0x000000008c100000, 0x000000008c200000, 0x000000008c200000|100%| E|CS|TAMS 0x000000008c100000, 0x000000008c100000| Complete 
| 164|0x000000008c200000, 0x000000008c300000, 0x000000008c300000|100%| E|CS|TAMS 0x000000008c200000, 0x000000008c200000| Complete 
| 165|0x000000008c300000, 0x000000008c400000, 0x000000008c400000|100%| E|CS|TAMS 0x000000008c300000, 0x000000008c300000| Complete 
| 166|0x000000008c400000, 0x000000008c500000, 0x000000008c500000|100%| E|CS|TAMS 0x000000008c400000, 0x000000008c400000| Complete 
| 167|0x000000008c500000, 0x000000008c600000, 0x000000008c600000|100%| E|CS|TAMS 0x000000008c500000, 0x000000008c500000| Complete 
| 168|0x000000008c600000, 0x000000008c700000, 0x000000008c700000|100%| E|CS|TAMS 0x000000008c600000, 0x000000008c600000| Complete 
| 169|0x000000008c700000, 0x000000008c800000, 0x000000008c800000|100%| E|CS|TAMS 0x000000008c700000, 0x000000008c700000| Complete 
| 170|0x000000008c800000, 0x000000008c900000, 0x000000008c900000|100%| E|CS|TAMS 0x000000008c800000, 0x000000008c800000| Complete 
| 171|0x000000008c900000, 0x000000008ca00000, 0x000000008ca00000|100%| E|CS|TAMS 0x000000008c900000, 0x000000008c900000| Complete 
| 172|0x000000008ca00000, 0x000000008cb00000, 0x000000008cb00000|100%| E|CS|TAMS 0x000000008ca00000, 0x000000008ca00000| Complete 
| 173|0x000000008cb00000, 0x000000008cc00000, 0x000000008cc00000|100%| E|CS|TAMS 0x000000008cb00000, 0x000000008cb00000| Complete 
| 174|0x000000008cc00000, 0x000000008cd00000, 0x000000008cd00000|100%| E|CS|TAMS 0x000000008cc00000, 0x000000008cc00000| Complete 
| 175|0x000000008cd00000, 0x000000008ce00000, 0x000000008ce00000|100%| E|CS|TAMS 0x000000008cd00000, 0x000000008cd00000| Complete 
| 176|0x000000008ce00000, 0x000000008cf00000, 0x000000008cf00000|100%| E|CS|TAMS 0x000000008ce00000, 0x000000008ce00000| Complete 
| 177|0x000000008cf00000, 0x000000008d000000, 0x000000008d000000|100%| E|CS|TAMS 0x000000008cf00000, 0x000000008cf00000| Complete 
| 178|0x000000008d000000, 0x000000008d100000, 0x000000008d100000|100%| E|CS|TAMS 0x000000008d000000, 0x000000008d000000| Complete 
| 179|0x000000008d100000, 0x000000008d200000, 0x000000008d200000|100%| E|CS|TAMS 0x000000008d100000, 0x000000008d100000| Complete 
| 180|0x000000008d200000, 0x000000008d300000, 0x000000008d300000|100%| E|CS|TAMS 0x000000008d200000, 0x000000008d200000| Complete 
| 181|0x000000008d300000, 0x000000008d400000, 0x000000008d400000|100%| E|CS|TAMS 0x000000008d300000, 0x000000008d300000| Complete 
| 182|0x000000008d400000, 0x000000008d500000, 0x000000008d500000|100%| E|CS|TAMS 0x000000008d400000, 0x000000008d400000| Complete 
| 183|0x000000008d500000, 0x000000008d600000, 0x000000008d600000|100%| E|CS|TAMS 0x000000008d500000, 0x000000008d500000| Complete 
| 184|0x000000008d600000, 0x000000008d700000, 0x000000008d700000|100%| E|CS|TAMS 0x000000008d600000, 0x000000008d600000| Complete 
| 185|0x000000008d700000, 0x000000008d800000, 0x000000008d800000|100%| E|CS|TAMS 0x000000008d700000, 0x000000008d700000| Complete 
| 186|0x000000008d800000, 0x000000008d900000, 0x000000008d900000|100%| E|CS|TAMS 0x000000008d800000, 0x000000008d800000| Complete 

Card table byte_map: [0x0000023b2f310000,0x0000023b2f710000] _byte_map_base: 0x0000023b2ef01000

Marking Bits (Prev, Next): (CMBitMap*) 0x0000023b175a9ce0, (CMBitMap*) 0x0000023b175a9ca8
 Prev Bits: [0x0000023b31aa0000, 0x0000023b33a28000)
 Next Bits: [0x0000023b2fb10000, 0x0000023b31a98000)

Polling page: 0x0000023b15c90000

Metaspace:

Usage:
  Non-class:     55.82 MB capacity,    54.85 MB ( 98%) used,   788.63 KB (  1%) free+waste,   204.19 KB ( <1%) overhead. 
      Class:      8.70 MB capacity,     8.06 MB ( 93%) used,   558.64 KB (  6%) free+waste,    96.00 KB (  1%) overhead. 
       Both:     64.52 MB capacity,    62.91 MB ( 98%) used,     1.32 MB (  2%) free+waste,   300.19 KB ( <1%) overhead. 

Virtual space:
  Non-class space:       56.00 MB reserved,      56.00 MB (100%) committed 
      Class space:        1.00 GB reserved,       8.79 MB ( <1%) committed 
             Both:        1.05 GB reserved,      64.79 MB (  6%) committed 

Chunk freelists:
   Non-Class:  7.50 KB
       Class:  2.25 KB
        Both:  9.75 KB

CodeHeap 'non-profiled nmethods': size=120064Kb used=2903Kb max_used=2903Kb free=117161Kb
 bounds [0x0000023b273a0000, 0x0000023b27680000, 0x0000023b2e8e0000]
CodeHeap 'profiled nmethods': size=120000Kb used=10835Kb max_used=10835Kb free=109164Kb
 bounds [0x0000023b1fe70000, 0x0000023b20910000, 0x0000023b273a0000]
CodeHeap 'non-nmethods': size=5696Kb used=1231Kb max_used=1269Kb free=4464Kb
 bounds [0x0000023b1f8e0000, 0x0000023b1fb50000, 0x0000023b1fe70000]
 total_blobs=6440 nmethods=4680 adapters=515
 compilation: enabled
              stopped_count=0, restarted_count=0
 full_count=0

Compilation events (10 events):
Event: 212.855 Thread 0x0000023b36094800 4824       3       com.fasterxml.jackson.databind.AnnotationIntrospector::_findAnnotation (6 bytes)
Event: 212.856 Thread 0x0000023b36094800 nmethod 4824 0x0000023b20902890 code [0x0000023b20902a60, 0x0000023b20902c90]
Event: 212.856 Thread 0x0000023b36094800 4825       3       com.fasterxml.jackson.databind.introspect.AnnotationMap::get (21 bytes)
Event: 212.856 Thread 0x0000023b36094800 nmethod 4825 0x0000023b20902d90 code [0x0000023b20902f60, 0x0000023b209032d0]
Event: 212.856 Thread 0x0000023b36094800 4826       3       com.fasterxml.jackson.databind.introspect.AnnotatedMember::getAnnotation (18 bytes)
Event: 212.856 Thread 0x0000023b36094800 nmethod 4826 0x0000023b20903390 code [0x0000023b20903580, 0x0000023b209039b0]
Event: 212.857 Thread 0x0000023b36094800 4827       3       java.util.Collections$UnmodifiableMap::isEmpty (10 bytes)
Event: 212.857 Thread 0x0000023b36094800 nmethod 4827 0x0000023b20903b10 code [0x0000023b20903ce0, 0x0000023b20903f10]
Event: 212.879 Thread 0x0000023b36094800 4830   !   2       java.lang.ClassLoader::checkCerts (195 bytes)
Event: 212.880 Thread 0x0000023b36094800 nmethod 4830 0x0000023b20904010 code [0x0000023b209042a0, 0x0000023b20904bd0]

GC Heap History (10 events):
Event: 3.397 GC heap before
{Heap before GC invocations=7 (full 0):
 garbage-first heap   total 131072K, used 83228K [0x0000000081e00000, 0x0000000100000000)
  region size 1024K, 76 young (77824K), 5 survivors (5120K)
 Metaspace       used 34041K, capacity 34956K, committed 35200K, reserved 1079296K
  class space    used 4105K, capacity 4454K, committed 4480K, reserved 1048576K
}
Event: 3.410 GC heap after
{Heap after GC invocations=8 (full 0):
 garbage-first heap   total 157696K, used 13180K [0x0000000081e00000, 0x0000000100000000)
  region size 1024K, 8 young (8192K), 8 survivors (8192K)
 Metaspace       used 34041K, capacity 34956K, committed 35200K, reserved 1079296K
  class space    used 4105K, capacity 4454K, committed 4480K, reserved 1048576K
}
Event: 3.499 GC heap before
{Heap before GC invocations=8 (full 0):
 garbage-first heap   total 157696K, used 16252K [0x0000000081e00000, 0x0000000100000000)
  region size 1024K, 12 young (12288K), 8 survivors (8192K)
 Metaspace       used 34571K, capacity 35499K, committed 35584K, reserved 1081344K
  class space    used 4176K, capacity 4527K, committed 4608K, reserved 1048576K
}
Event: 3.514 GC heap after
{Heap after GC invocations=9 (full 0):
 garbage-first heap   total 157696K, used 13579K [0x0000000081e00000, 0x0000000100000000)
  region size 1024K, 6 young (6144K), 6 survivors (6144K)
 Metaspace       used 34571K, capacity 35499K, committed 35584K, reserved 1081344K
  class space    used 4176K, capacity 4527K, committed 4608K, reserved 1048576K
}
Event: 4.261 GC heap before
{Heap before GC invocations=10 (full 0):
 garbage-first heap   total 157696K, used 100619K [0x0000000081e00000, 0x0000000100000000)
  region size 1024K, 92 young (94208K), 6 survivors (6144K)
 Metaspace       used 37768K, capacity 38895K, committed 39040K, reserved 1083392K
  class space    used 4548K, capacity 4977K, committed 4992K, reserved 1048576K
}
Event: 4.270 GC heap after
{Heap after GC invocations=11 (full 0):
 garbage-first heap   total 157696K, used 15280K [0x0000000081e00000, 0x0000000100000000)
  region size 1024K, 8 young (8192K), 8 survivors (8192K)
 Metaspace       used 37768K, capacity 38895K, committed 39040K, reserved 1083392K
  class space    used 4548K, capacity 4977K, committed 4992K, reserved 1048576K
}
Event: 6.147 GC heap before
{Heap before GC invocations=11 (full 0):
 garbage-first heap   total 157696K, used 100272K [0x0000000081e00000, 0x0000000100000000)
  region size 1024K, 92 young (94208K), 8 survivors (8192K)
 Metaspace       used 52602K, capacity 53875K, committed 54016K, reserved 1095680K
  class space    used 6586K, capacity 7069K, committed 7168K, reserved 1048576K
}
Event: 6.161 GC heap after
{Heap after GC invocations=12 (full 0):
 garbage-first heap   total 157696K, used 20173K [0x0000000081e00000, 0x0000000100000000)
  region size 1024K, 11 young (11264K), 11 survivors (11264K)
 Metaspace       used 52602K, capacity 53875K, committed 54016K, reserved 1095680K
  class space    used 6586K, capacity 7069K, committed 7168K, reserved 1048576K
}
Event: 6.990 GC heap before
{Heap before GC invocations=12 (full 0):
 garbage-first heap   total 157696K, used 49869K [0x0000000081e00000, 0x0000000100000000)
  region size 1024K, 41 young (41984K), 11 survivors (11264K)
 Metaspace       used 58306K, capacity 59688K, committed 59736K, reserved 1101824K
  class space    used 7440K, capacity 8008K, committed 8024K, reserved 1048576K
}
Event: 7.007 GC heap after
{Heap after GC invocations=13 (full 0):
 garbage-first heap   total 191488K, used 22205K [0x0000000081e00000, 0x0000000100000000)
  region size 1024K, 8 young (8192K), 8 survivors (8192K)
 Metaspace       used 58306K, capacity 59688K, committed 59736K, reserved 1101824K
  class space    used 7440K, capacity 8008K, committed 8024K, reserved 1048576K
}

Deoptimization events (10 events):
Event: 7.648 Thread 0x0000023b3779b800 Uncommon trap: reason=speculate_class_check action=maybe_recompile pc=0x0000023b27630b3c method=java.lang.reflect.Executable.declaredAnnotations()Ljava/util/Map; @ 23 c2
Event: 7.648 Thread 0x0000023b3779b800 Uncommon trap: reason=speculate_class_check action=maybe_recompile pc=0x0000023b27630b3c method=java.lang.reflect.Executable.declaredAnnotations()Ljava/util/Map; @ 23 c2
Event: 7.649 Thread 0x0000023b3779b800 Uncommon trap: reason=speculate_class_check action=maybe_recompile pc=0x0000023b27630b3c method=java.lang.reflect.Executable.declaredAnnotations()Ljava/util/Map; @ 23 c2
Event: 7.662 Thread 0x0000023b3779b800 Uncommon trap: reason=profile_predicate action=maybe_recompile pc=0x0000023b275497e4 method=java.util.AbstractCollection.toArray([Ljava/lang/Object;)[Ljava/lang/Object; @ 39 c2
Event: 7.730 Thread 0x0000023b3779b800 Uncommon trap: reason=class_check action=maybe_recompile pc=0x0000023b2758d4cc method=java.util.TreeMap.getEntry(Ljava/lang/Object;)Ljava/util/TreeMap$Entry; @ 26 c2
Event: 7.730 Thread 0x0000023b3779b800 Uncommon trap: reason=class_check action=maybe_recompile pc=0x0000023b2758d4cc method=java.util.TreeMap.getEntry(Ljava/lang/Object;)Ljava/util/TreeMap$Entry; @ 26 c2
Event: 7.772 Thread 0x0000023b3779b800 Uncommon trap: reason=class_check action=maybe_recompile pc=0x0000023b27612ce0 method=org.springframework.util.ConcurrentReferenceHashMap$ReferenceManager.pollForPurge()Lorg/springframework/util/ConcurrentReferenceHashMap$Reference; @ 7 c2
Event: 9.535 Thread 0x0000023b3a603000 Uncommon trap: reason=unstable_if action=reinterpret pc=0x0000023b2755c7f0 method=java.net.URL.<init>(Ljava/net/URL;Ljava/lang/String;Ljava/net/URLStreamHandler;)V @ 57 c2
Event: 9.535 Thread 0x0000023b3a603000 Uncommon trap: reason=unstable_if action=reinterpret pc=0x0000023b27575e64 method=java.net.URLStreamHandler.parseURL(Ljava/net/URL;Ljava/lang/String;II)V @ 57 c2
Event: 212.768 Thread 0x0000023b39b0f000 Uncommon trap: reason=unstable_if action=reinterpret pc=0x0000023b2764fc78 method=java.util.Objects.equals(Ljava/lang/Object;Ljava/lang/Object;)Z @ 6 c2

Classes redefined (0 events):
No events

Internal exceptions (10 events):
Event: 7.240 Thread 0x0000023b3779b800 Exception <a 'java/lang/ClassNotFoundException'{0x000000008cd4dd20}: org/springframework/beans/factory/AwareCustomizer> (0x000000008cd4dd20) thrown at [t:/workspace/open/src/hotspot/share/classfile/systemDictionary.cpp, line 231]
Event: 7.413 Thread 0x0000023b3779b800 Exception <a 'java/lang/NoSuchMethodError'{0x000000008c547478}: java.lang.invoke.DirectMethodHandle$Holder.invokeVirtual(Ljava/lang/Object;Ljava/lang/Object;I)V> (0x000000008c547478) thrown at [t:/workspace/open/src/hotspot/share/interpreter/linkResolver.
Event: 7.415 Thread 0x0000023b3779b800 Exception <a 'java/lang/NoSuchMethodError'{0x000000008c561028}: java.lang.invoke.DirectMethodHandle$Holder.invokeVirtual(Ljava/lang/Object;Ljava/lang/Object;J)V> (0x000000008c561028) thrown at [t:/workspace/open/src/hotspot/share/interpreter/linkResolver.
Event: 7.568 Thread 0x0000023b3779b800 Exception <a 'java/lang/IncompatibleClassChangeError'{0x000000008befe4c8}: Found class java.lang.Object, but interface was expected> (0x000000008befe4c8) thrown at [t:/workspace/open/src/hotspot/share/interpreter/linkResolver.cpp, line 838]
Event: 7.617 Thread 0x0000023b3779b800 Exception <a 'java/lang/NoSuchMethodError'{0x000000008bcd2e10}: java.lang.invoke.DirectMethodHandle$Holder.invokeStaticInit(Ljava/lang/Object;Ljava/lang/Object;Ljava/lang/Object;Ljava/lang/Object;)I> (0x000000008bcd2e10) thrown at [t:/workspace/open/src/h
Event: 7.728 Thread 0x0000023b3779b800 Exception <a 'java/lang/NoSuchMethodError'{0x000000008b795e80}: java.lang.invoke.DirectMethodHandle$Holder.invokeSpecial(Ljava/lang/Object;Ljava/lang/Object;ILjava/lang/Object;ILjava/lang/Object;)Ljava/lang/Object;> (0x000000008b795e80) thrown at [t:/work
Event: 7.729 Thread 0x0000023b3779b800 Exception <a 'java/lang/NoSuchMethodError'{0x000000008b79d608}: java.lang.invoke.DirectMethodHandle$Holder.invokeStatic(Ljava/lang/Object;Ljava/lang/Object;ILjava/lang/Object;I)Ljava/lang/Object;> (0x000000008b79d608) thrown at [t:/workspace/open/src/hots
Event: 7.729 Thread 0x0000023b3779b800 Exception <a 'java/lang/NoSuchMethodError'{0x000000008b7a0de0}: java.lang.invoke.DirectMethodHandle$Holder.invokeSpecial(Ljava/lang/Object;Ljava/lang/Object;Ljava/lang/Object;ILjava/lang/Object;I)Ljava/lang/Object;> (0x000000008b7a0de0) thrown at [t:/work
Event: 7.731 Thread 0x0000023b3779b800 Exception <a 'java/lang/NoSuchMethodError'{0x000000008b7abcb0}: java.lang.invoke.DirectMethodHandle$Holder.invokeVirtual(Ljava/lang/Object;Ljava/lang/Object;)V> (0x000000008b7abcb0) thrown at [t:/workspace/open/src/hotspot/share/interpreter/linkResolver.c
Event: 212.754 Thread 0x0000023b39b0f000 Exception <a 'java/lang/NoSuchMethodError'{0x000000008a4c3af8}: java.lang.invoke.DirectMethodHandle$Holder.invokeStaticInit(Ljava/lang/Object;Ljava/lang/Object;Ljava/lang/Object;Ljava/lang/Object;Ljava/lang/Object;Ljava/lang/Object;)Ljava/lang/Object;> (0

Events (10 events):
Event: 212.872 loading class com/fasterxml/jackson/core/json/JsonWriteContext
Event: 212.872 loading class com/fasterxml/jackson/core/json/JsonWriteContext done
Event: 212.874 loading class org/springframework/util/TypeUtils
Event: 212.874 loading class org/springframework/util/TypeUtils done
Event: 212.877 loading class com/fasterxml/jackson/core/util/MinimalPrettyPrinter
Event: 212.877 loading class com/fasterxml/jackson/core/util/MinimalPrettyPrinter done
Event: 212.878 loading class com/fasterxml/jackson/databind/ObjectWriter$GeneratorSettings
Event: 212.878 loading class com/fasterxml/jackson/databind/ObjectWriter$GeneratorSettings done
Event: 212.879 loading class com/fasterxml/jackson/databind/ObjectWriter$Prefetch
Event: 212.879 loading class com/fasterxml/jackson/databind/ObjectWriter$Prefetch done


Dynamic libraries:
0x00007ff666d30000 - 0x00007ff666d75000 	C:\Program Files (x86)\Java\jdk-11.0.2\bin\javaw.exe
0x00007ffc3abf0000 - 0x00007ffc3ade5000 	C:\WINDOWS\SYSTEM32\ntdll.dll
0x00007ffc3a520000 - 0x00007ffc3a5dd000 	C:\WINDOWS\System32\KERNEL32.DLL
0x00007ffc38660000 - 0x00007ffc38929000 	C:\WINDOWS\System32\KERNELBASE.dll
0x00007ffc39380000 - 0x00007ffc39520000 	C:\WINDOWS\System32\USER32.dll
0x00007ffc38a40000 - 0x00007ffc38a62000 	C:\WINDOWS\System32\win32u.dll
0x00007ffc3a4f0000 - 0x00007ffc3a51a000 	C:\WINDOWS\System32\GDI32.dll
0x00007ffc38930000 - 0x00007ffc38a3b000 	C:\WINDOWS\System32\gdi32full.dll
0x00007ffc38400000 - 0x00007ffc3849d000 	C:\WINDOWS\System32\msvcp_win.dll
0x00007ffc38b50000 - 0x00007ffc38c50000 	C:\WINDOWS\System32\ucrtbase.dll
0x00007ffc1fb30000 - 0x00007ffc1fdca000 	C:\WINDOWS\WinSxS\amd64_microsoft.windows.common-controls_6595b64144ccf1df_6.0.19041.844_none_ca00b6081b84eb1d\COMCTL32.dll
0x00007ffc38f20000 - 0x00007ffc38fbe000 	C:\WINDOWS\System32\msvcrt.dll
0x00007ffc3ab80000 - 0x00007ffc3abb0000 	C:\WINDOWS\System32\IMM32.DLL
0x00007ffc24a40000 - 0x00007ffc24a56000 	C:\Program Files (x86)\Java\jdk-11.0.2\bin\vcruntime140.dll
0x00007ffc02ae0000 - 0x00007ffc02b8a000 	C:\Program Files (x86)\Java\jdk-11.0.2\bin\msvcp140.dll
0x00007ffbf7db0000 - 0x00007ffbf88d3000 	C:\Program Files (x86)\Java\jdk-11.0.2\bin\server\jvm.dll
0x00007ffc3a260000 - 0x00007ffc3a30c000 	C:\WINDOWS\System32\ADVAPI32.dll
0x00007ffc3a1c0000 - 0x00007ffc3a25c000 	C:\WINDOWS\System32\sechost.dll
0x00007ffc3a3c0000 - 0x00007ffc3a4eb000 	C:\WINDOWS\System32\RPCRT4.dll
0x00007ffc3ab00000 - 0x00007ffc3ab08000 	C:\WINDOWS\System32\PSAPI.DLL
0x00007ffc28900000 - 0x00007ffc28909000 	C:\WINDOWS\SYSTEM32\WSOCK32.dll
0x00007ffc29e20000 - 0x00007ffc29e47000 	C:\WINDOWS\SYSTEM32\WINMM.dll
0x00007ffc3ab10000 - 0x00007ffc3ab7b000 	C:\WINDOWS\System32\WS2_32.dll
0x00007ffc2ba60000 - 0x00007ffc2ba6a000 	C:\WINDOWS\SYSTEM32\VERSION.dll
0x00007ffc36c10000 - 0x00007ffc36c22000 	C:\WINDOWS\SYSTEM32\kernel.appcore.dll
0x00007ffc24a20000 - 0x00007ffc24a31000 	C:\Program Files (x86)\Java\jdk-11.0.2\bin\verify.dll
0x00007ffc36260000 - 0x00007ffc36444000 	C:\WINDOWS\SYSTEM32\DBGHELP.DLL
0x00007ffc22730000 - 0x00007ffc2275c000 	C:\WINDOWS\SYSTEM32\dbgcore.DLL
0x00007ffc38330000 - 0x00007ffc383b0000 	C:\WINDOWS\System32\bcryptPrimitives.dll
0x00007ffc1d920000 - 0x00007ffc1d948000 	C:\Program Files (x86)\Java\jdk-11.0.2\bin\java.dll
0x00007ffc24a00000 - 0x00007ffc24a16000 	C:\Program Files (x86)\Java\jdk-11.0.2\bin\zip.dll
0x00007ffc28470000 - 0x00007ffc2847a000 	C:\Program Files (x86)\Java\jdk-11.0.2\bin\jimage.dll
0x00007ffc39940000 - 0x00007ffc3a082000 	C:\WINDOWS\System32\SHELL32.dll
0x00007ffc36470000 - 0x00007ffc36c00000 	C:\WINDOWS\SYSTEM32\windows.storage.dll
0x00007ffc39580000 - 0x00007ffc398d5000 	C:\WINDOWS\System32\combase.dll
0x00007ffc37d30000 - 0x00007ffc37d5c000 	C:\WINDOWS\SYSTEM32\Wldp.dll
0x00007ffc3a310000 - 0x00007ffc3a3be000 	C:\WINDOWS\System32\SHCORE.dll
0x00007ffc398e0000 - 0x00007ffc39935000 	C:\WINDOWS\System32\shlwapi.dll
0x00007ffc38270000 - 0x00007ffc3828f000 	C:\WINDOWS\SYSTEM32\profapi.dll
0x00007ffc1b600000 - 0x00007ffc1b619000 	C:\Program Files (x86)\Java\jdk-11.0.2\bin\net.dll
0x00007ffc339e0000 - 0x00007ffc33bce000 	C:\WINDOWS\SYSTEM32\urlmon.dll
0x00007ffc28330000 - 0x00007ffc2843c000 	C:\WINDOWS\SYSTEM32\WINHTTP.dll
0x00007ffc33730000 - 0x00007ffc339e0000 	C:\WINDOWS\SYSTEM32\iertutil.dll
0x00007ffc37ab0000 - 0x00007ffc37b1a000 	C:\WINDOWS\system32\mswsock.dll
0x00007ffc16b60000 - 0x00007ffc16b73000 	C:\Program Files (x86)\Java\jdk-11.0.2\bin\nio.dll
0x00007ffc24cc0000 - 0x00007ffc24cc9000 	C:\Program Files (x86)\Java\jdk-11.0.2\bin\management.dll
0x00007ffc24c90000 - 0x00007ffc24c9c000 	C:\Program Files (x86)\Java\jdk-11.0.2\bin\management_ext.dll
0x00007ffc21050000 - 0x00007ffc21067000 	C:\WINDOWS\system32\napinsp.dll
0x00007ffc20eb0000 - 0x00007ffc20ecb000 	C:\WINDOWS\system32\pnrpnsp.dll
0x00007ffc21030000 - 0x00007ffc21045000 	C:\WINDOWS\system32\wshbth.dll
0x00007ffc32e00000 - 0x00007ffc32e1d000 	C:\WINDOWS\system32\NLAapi.dll
0x00007ffc377a0000 - 0x00007ffc377db000 	C:\WINDOWS\SYSTEM32\IPHLPAPI.DLL
0x00007ffc377e0000 - 0x00007ffc378ab000 	C:\WINDOWS\SYSTEM32\DNSAPI.dll
0x00007ffc39240000 - 0x00007ffc39248000 	C:\WINDOWS\System32\NSI.dll
0x00007ffc21010000 - 0x00007ffc21022000 	C:\WINDOWS\System32\winrnr.dll
0x00007ffc280a0000 - 0x00007ffc280aa000 	C:\Windows\System32\rasadhlp.dll
0x00007ffc280e0000 - 0x00007ffc2815f000 	C:\WINDOWS\System32\fwpuclnt.dll
0x00007ffc38a70000 - 0x00007ffc38a97000 	C:\WINDOWS\System32\bcrypt.dll
0x00007ffc37c80000 - 0x00007ffc37c98000 	C:\WINDOWS\SYSTEM32\CRYPTSP.dll
0x00007ffc373f0000 - 0x00007ffc37424000 	C:\WINDOWS\system32\rsaenh.dll
0x00007ffc38230000 - 0x00007ffc3825e000 	C:\WINDOWS\SYSTEM32\USERENV.dll
0x00007ffc37ca0000 - 0x00007ffc37cac000 	C:\WINDOWS\SYSTEM32\CRYPTBASE.dll
0x00007ffc2b070000 - 0x00007ffc2b087000 	C:\WINDOWS\SYSTEM32\dhcpcsvc6.DLL
0x00007ffc2b2d0000 - 0x00007ffc2b2ed000 	C:\WINDOWS\SYSTEM32\dhcpcsvc.DLL
0x00007ffc21ee0000 - 0x00007ffc21eed000 	C:\Program Files (x86)\Java\jdk-11.0.2\bin\sunmscapi.dll
0x00007ffc38500000 - 0x00007ffc3865f000 	C:\WINDOWS\System32\CRYPT32.dll
0x00007ffc37da0000 - 0x00007ffc37dc7000 	C:\WINDOWS\SYSTEM32\ncrypt.dll
0x00007ffc37d60000 - 0x00007ffc37d9b000 	C:\WINDOWS\SYSTEM32\NTASN1.dll
0x00007ffc13cd0000 - 0x00007ffc13cf7000 	C:\Program Files (x86)\Java\jdk-11.0.2\bin\sunec.dll

dbghelp: loaded successfully - version: 4.0.5 - missing functions: none
symbol engine: initialized successfully - sym options: 0x614 - pdb path: .;C:\Program Files (x86)\Java\jdk-11.0.2\bin;C:\WINDOWS\SYSTEM32;C:\WINDOWS\WinSxS\amd64_microsoft.windows.common-controls_6595b64144ccf1df_6.0.19041.844_none_ca00b6081b84eb1d;C:\Program Files (x86)\Java\jdk-11.0.2\bin\server

VM Arguments:
jvm_args: -Dfile.encoding=UTF-8 
java_command: br.com.easybank.EasybankApplication
java_class_path (initial): C:\Users\rickt\eclipse-workspace\easybank\target\classes;C:\Users\rickt\.m2\repository\org\springframework\boot\spring-boot-starter-data-jpa\2.4.4\spring-boot-starter-data-jpa-2.4.4.jar;C:\Users\rickt\.m2\repository\org\springframework\boot\spring-boot-starter-aop\2.4.4\spring-boot-starter-aop-2.4.4.jar;C:\Users\rickt\.m2\repository\org\springframework\spring-aop\5.3.5\spring-aop-5.3.5.jar;C:\Users\rickt\.m2\repository\org\aspectj\aspectjweaver\1.9.6\aspectjweaver-1.9.6.jar;C:\Users\rickt\.m2\repository\org\springframework\boot\spring-boot-starter-jdbc\2.4.4\spring-boot-starter-jdbc-2.4.4.jar;C:\Users\rickt\.m2\repository\com\zaxxer\HikariCP\3.4.5\HikariCP-3.4.5.jar;C:\Users\rickt\.m2\repository\org\springframework\spring-jdbc\5.3.5\spring-jdbc-5.3.5.jar;C:\Users\rickt\.m2\repository\jakarta\transaction\jakarta.transaction-api\1.3.3\jakarta.transaction-api-1.3.3.jar;C:\Users\rickt\.m2\repository\jakarta\persistence\jakarta.persistence-api\2.2.3\jakarta.persistence-api-2.2.3.jar;C:\Users\rickt\.m2\repository\org\hibernate\hibernate-core\5.4.29.Final\hibernate-core-5.4.29.Final.jar;C:\Users\rickt\.m2\repository\org\javassist\javassist\3.27.0-GA\javassist-3.27.0-GA.jar;C:\Users\rickt\.m2\repository\net\bytebuddy\byte-buddy\1.10.22\byte-buddy-1.10.22.jar;C:\Users\rickt\.m2\repository\antlr\antlr\2.7.7\antlr-2.7.7.jar;C:\Users\rickt\.m2\repository\org\jboss\jandex\2.2.3.Final\jandex-2.2.3.Final.jar;C:\Users\rickt\.m2\repository\org\dom4j\dom4j\2.1.3\dom4j-2.1.3.jar;C:\Users\rickt\.m2\repository\org\hibernate\common\hibernate-commons-annotations\5.1.2.Final\hibernate-commons-annotations-5.1.2.Final.jar;C:\Users\rickt\.m2\repository\org\glassfish\jaxb\jaxb-runtime\2.3.3\jaxb-runtime-2.3.3.jar;C:\Users\rickt\.m2\repository\org\glassfish\jaxb\txw2\2.3.3\txw2-2.3.3.jar;C:\Users\rickt\.m2\repository\com\sun\istack\istack-commons-runtime\3.0.11\istack-commons-runtime-3.0.11.jar;C:\Users\rickt\.m2\repository\com\sun\activation\jakarta.activation\1.2.
Launcher Type: SUN_STANDARD

[Global flags]
     intx CICompilerCount                          = 3                                         {product} {ergonomic}
     uint ConcGCThreads                            = 1                                         {product} {ergonomic}
     uint G1ConcRefinementThreads                  = 4                                         {product} {ergonomic}
   size_t G1HeapRegionSize                         = 1048576                                   {product} {ergonomic}
    uintx GCDrainStackTargetSize                   = 64                                        {product} {ergonomic}
   size_t InitialHeapSize                          = 134217728                                 {product} {ergonomic}
   size_t MarkStackSize                            = 4194304                                   {product} {ergonomic}
   size_t MaxHeapSize                              = 2116026368                                {product} {ergonomic}
   size_t MaxNewSize                               = 1268776960                                {product} {ergonomic}
   size_t MinHeapDeltaBytes                        = 1048576                                   {product} {ergonomic}
    uintx NonNMethodCodeHeapSize                   = 5830092                                {pd product} {ergonomic}
    uintx NonProfiledCodeHeapSize                  = 122914074                              {pd product} {ergonomic}
    uintx ProfiledCodeHeapSize                     = 122914074                              {pd product} {ergonomic}
    uintx ReservedCodeCacheSize                    = 251658240                              {pd product} {ergonomic}
     bool SegmentedCodeCache                       = true                                      {product} {ergonomic}
     bool UseCompressedClassPointers               = true                                 {lp64_product} {ergonomic}
     bool UseCompressedOops                        = true                                 {lp64_product} {ergonomic}
     bool UseG1GC                                  = true                                      {product} {ergonomic}
     bool UseLargePagesIndividualAllocation        = false                                  {pd product} {ergonomic}

Logging:
Log output configuration:
 #0: stdout all=warning uptime,level,tags
 #1: stderr all=off uptime,level,tags

Environment Variables:
PATH=C:/Users/rickt/.p2/pool/plugins/org.eclipse.justj.openjdk.hotspot.jre.full.win32.x86_64_15.0.2.v20210201-0955/jre/bin/server;C:/Users/rickt/.p2/pool/plugins/org.eclipse.justj.openjdk.hotspot.jre.full.win32.x86_64_15.0.2.v20210201-0955/jre/bin;C:\Program Files (x86)\Common Files\Oracle\Java\javapath;C:\Windows\system32;C:\Windows;C:\Windows\System32\Wbem;C:\Windows\System32\WindowsPowerShell\v1.0\;C:\Program Files (x86)\NVIDIA Corporation\PhysX\Common;C:\WINDOWS\system32;C:\WINDOWS;C:\WINDOWS\System32\Wbem;C:\WINDOWS\System32\WindowsPowerShell\v1.0\;C:\WINDOWS\System32\OpenSSH\;C:\WINDOWS\system32;C:\WINDOWS;C:\WINDOWS\System32\Wbem;C:\WINDOWS\System32\WindowsPowerShell\v1.0\;C:\WINDOWS\System32\OpenSSH\;C:\Program Files\Git\cmd;C:\Program Files\MySQL\MySQL Shell 8.0\bin\;C:\Users\rickt\AppData\Local\Microsoft\WindowsApps;;C:\Users\rickt\AppData\Local\Programs\Microsoft VS Code\bin;C:\Users\rickt\Desktop;
USERNAME=rickt
OS=Windows_NT
PROCESSOR_IDENTIFIER=Intel64 Family 6 Model 142 Stepping 9, GenuineIntel



---------------  S Y S T E M  ---------------

OS: Windows 10 , 64 bit Build 19041 (10.0.19041.804)

CPU:total 4 (initial active 4) (2 cores per cpu, 2 threads per core) family 6 model 142 stepping 9, cmov, cx8, fxsr, mmx, sse, sse2, sse3, ssse3, sse4.1, sse4.2, popcnt, avx, avx2, aes, clmul, erms, 3dnowpref, lzcnt, ht, tsc, tscinvbit, bmi1, bmi2, adx, fma

Memory: 4k page, system-wide physical 8066M (1172M free)
TotalPageFile size 8066M (AvailPageFile size 305M)
current process WorkingSet (physical memory assigned to process): 306M, peak: 350M
current process commit charge ("private bytes"): 368M, peak: 413M

vm_info: OpenJDK 64-Bit Server VM (11.0.2+9) for windows-amd64 JRE (11.0.2+9), built on Jan 18 2019 05:23:22 by "mach5one" with MS VC++ 15.5 (VS2017)

END.
